Log file open, 06/22/20 18:08:59
LogWindows: Failed to load 'aqProf.dll' (GetLastError=126)
LogWindows: File 'aqProf.dll' does not exist
LogWindows: Failed to load 'VtuneApi.dll' (GetLastError=126)
LogWindows: File 'VtuneApi.dll' does not exist
LogWindows: Failed to load 'VtuneApi32e.dll' (GetLastError=126)
LogWindows: File 'VtuneApi32e.dll' does not exist
LogConsoleResponse: Display: Failed to find resolution value strings in scalability ini. Falling back to default.
LogInit: Display: Running engine for game: CoopGame
LogPakFile: Registered encryption key '00000000000000000000000000000000': 0 pak files mounted, 0 remain pending
LogPlatformFile: Not using cached read wrapper
LogTaskGraph: Started task graph with 5 named threads and 23 total threads with 3 sets of task threads.
LogStats: Stats thread started at 0.263026
LogD3D11RHI: Loaded GFSDK_Aftermath_Lib.x64.dll
LogICUInternationalization: ICU TimeZone Detection - Raw Offset: +1:00, Platform Override: ''
LogPluginManager: Mounting plugin Paper2D
LogPluginManager: Mounting plugin AISupport
LogPluginManager: Mounting plugin LightPropagationVolume
LogPluginManager: Mounting plugin ActorLayerUtilities
LogPluginManager: Mounting plugin AnimationSharing
LogPluginManager: Mounting plugin CLionSourceCodeAccess
LogPluginManager: Mounting plugin CodeLiteSourceCodeAccess
LogPluginManager: Mounting plugin GitSourceControl
LogPluginManager: Mounting plugin KDevelopSourceCodeAccess
LogPluginManager: Mounting plugin NullSourceCodeAccess
LogPluginManager: Mounting plugin PerforceSourceControl
LogPluginManager: Mounting plugin SubversionSourceControl
LogPluginManager: Mounting plugin UObjectPlugin
LogPluginManager: Mounting plugin VisualStudioCodeSourceCodeAccess
LogPluginManager: Mounting plugin VisualStudioSourceCodeAccess
LogPluginManager: Mounting plugin XCodeSourceCodeAccess
LogPluginManager: Mounting plugin AssetManagerEditor
LogPluginManager: Mounting plugin CryptoKeys
LogPluginManager: Mounting plugin DataValidation
LogPluginManager: Mounting plugin FacialAnimation
LogPluginManager: Mounting plugin GameplayTagsEditor
LogPluginManager: Mounting plugin MacGraphicsSwitching
LogPluginManager: Mounting plugin MaterialAnalyzer
LogPluginManager: Mounting plugin MobileLauncherProfileWizard
LogPluginManager: Mounting plugin PluginBrowser
LogPluginManager: Mounting plugin SpeedTreeImporter
LogPluginManager: Mounting plugin DatasmithContent
LogPluginManager: Mounting plugin VariantManagerContent
LogPluginManager: Mounting plugin AlembicImporter
LogPluginManager: Mounting plugin AppleImageUtils
LogPluginManager: Mounting plugin AppleVision
LogPluginManager: Mounting plugin BackChannel
LogPluginManager: Mounting plugin CharacterAI
LogPluginManager: Mounting plugin GeometryCache
LogPluginManager: Mounting plugin HTML5Networking
LogPluginManager: Mounting plugin ProxyLODPlugin
LogPluginManager: Mounting plugin SkeletalReduction
LogPluginManager: Mounting plugin MagicLeap
LogPluginManager: Mounting plugin MagicLeapMedia
LogPluginManager: Mounting plugin AndroidMedia
LogPluginManager: Mounting plugin AvfMedia
LogPluginManager: Mounting plugin ImgMedia
LogPluginManager: Mounting plugin LinearTimecode
LogPluginManager: Mounting plugin MediaCompositing
LogPluginManager: Mounting plugin MediaPlayerEditor
LogPluginManager: Mounting plugin WebMMedia
LogPluginManager: Mounting plugin WmfMedia
LogPluginManager: Mounting plugin TcpMessaging
LogPluginManager: Mounting plugin UdpMessaging
LogPluginManager: Mounting plugin ActorSequence
LogPluginManager: Mounting plugin LevelSequenceEditor
LogPluginManager: Mounting plugin MatineeToLevelSequence
LogPluginManager: Mounting plugin NetcodeUnitTest
LogPluginManager: Mounting plugin NUTUnrealEngine4
LogPluginManager: Mounting plugin OnlineSubsystemGooglePlay
LogPluginManager: Mounting plugin OnlineSubsystemIOS
LogPluginManager: Mounting plugin OnlineSubsystem
LogPluginManager: Mounting plugin OnlineSubsystemNull
LogPluginManager: Mounting plugin OnlineSubsystemUtils
LogPluginManager: Mounting plugin LauncherChunkInstaller
LogPluginManager: Mounting plugin AndroidDeviceProfileSelector
LogPluginManager: Mounting plugin AndroidMoviePlayer
LogPluginManager: Mounting plugin AndroidPermission
LogPluginManager: Mounting plugin AppleMoviePlayer
LogPluginManager: Mounting plugin ArchVisCharacter
LogPluginManager: Mounting plugin AudioCapture
LogPluginManager: Mounting plugin CableComponent
LogPluginManager: Mounting plugin CustomMeshComponent
LogPluginManager: Mounting plugin EditableMesh
LogPluginManager: Mounting plugin ExampleDeviceProfileSelector
LogPluginManager: Mounting plugin Firebase
LogPluginManager: Mounting plugin GoogleCloudMessaging
LogPluginManager: Mounting plugin IOSDeviceProfileSelector
LogPluginManager: Mounting plugin LinuxDeviceProfileSelector
LogPluginManager: Mounting plugin LocationServicesBPLibrary
LogPluginManager: Mounting plugin MobilePatchingUtils
LogPluginManager: Mounting plugin OculusVR
LogPluginManager: Mounting plugin PhysXVehicles
LogPluginManager: Mounting plugin ProceduralMeshComponent
LogPluginManager: Mounting plugin RuntimePhysXCooking
LogPluginManager: Mounting plugin SignificanceManager
LogPluginManager: Mounting plugin WebMMoviePlayer
LogPluginManager: Mounting plugin WindowsMoviePlayer
LogInit: Using libcurl 7.55.1-DEV
LogInit:  - built for x86_64-pc-win32
LogInit:  - supports SSL with OpenSSL/1.1.1
LogInit:  - supports HTTP deflate (compression) using libz 1.2.8
LogInit:  - other features:
LogInit:      CURL_VERSION_SSL
LogInit:      CURL_VERSION_LIBZ
LogInit:      CURL_VERSION_IPV6
LogInit:      CURL_VERSION_ASYNCHDNS
LogInit:      CURL_VERSION_LARGEFILE
LogInit:      CURL_VERSION_IDN
LogInit:  CurlRequestOptions (configurable via config and command line):
LogInit:  - bVerifyPeer = true  - Libcurl will verify peer certificate
LogInit:  - bUseHttpProxy = false  - Libcurl will NOT use HTTP proxy
LogInit:  - bDontReuseConnections = false  - Libcurl will reuse connections
LogInit:  - MaxHostConnections = 16  - Libcurl will limit the number of connections to a host
LogInit:  - LocalHostAddr = Default
LogInit:  - BufferSize = 65536
LogInit: WinSock: version 1.1 (2.2), MaxSocks=32767, MaxUdp=65467
LogInit: Build: ++UE4+Release-4.22-CL-7053642
LogInit: Engine Version: 4.22.3-7053642+++UE4+Release-4.22
LogInit: Compatible Engine Version: 4.22.0-5660361+++UE4+Release-4.22
LogInit: Net CL: 5660361
LogInit: OS: Windows 10 (Release 1903) (), CPU: Intel(R) Core(TM) i7-6700K CPU @ 4.00GHz, GPU: NVIDIA GeForce GTX 970
LogInit: Compiled (64-bit): Jun 18 2019 03:09:11
LogInit: Compiled with Visual C++: 19.16.27025.01
LogInit: Build Configuration: Development
LogInit: Branch Name: ++UE4+Release-4.22
LogInit: Command Line:  -EpicPortal -epicusername=Blackmaxic -epicuserid=6612d62754d34bd8b7fbed12a18e7a5a -epiclocale=en
LogInit: Base Directory: C:/Program Files/Epic Games/UE_4.22/Engine/Binaries/Win64/
LogInit: Installed Engine Build: 1
LogDevObjectVersion: Number of dev versions registered: 23
LogDevObjectVersion:   Dev-Blueprints (B0D832E4-1F89-4F0D-ACCF-7EB736FD4AA2): 10
LogDevObjectVersion:   Dev-Build (E1C64328-A22C-4D53-A36C-8E866417BD8C): 0
LogDevObjectVersion:   Dev-Core (375EC13C-06E4-48FB-B500-84F0262A717E): 3
LogDevObjectVersion:   Dev-Editor (E4B068ED-F494-42E9-A231-DA0B2E46BB41): 30
LogDevObjectVersion:   Dev-Framework (CFFC743F-43B0-4480-9391-14DF171D2073): 35
LogDevObjectVersion:   Dev-Mobile (B02B49B5-BB20-44E9-A304-32B752E40360): 2
LogDevObjectVersion:   Dev-Networking (A4E4105C-59A1-49B5-A7C5-40C4547EDFEE): 0
LogDevObjectVersion:   Dev-Online (39C831C9-5AE6-47DC-9A44-9C173E1C8E7C): 0
LogDevObjectVersion:   Dev-Physics (78F01B33-EBEA-4F98-B9B4-84EACCB95AA2): 0
LogDevObjectVersion:   Dev-Platform (6631380F-2D4D-43E0-8009-CF276956A95A): 0
LogDevObjectVersion:   Dev-Rendering (12F88B9F-8875-4AFC-A67C-D90C383ABD29): 28
LogDevObjectVersion:   Dev-Sequencer (7B5AE74C-D270-4C10-A958-57980B212A5A): 11
LogDevObjectVersion:   Dev-VR (D7296918-1DD6-4BDD-9DE2-64A83CC13884): 2
LogDevObjectVersion:   Dev-LoadTimes (C2A15278-BFE7-4AFE-6C17-90FF531DF755): 1
LogDevObjectVersion:   Private-Geometry (6EACA3D4-40EC-4CC1-B786-8BED09428FC5): 3
LogDevObjectVersion:   Dev-AnimPhys (29E575DD-E0A3-4627-9D10-D276232CDCEA): 17
LogDevObjectVersion:   Dev-Anim (AF43A65D-7FD3-4947-9873-3E8ED9C1BB05): 2
LogDevObjectVersion:   Dev-ReflectionCapture (6B266CEC-1EC7-4B8F-A30B-E4D90942FC07): 1
LogDevObjectVersion:   Dev-Automation (0DF73D61-A23F-47EA-B727-89E90C41499A): 1
LogDevObjectVersion:   FortniteMain (601D1886-AC64-4F84-AA16-D3DE0DEAC7D6): 25
LogDevObjectVersion:   Dev-Enterprise (9DFFBCD6-494F-0158-E221-12823C92A888): 6
LogDevObjectVersion:   Dev-Niagara (F2AED0AC-9AFE-416F-8664-AA7FFA26D6FC): 1
LogDevObjectVersion:   Dev-Destruction (174F1F0B-B4C6-45A5-B13F-2EE8D0FB917D): 2
LogInit: Presizing for max 16777216 objects, including 0 objects not considered by GC, pre-allocating 0 bytes for permanent pool.
LogInit: Object subsystem initialized
LogConfig: Setting CVar [[con.DebugEarlyDefault:1]]
LogConfig: Setting CVar [[r.setres:1280x720]]
[2020.06.22-16.08.59:598][  0]LogConfig: Setting CVar [[r.VSync:0]]
[2020.06.22-16.08.59:598][  0]LogConfig: Setting CVar [[r.RHICmdBypass:0]]
[2020.06.22-16.08.59:598][  0]LogConfig: Applying CVar settings from Section [/Script/Engine.RendererSettings] File [D:/GitHub/UnrealEngine/CoopGame/Saved/Config/Windows/Engine.ini]
[2020.06.22-16.08.59:598][  0]LogConfig: Setting CVar [[r.GPUCrashDebugging:0]]
[2020.06.22-16.08.59:598][  0]LogConfig: Setting CVar [[r.DefaultFeature.AutoExposure.ExtendDefaultLuminanceRange:1]]
[2020.06.22-16.08.59:598][  0]LogConfig: Applying CVar settings from Section [/Script/Engine.RendererOverrideSettings] File [D:/GitHub/UnrealEngine/CoopGame/Saved/Config/Windows/Engine.ini]
[2020.06.22-16.08.59:598][  0]LogConfig: Applying CVar settings from Section [/Script/Engine.StreamingSettings] File [D:/GitHub/UnrealEngine/CoopGame/Saved/Config/Windows/Engine.ini]
[2020.06.22-16.08.59:598][  0]LogConfig: Setting CVar [[s.MinBulkDataSizeForAsyncLoading:131072]]
[2020.06.22-16.08.59:598][  0]LogConfig: Setting CVar [[s.AsyncLoadingThreadEnabled:0]]
[2020.06.22-16.08.59:598][  0]LogConfig: Setting CVar [[s.EventDrivenLoaderEnabled:1]]
[2020.06.22-16.08.59:598][  0]LogConfig: Setting CVar [[s.WarnIfTimeLimitExceeded:0]]
[2020.06.22-16.08.59:598][  0]LogConfig: Setting CVar [[s.TimeLimitExceededMultiplier:1.5]]
[2020.06.22-16.08.59:598][  0]LogConfig: Setting CVar [[s.TimeLimitExceededMinTime:0.005]]
[2020.06.22-16.08.59:598][  0]LogConfig: Setting CVar [[s.UseBackgroundLevelStreaming:1]]
[2020.06.22-16.08.59:598][  0]LogConfig: Setting CVar [[s.PriorityAsyncLoadingExtraTime:15.0]]
[2020.06.22-16.08.59:598][  0]LogConfig: Setting CVar [[s.LevelStreamingActorsUpdateTimeLimit:5.0]]
[2020.06.22-16.08.59:598][  0]LogConfig: Setting CVar [[s.PriorityLevelStreamingActorsUpdateExtraTime:5.0]]
[2020.06.22-16.08.59:598][  0]LogConfig: Setting CVar [[s.LevelStreamingComponentsRegistrationGranularity:10]]
[2020.06.22-16.08.59:598][  0]LogConfig: Setting CVar [[s.UnregisterComponentsTimeLimit:1.0]]
[2020.06.22-16.08.59:598][  0]LogConfig: Setting CVar [[s.LevelStreamingComponentsUnregistrationGranularity:5]]
[2020.06.22-16.08.59:598][  0]LogConfig: Applying CVar settings from Section [/Script/Engine.GarbageCollectionSettings] File [D:/GitHub/UnrealEngine/CoopGame/Saved/Config/Windows/Engine.ini]
[2020.06.22-16.08.59:598][  0]LogConfig: Setting CVar [[gc.MaxObjectsNotConsideredByGC:1]]
[2020.06.22-16.08.59:598][  0]LogConfig: Setting CVar [[gc.SizeOfPermanentObjectPool:0]]
[2020.06.22-16.08.59:598][  0]LogConfig: Setting CVar [[gc.FlushStreamingOnGC:0]]
[2020.06.22-16.08.59:598][  0]LogConfig: Setting CVar [[gc.NumRetriesBeforeForcingGC:10]]
[2020.06.22-16.08.59:598][  0]LogConfig: Setting CVar [[gc.AllowParallelGC:1]]
[2020.06.22-16.08.59:598][  0]LogConfig: Setting CVar [[gc.TimeBetweenPurgingPendingKillObjects:61.1]]
[2020.06.22-16.08.59:598][  0]LogConfig: Setting CVar [[gc.MaxObjectsInEditor:16777216]]
[2020.06.22-16.08.59:598][  0]LogConfig: Setting CVar [[gc.IncrementalBeginDestroyEnabled:1]]
[2020.06.22-16.08.59:598][  0]LogConfig: Setting CVar [[gc.CreateGCClusters:1]]
[2020.06.22-16.08.59:598][  0]LogConfig: Setting CVar [[gc.MinGCClusterSize:5]]
[2020.06.22-16.08.59:598][  0]LogConfig: Setting CVar [[gc.ActorClusteringEnabled:0]]
[2020.06.22-16.08.59:598][  0]LogConfig: Setting CVar [[gc.BlueprintClusteringEnabled:0]]
[2020.06.22-16.08.59:598][  0]LogConfig: Setting CVar [[gc.UseDisregardForGCOnDedicatedServers:0]]
[2020.06.22-16.08.59:598][  0]LogConfig: Applying CVar settings from Section [/Script/Engine.NetworkSettings] File [D:/GitHub/UnrealEngine/CoopGame/Saved/Config/Windows/Engine.ini]
[2020.06.22-16.08.59:598][  0]LogConfig: Applying CVar settings from Section [/Script/UnrealEd.CookerSettings] File [D:/GitHub/UnrealEngine/CoopGame/Saved/Config/Windows/Engine.ini]
[2020.06.22-16.08.59:603][  0]LogConfig: Applying CVar settings from Section [ViewDistanceQuality@3] File [D:/GitHub/UnrealEngine/CoopGame/Saved/Config/Windows/Scalability.ini]
[2020.06.22-16.08.59:603][  0]LogConfig: Setting CVar [[r.SkeletalMeshLODBias:0]]
[2020.06.22-16.08.59:603][  0]LogConfig: Setting CVar [[r.ViewDistanceScale:1.0]]
[2020.06.22-16.08.59:603][  0]LogConfig: Applying CVar settings from Section [AntiAliasingQuality@3] File [D:/GitHub/UnrealEngine/CoopGame/Saved/Config/Windows/Scalability.ini]
[2020.06.22-16.08.59:603][  0]LogConfig: Setting CVar [[r.PostProcessAAQuality:4]]
[2020.06.22-16.08.59:603][  0]LogConfig: Applying CVar settings from Section [ShadowQuality@3] File [D:/GitHub/UnrealEngine/CoopGame/Saved/Config/Windows/Scalability.ini]
[2020.06.22-16.08.59:603][  0]LogConfig: Setting CVar [[r.LightFunctionQuality:1]]
[2020.06.22-16.08.59:603][  0]LogConfig: Setting CVar [[r.ShadowQuality:5]]
[2020.06.22-16.08.59:603][  0]LogConfig: Setting CVar [[r.Shadow.CSM.MaxCascades:10]]
[2020.06.22-16.08.59:603][  0]LogConfig: Setting CVar [[r.Shadow.MaxResolution:2048]]
[2020.06.22-16.08.59:603][  0]LogConfig: Setting CVar [[r.Shadow.MaxCSMResolution:2048]]
[2020.06.22-16.08.59:603][  0]LogConfig: Setting CVar [[r.Shadow.RadiusThreshold:0.01]]
[2020.06.22-16.08.59:603][  0]LogConfig: Setting CVar [[r.Shadow.DistanceScale:1.0]]
[2020.06.22-16.08.59:603][  0]LogConfig: Setting CVar [[r.Shadow.CSM.TransitionScale:1.0]]
[2020.06.22-16.08.59:603][  0]LogConfig: Setting CVar [[r.Shadow.PreShadowResolutionFactor:1.0]]
[2020.06.22-16.08.59:603][  0]LogConfig: Setting CVar [[r.DistanceFieldShadowing:1]]
[2020.06.22-16.08.59:603][  0]LogConfig: Setting CVar [[r.DistanceFieldAO:1]]
[2020.06.22-16.08.59:603][  0]LogConfig: Setting CVar [[r.AOQuality:2]]
[2020.06.22-16.08.59:603][  0]LogConfig: Setting CVar [[r.VolumetricFog:1]]
[2020.06.22-16.08.59:603][  0]LogConfig: Setting CVar [[r.VolumetricFog.GridPixelSize:8]]
[2020.06.22-16.08.59:603][  0]LogConfig: Setting CVar [[r.VolumetricFog.GridSizeZ:128]]
[2020.06.22-16.08.59:603][  0]LogConfig: Setting CVar [[r.VolumetricFog.HistoryMissSupersampleCount:4]]
[2020.06.22-16.08.59:603][  0]LogConfig: Setting CVar [[r.LightMaxDrawDistanceScale:1]]
[2020.06.22-16.08.59:603][  0]LogConfig: Setting CVar [[r.CapsuleShadows:1]]
[2020.06.22-16.08.59:603][  0]LogConfig: Applying CVar settings from Section [PostProcessQuality@3] File [D:/GitHub/UnrealEngine/CoopGame/Saved/Config/Windows/Scalability.ini]
[2020.06.22-16.08.59:603][  0]LogConfig: Setting CVar [[r.MotionBlurQuality:4]]
[2020.06.22-16.08.59:603][  0]LogConfig: Setting CVar [[r.AmbientOcclusionMipLevelFactor:0.4]]
[2020.06.22-16.08.59:603][  0]LogConfig: Setting CVar [[r.AmbientOcclusionMaxQuality:100]]
[2020.06.22-16.08.59:603][  0]LogConfig: Setting CVar [[r.AmbientOcclusionLevels:-1]]
[2020.06.22-16.08.59:603][  0]LogConfig: Setting CVar [[r.AmbientOcclusionRadiusScale:1.0]]
[2020.06.22-16.08.59:603][  0]LogConfig: Setting CVar [[r.DepthOfFieldQuality:2]]
[2020.06.22-16.08.59:603][  0]LogConfig: Setting CVar [[r.RenderTargetPoolMin:400]]
[2020.06.22-16.08.59:603][  0]LogConfig: Setting CVar [[r.LensFlareQuality:2]]
[2020.06.22-16.08.59:603][  0]LogConfig: Setting CVar [[r.SceneColorFringeQuality:1]]
[2020.06.22-16.08.59:603][  0]LogConfig: Setting CVar [[r.EyeAdaptationQuality:2]]
[2020.06.22-16.08.59:603][  0]LogConfig: Setting CVar [[r.BloomQuality:5]]
[2020.06.22-16.08.59:603][  0]LogConfig: Setting CVar [[r.FastBlurThreshold:100]]
[2020.06.22-16.08.59:603][  0]LogConfig: Setting CVar [[r.Upscale.Quality:3]]
[2020.06.22-16.08.59:603][  0]LogConfig: Setting CVar [[r.Tonemapper.GrainQuantization:1]]
[2020.06.22-16.08.59:603][  0]LogConfig: Setting CVar [[r.LightShaftQuality:1]]
[2020.06.22-16.08.59:603][  0]LogConfig: Setting CVar [[r.Filter.SizeScale:1]]
[2020.06.22-16.08.59:603][  0]LogConfig: Setting CVar [[r.Tonemapper.Quality:5]]
[2020.06.22-16.08.59:603][  0]LogConfig: Setting CVar [[r.DOF.Gather.AccumulatorQuality:1        ; higher gathering accumulator quality]]
[2020.06.22-16.08.59:603][  0]LogConfig: Setting CVar [[r.DOF.Gather.PostfilterMethod:1          ; Median3x3 postfilering method]]
[2020.06.22-16.08.59:603][  0]LogConfig: Setting CVar [[r.DOF.Gather.EnableBokehSettings:0       ; no bokeh simulation when gathering]]
[2020.06.22-16.08.59:603][  0]LogConfig: Setting CVar [[r.DOF.Gather.RingCount:4                 ; medium number of samples when gathering]]
[2020.06.22-16.08.59:603][  0]LogConfig: Setting CVar [[r.DOF.Scatter.ForegroundCompositing:1    ; additive foreground scattering]]
[2020.06.22-16.08.59:603][  0]LogConfig: Setting CVar [[r.DOF.Scatter.BackgroundCompositing:2    ; additive background scattering]]
[2020.06.22-16.08.59:603][  0]LogConfig: Setting CVar [[r.DOF.Scatter.EnableBokehSettings:1      ; bokeh simulation when scattering]]
[2020.06.22-16.08.59:603][  0]LogConfig: Setting CVar [[r.DOF.Scatter.MaxSpriteRatio:0.1         ; only a maximum of 10% of scattered bokeh]]
[2020.06.22-16.08.59:603][  0]LogConfig: Setting CVar [[r.DOF.Recombine.Quality:1                ; cheap slight out of focus]]
[2020.06.22-16.08.59:603][  0]LogConfig: Setting CVar [[r.DOF.Recombine.EnableBokehSettings:0    ; no bokeh simulation on slight out of focus]]
[2020.06.22-16.08.59:603][  0]LogConfig: Setting CVar [[r.DOF.TemporalAAQuality:1                ; more stable temporal accumulation]]
[2020.06.22-16.08.59:603][  0]LogConfig: Setting CVar [[r.DOF.Kernel.MaxForegroundRadius:0.025]]
[2020.06.22-16.08.59:603][  0]LogConfig: Setting CVar [[r.DOF.Kernel.MaxBackgroundRadius:0.025]]
[2020.06.22-16.08.59:603][  0]LogConfig: Applying CVar settings from Section [TextureQuality@3] File [D:/GitHub/UnrealEngine/CoopGame/Saved/Config/Windows/Scalability.ini]
[2020.06.22-16.08.59:603][  0]LogConfig: Setting CVar [[r.Streaming.MipBias:0]]
[2020.06.22-16.08.59:603][  0]LogConfig: Setting CVar [[r.Streaming.AmortizeCPUToGPUCopy:0]]
[2020.06.22-16.08.59:603][  0]LogConfig: Setting CVar [[r.Streaming.MaxNumTexturesToStreamPerFrame:0]]
[2020.06.22-16.08.59:604][  0]LogConfig: Setting CVar [[r.Streaming.Boost:1]]
[2020.06.22-16.08.59:604][  0]LogConfig: Setting CVar [[r.MaxAnisotropy:8]]
[2020.06.22-16.08.59:604][  0]LogConfig: Setting CVar [[r.Streaming.LimitPoolSizeToVRAM:0]]
[2020.06.22-16.08.59:604][  0]LogConfig: Setting CVar [[r.Streaming.PoolSize:1000]]
[2020.06.22-16.08.59:604][  0]LogConfig: Setting CVar [[r.Streaming.MaxEffectiveScreenSize:0]]
[2020.06.22-16.08.59:604][  0]LogConfig: Applying CVar settings from Section [EffectsQuality@3] File [D:/GitHub/UnrealEngine/CoopGame/Saved/Config/Windows/Scalability.ini]
[2020.06.22-16.08.59:604][  0]LogConfig: Setting CVar [[r.TranslucencyLightingVolumeDim:64]]
[2020.06.22-16.08.59:604][  0]LogConfig: Setting CVar [[r.RefractionQuality:2]]
[2020.06.22-16.08.59:604][  0]LogConfig: Setting CVar [[r.SSR.Quality:3]]
[2020.06.22-16.08.59:604][  0]LogConfig: Setting CVar [[r.SceneColorFormat:4]]
[2020.06.22-16.08.59:604][  0]LogConfig: Setting CVar [[r.DetailMode:2]]
[2020.06.22-16.08.59:604][  0]LogConfig: Setting CVar [[r.TranslucencyVolumeBlur:1]]
[2020.06.22-16.08.59:604][  0]LogConfig: Setting CVar [[r.MaterialQualityLevel:1 ; High quality]]
[2020.06.22-16.08.59:604][  0]LogConfig: Setting CVar [[r.SSS.Scale:1]]
[2020.06.22-16.08.59:604][  0]LogConfig: Setting CVar [[r.SSS.SampleSet:2]]
[2020.06.22-16.08.59:604][  0]LogConfig: Setting CVar [[r.SSS.Quality:1]]
[2020.06.22-16.08.59:604][  0]LogConfig: Setting CVar [[r.SSS.HalfRes:1]]
[2020.06.22-16.08.59:604][  0]LogConfig: Setting CVar [[r.EmitterSpawnRateScale:1.0]]
[2020.06.22-16.08.59:604][  0]LogConfig: Setting CVar [[r.ParticleLightQuality:2]]
[2020.06.22-16.08.59:604][  0]LogConfig: Applying CVar settings from Section [FoliageQuality@3] File [D:/GitHub/UnrealEngine/CoopGame/Saved/Config/Windows/Scalability.ini]
[2020.06.22-16.08.59:604][  0]LogConfig: Setting CVar [[foliage.DensityScale:1.0]]
[2020.06.22-16.08.59:604][  0]LogConfig: Setting CVar [[grass.DensityScale:1.0]]
[2020.06.22-16.08.59:604][  0]LogInit: Selected Device Profile: [Windows]
[2020.06.22-16.08.59:604][  0]LogInit: Applying CVar settings loaded from the selected device profile: [Windows]
[2020.06.22-16.08.59:618][  0]LogHAL: Display: Platform has ~ 16 GB [17138606080 / 17179869184 / 16], which maps to Larger [LargestMinGB=32, LargerMinGB=12, DefaultMinGB=8, SmallerMinGB=6, SmallestMinGB=0)
[2020.06.22-16.08.59:618][  0]LogConfig: Setting CVar [[r.Vulkan.UseRealUBs:0		; Required until we fix HLR fall-out]]
[2020.06.22-16.08.59:618][  0]LogInit: Going up to parent DeviceProfile []
[2020.06.22-16.08.59:618][  0]LogConfig: Applying CVar settings from Section [ViewDistanceQuality@3] File [D:/GitHub/UnrealEngine/CoopGame/Saved/Config/Windows/Scalability.ini]
[2020.06.22-16.08.59:618][  0]LogConfig: Setting CVar [[r.SkeletalMeshLODBias:0]]
[2020.06.22-16.08.59:618][  0]LogConfig: Setting CVar [[r.ViewDistanceScale:1.0]]
[2020.06.22-16.08.59:618][  0]LogConfig: Applying CVar settings from Section [AntiAliasingQuality@3] File [D:/GitHub/UnrealEngine/CoopGame/Saved/Config/Windows/Scalability.ini]
[2020.06.22-16.08.59:618][  0]LogConfig: Setting CVar [[r.PostProcessAAQuality:4]]
[2020.06.22-16.08.59:618][  0]LogConfig: Applying CVar settings from Section [ShadowQuality@3] File [D:/GitHub/UnrealEngine/CoopGame/Saved/Config/Windows/Scalability.ini]
[2020.06.22-16.08.59:618][  0]LogConfig: Setting CVar [[r.LightFunctionQuality:1]]
[2020.06.22-16.08.59:618][  0]LogConfig: Setting CVar [[r.ShadowQuality:5]]
[2020.06.22-16.08.59:618][  0]LogConfig: Setting CVar [[r.Shadow.CSM.MaxCascades:10]]
[2020.06.22-16.08.59:618][  0]LogConfig: Setting CVar [[r.Shadow.MaxResolution:2048]]
[2020.06.22-16.08.59:618][  0]LogConfig: Setting CVar [[r.Shadow.MaxCSMResolution:2048]]
[2020.06.22-16.08.59:618][  0]LogConfig: Setting CVar [[r.Shadow.RadiusThreshold:0.01]]
[2020.06.22-16.08.59:618][  0]LogConfig: Setting CVar [[r.Shadow.DistanceScale:1.0]]
[2020.06.22-16.08.59:618][  0]LogConfig: Setting CVar [[r.Shadow.CSM.TransitionScale:1.0]]
[2020.06.22-16.08.59:618][  0]LogConfig: Setting CVar [[r.Shadow.PreShadowResolutionFactor:1.0]]
[2020.06.22-16.08.59:618][  0]LogConfig: Setting CVar [[r.DistanceFieldShadowing:1]]
[2020.06.22-16.08.59:618][  0]LogConfig: Setting CVar [[r.DistanceFieldAO:1]]
[2020.06.22-16.08.59:618][  0]LogConfig: Setting CVar [[r.AOQuality:2]]
[2020.06.22-16.08.59:618][  0]LogConfig: Setting CVar [[r.VolumetricFog:1]]
[2020.06.22-16.08.59:618][  0]LogConfig: Setting CVar [[r.VolumetricFog.GridPixelSize:8]]
[2020.06.22-16.08.59:618][  0]LogConfig: Setting CVar [[r.VolumetricFog.GridSizeZ:128]]
[2020.06.22-16.08.59:618][  0]LogConfig: Setting CVar [[r.VolumetricFog.HistoryMissSupersampleCount:4]]
[2020.06.22-16.08.59:618][  0]LogConfig: Setting CVar [[r.LightMaxDrawDistanceScale:1]]
[2020.06.22-16.08.59:618][  0]LogConfig: Setting CVar [[r.CapsuleShadows:1]]
[2020.06.22-16.08.59:618][  0]LogConfig: Applying CVar settings from Section [PostProcessQuality@3] File [D:/GitHub/UnrealEngine/CoopGame/Saved/Config/Windows/Scalability.ini]
[2020.06.22-16.08.59:619][  0]LogConfig: Setting CVar [[r.MotionBlurQuality:4]]
[2020.06.22-16.08.59:619][  0]LogConfig: Setting CVar [[r.AmbientOcclusionMipLevelFactor:0.4]]
[2020.06.22-16.08.59:619][  0]LogConfig: Setting CVar [[r.AmbientOcclusionMaxQuality:100]]
[2020.06.22-16.08.59:619][  0]LogConfig: Setting CVar [[r.AmbientOcclusionLevels:-1]]
[2020.06.22-16.08.59:619][  0]LogConfig: Setting CVar [[r.AmbientOcclusionRadiusScale:1.0]]
[2020.06.22-16.08.59:619][  0]LogConfig: Setting CVar [[r.DepthOfFieldQuality:2]]
[2020.06.22-16.08.59:619][  0]LogConfig: Setting CVar [[r.RenderTargetPoolMin:400]]
[2020.06.22-16.08.59:619][  0]LogConfig: Setting CVar [[r.LensFlareQuality:2]]
[2020.06.22-16.08.59:619][  0]LogConfig: Setting CVar [[r.SceneColorFringeQuality:1]]
[2020.06.22-16.08.59:619][  0]LogConfig: Setting CVar [[r.EyeAdaptationQuality:2]]
[2020.06.22-16.08.59:619][  0]LogConfig: Setting CVar [[r.BloomQuality:5]]
[2020.06.22-16.08.59:619][  0]LogConfig: Setting CVar [[r.FastBlurThreshold:100]]
[2020.06.22-16.08.59:619][  0]LogConfig: Setting CVar [[r.Upscale.Quality:3]]
[2020.06.22-16.08.59:619][  0]LogConfig: Setting CVar [[r.Tonemapper.GrainQuantization:1]]
[2020.06.22-16.08.59:619][  0]LogConfig: Setting CVar [[r.LightShaftQuality:1]]
[2020.06.22-16.08.59:619][  0]LogConfig: Setting CVar [[r.Filter.SizeScale:1]]
[2020.06.22-16.08.59:619][  0]LogConfig: Setting CVar [[r.Tonemapper.Quality:5]]
[2020.06.22-16.08.59:619][  0]LogConfig: Setting CVar [[r.DOF.Gather.AccumulatorQuality:1        ; higher gathering accumulator quality]]
[2020.06.22-16.08.59:619][  0]LogConfig: Setting CVar [[r.DOF.Gather.PostfilterMethod:1          ; Median3x3 postfilering method]]
[2020.06.22-16.08.59:619][  0]LogConfig: Setting CVar [[r.DOF.Gather.EnableBokehSettings:0       ; no bokeh simulation when gathering]]
[2020.06.22-16.08.59:619][  0]LogConfig: Setting CVar [[r.DOF.Gather.RingCount:4                 ; medium number of samples when gathering]]
[2020.06.22-16.08.59:619][  0]LogConfig: Setting CVar [[r.DOF.Scatter.ForegroundCompositing:1    ; additive foreground scattering]]
[2020.06.22-16.08.59:619][  0]LogConfig: Setting CVar [[r.DOF.Scatter.BackgroundCompositing:2    ; additive background scattering]]
[2020.06.22-16.08.59:619][  0]LogConfig: Setting CVar [[r.DOF.Scatter.EnableBokehSettings:1      ; bokeh simulation when scattering]]
[2020.06.22-16.08.59:619][  0]LogConfig: Setting CVar [[r.DOF.Scatter.MaxSpriteRatio:0.1         ; only a maximum of 10% of scattered bokeh]]
[2020.06.22-16.08.59:619][  0]LogConfig: Setting CVar [[r.DOF.Recombine.Quality:1                ; cheap slight out of focus]]
[2020.06.22-16.08.59:619][  0]LogConfig: Setting CVar [[r.DOF.Recombine.EnableBokehSettings:0    ; no bokeh simulation on slight out of focus]]
[2020.06.22-16.08.59:619][  0]LogConfig: Setting CVar [[r.DOF.TemporalAAQuality:1                ; more stable temporal accumulation]]
[2020.06.22-16.08.59:619][  0]LogConfig: Setting CVar [[r.DOF.Kernel.MaxForegroundRadius:0.025]]
[2020.06.22-16.08.59:619][  0]LogConfig: Setting CVar [[r.DOF.Kernel.MaxBackgroundRadius:0.025]]
[2020.06.22-16.08.59:619][  0]LogConfig: Applying CVar settings from Section [TextureQuality@3] File [D:/GitHub/UnrealEngine/CoopGame/Saved/Config/Windows/Scalability.ini]
[2020.06.22-16.08.59:619][  0]LogConfig: Setting CVar [[r.Streaming.MipBias:0]]
[2020.06.22-16.08.59:619][  0]LogConfig: Setting CVar [[r.Streaming.AmortizeCPUToGPUCopy:0]]
[2020.06.22-16.08.59:619][  0]LogConfig: Setting CVar [[r.Streaming.MaxNumTexturesToStreamPerFrame:0]]
[2020.06.22-16.08.59:619][  0]LogConfig: Setting CVar [[r.Streaming.Boost:1]]
[2020.06.22-16.08.59:619][  0]LogConfig: Setting CVar [[r.MaxAnisotropy:8]]
[2020.06.22-16.08.59:619][  0]LogConfig: Setting CVar [[r.Streaming.LimitPoolSizeToVRAM:0]]
[2020.06.22-16.08.59:619][  0]LogConfig: Setting CVar [[r.Streaming.PoolSize:1000]]
[2020.06.22-16.08.59:619][  0]LogConfig: Setting CVar [[r.Streaming.MaxEffectiveScreenSize:0]]
[2020.06.22-16.08.59:619][  0]LogConfig: Applying CVar settings from Section [EffectsQuality@3] File [D:/GitHub/UnrealEngine/CoopGame/Saved/Config/Windows/Scalability.ini]
[2020.06.22-16.08.59:619][  0]LogConfig: Setting CVar [[r.TranslucencyLightingVolumeDim:64]]
[2020.06.22-16.08.59:619][  0]LogConfig: Setting CVar [[r.RefractionQuality:2]]
[2020.06.22-16.08.59:619][  0]LogConfig: Setting CVar [[r.SSR.Quality:3]]
[2020.06.22-16.08.59:619][  0]LogConfig: Setting CVar [[r.SceneColorFormat:4]]
[2020.06.22-16.08.59:619][  0]LogConfig: Setting CVar [[r.DetailMode:2]]
[2020.06.22-16.08.59:619][  0]LogConfig: Setting CVar [[r.TranslucencyVolumeBlur:1]]
[2020.06.22-16.08.59:619][  0]LogConfig: Setting CVar [[r.MaterialQualityLevel:1 ; High quality]]
[2020.06.22-16.08.59:619][  0]LogConfig: Setting CVar [[r.SSS.Scale:1]]
[2020.06.22-16.08.59:619][  0]LogConfig: Setting CVar [[r.SSS.SampleSet:2]]
[2020.06.22-16.08.59:619][  0]LogConfig: Setting CVar [[r.SSS.Quality:1]]
[2020.06.22-16.08.59:619][  0]LogConfig: Setting CVar [[r.SSS.HalfRes:1]]
[2020.06.22-16.08.59:619][  0]LogConfig: Setting CVar [[r.EmitterSpawnRateScale:1.0]]
[2020.06.22-16.08.59:619][  0]LogConfig: Setting CVar [[r.ParticleLightQuality:2]]
[2020.06.22-16.08.59:619][  0]LogConfig: Applying CVar settings from Section [FoliageQuality@3] File [D:/GitHub/UnrealEngine/CoopGame/Saved/Config/Windows/Scalability.ini]
[2020.06.22-16.08.59:619][  0]LogConfig: Setting CVar [[foliage.DensityScale:1.0]]
[2020.06.22-16.08.59:619][  0]LogConfig: Setting CVar [[grass.DensityScale:1.0]]
[2020.06.22-16.08.59:619][  0]LogConfig: Applying CVar settings from Section [Startup] File [../../../Engine/Config/ConsoleVariables.ini]
[2020.06.22-16.08.59:619][  0]LogConfig: Setting CVar [[net.UseAdaptiveNetUpdateFrequency:0]]
[2020.06.22-16.08.59:619][  0]LogConfig: Setting CVar [[p.chaos.AllowCreatePhysxBodies:1]]
[2020.06.22-16.08.59:619][  0]LogConfig: Applying CVar settings from Section [ConsoleVariables] File [D:/GitHub/UnrealEngine/CoopGame/Saved/Config/Windows/Engine.ini]
[2020.06.22-16.08.59:619][  0]LogInit: Computer: DESKTOP-MQ854L0
[2020.06.22-16.08.59:619][  0]LogInit: User: alber
[2020.06.22-16.08.59:619][  0]LogInit: CPU Page size=4096, Cores=4
[2020.06.22-16.08.59:619][  0]LogInit: High frequency timer resolution =10.000000 MHz
[2020.06.22-16.08.59:620][  0]LogMemory: Memory total: Physical=16.0GB (16GB approx)
[2020.06.22-16.08.59:620][  0]LogMemory: Platform Memory Stats for Windows
[2020.06.22-16.08.59:620][  0]LogMemory: Process Physical Memory: 97.74 MB used, 97.74 MB peak
[2020.06.22-16.08.59:620][  0]LogMemory: Process Virtual Memory: 92.66 MB used, 92.66 MB peak
[2020.06.22-16.08.59:620][  0]LogMemory: Physical Memory: 9076.31 MB used,  7268.34 MB free, 16344.65 MB total
[2020.06.22-16.08.59:620][  0]LogMemory: Virtual Memory: 4645.50 MB used,  134213080.00 MB free, 134217728.00 MB total
[2020.06.22-16.08.59:638][  0]LogInit: Overriding language with editor language configuration option (en).
[2020.06.22-16.08.59:638][  0]LogInit: Overriding locale with editor culture configuration option ().
[2020.06.22-16.08.59:638][  0]LogInit: Using OS detected locale (es-ES).
[2020.06.22-16.08.59:763][  0]LogInit: Setting process to per monitor DPI aware
[2020.06.22-16.08.59:794][  0]LogSlate: New Slate User Created.  User Index 0, Is Virtual User: 0
[2020.06.22-16.08.59:794][  0]LogSlate: Slate User Registered.  User Index 0, Is Virtual User: 0
[2020.06.22-16.08.59:919][  0]LogD3D11RHI: D3D11 adapters:
[2020.06.22-16.08.59:964][  0]LogD3D11RHI:    0. 'NVIDIA GeForce GTX 970' (Feature Level 11_0)
[2020.06.22-16.08.59:964][  0]LogD3D11RHI:       4043/0/8172 MB DedicatedVideo/DedicatedSystem/SharedSystem, Outputs:2, VendorId:0x10de
[2020.06.22-16.08.59:967][  0]LogD3D11RHI:    1. 'Microsoft Basic Render Driver' (Feature Level 11_0)
[2020.06.22-16.08.59:967][  0]LogD3D11RHI:       0/0/8172 MB DedicatedVideo/DedicatedSystem/SharedSystem, Outputs:0, VendorId:0x1414
[2020.06.22-16.08.59:967][  0]LogD3D11RHI: Chosen D3D11 Adapter: 0
[2020.06.22-16.08.59:974][  0]LogD3D11RHI: Creating new Direct3DDevice
[2020.06.22-16.08.59:974][  0]LogD3D11RHI:     GPU DeviceId: 0x13c2 (for the marketing name, search the web for "GPU Device Id")
[2020.06.22-16.08.59:974][  0]LogWindows: EnumDisplayDevices:
[2020.06.22-16.08.59:974][  0]LogWindows:    0. 'NVIDIA GeForce GTX 970' (P:1 D:1)
[2020.06.22-16.08.59:974][  0]LogWindows:    1. 'NVIDIA GeForce GTX 970' (P:0 D:1)
[2020.06.22-16.08.59:974][  0]LogWindows:    2. 'NVIDIA GeForce GTX 970' (P:0 D:0)
[2020.06.22-16.08.59:974][  0]LogWindows:    3. 'NVIDIA GeForce GTX 970' (P:0 D:0)
[2020.06.22-16.08.59:975][  0]LogWindows: DebugString: FoundDriverCount:4 
[2020.06.22-16.08.59:975][  0]LogD3D11RHI:     Adapter Name: NVIDIA GeForce GTX 970
[2020.06.22-16.08.59:975][  0]LogD3D11RHI:   Driver Version: 445.87 (internal:26.21.14.4587, unified:445.87)
[2020.06.22-16.08.59:975][  0]LogD3D11RHI:      Driver Date: 4-3-2020
[2020.06.22-16.08.59:975][  0]LogRHI: Texture pool is 2830 MB (70% of 4043 MB)
[2020.06.22-16.09.00:008][  0]LogD3D11RHI: Async texture creation enabled
[2020.06.22-16.09.00:014][  0]LogRendererCore: FGlobalReadBuffer::InitRHI
[2020.06.22-16.09.00:014][  0]LogRendererCore: FGlobalReadBuffer::InitRHI
[2020.06.22-16.09.00:014][  0]LogRendererCore: FGlobalReadBuffer::InitRHI
[2020.06.22-16.09.00:021][  0]LogD3D11RHI: GPU Timing Frequency: 1000.000000 (Debug: 2 1)
[2020.06.22-16.09.00:267][  0]LogTemp: Display: Module 'AllDesktopTargetPlatform' loaded TargetPlatform 'AllDesktop'
[2020.06.22-16.09.00:278][  0]LogTemp: Display: Module 'MacClientTargetPlatform' loaded TargetPlatform 'MacClient'
[2020.06.22-16.09.00:289][  0]LogTemp: Display: Module 'MacNoEditorTargetPlatform' loaded TargetPlatform 'MacNoEditor'
[2020.06.22-16.09.00:300][  0]LogTemp: Display: Module 'MacServerTargetPlatform' loaded TargetPlatform 'MacServer'
[2020.06.22-16.09.00:311][  0]LogTemp: Display: Module 'MacTargetPlatform' loaded TargetPlatform 'Mac'
[2020.06.22-16.09.00:322][  0]LogTemp: Display: Module 'WindowsClientTargetPlatform' loaded TargetPlatform 'WindowsClient'
[2020.06.22-16.09.00:336][  0]LogTemp: Display: Module 'WindowsNoEditorTargetPlatform' loaded TargetPlatform 'WindowsNoEditor'
[2020.06.22-16.09.00:347][  0]LogTemp: Display: Module 'WindowsServerTargetPlatform' loaded TargetPlatform 'WindowsServer'
[2020.06.22-16.09.00:353][  0]LogTemp: Display: Module 'WindowsTargetPlatform' loaded TargetPlatform 'Windows'
[2020.06.22-16.09.00:417][  0]LogTemp: Display: Module 'AndroidTargetPlatform' loaded TargetPlatform 'Android'
[2020.06.22-16.09.00:417][  0]LogTemp: Display: Module 'AndroidTargetPlatform' loaded TargetPlatform 'Android_ASTC'
[2020.06.22-16.09.00:417][  0]LogTemp: Display: Module 'AndroidTargetPlatform' loaded TargetPlatform 'Android_ATC'
[2020.06.22-16.09.00:417][  0]LogTemp: Display: Module 'AndroidTargetPlatform' loaded TargetPlatform 'Android_DXT'
[2020.06.22-16.09.00:417][  0]LogTemp: Display: Module 'AndroidTargetPlatform' loaded TargetPlatform 'Android_ETC1'
[2020.06.22-16.09.00:417][  0]LogTemp: Display: Module 'AndroidTargetPlatform' loaded TargetPlatform 'Android_ETC1a'
[2020.06.22-16.09.00:417][  0]LogTemp: Display: Module 'AndroidTargetPlatform' loaded TargetPlatform 'Android_ETC2'
[2020.06.22-16.09.00:417][  0]LogTemp: Display: Module 'AndroidTargetPlatform' loaded TargetPlatform 'Android_PVRTC'
[2020.06.22-16.09.00:417][  0]LogTemp: Display: Module 'AndroidTargetPlatform' loaded TargetPlatform 'AndroidClient'
[2020.06.22-16.09.00:417][  0]LogTemp: Display: Module 'AndroidTargetPlatform' loaded TargetPlatform 'Android_ASTCClient'
[2020.06.22-16.09.00:417][  0]LogTemp: Display: Module 'AndroidTargetPlatform' loaded TargetPlatform 'Android_ATCClient'
[2020.06.22-16.09.00:417][  0]LogTemp: Display: Module 'AndroidTargetPlatform' loaded TargetPlatform 'Android_DXTClient'
[2020.06.22-16.09.00:417][  0]LogTemp: Display: Module 'AndroidTargetPlatform' loaded TargetPlatform 'Android_ETC1Client'
[2020.06.22-16.09.00:417][  0]LogTemp: Display: Module 'AndroidTargetPlatform' loaded TargetPlatform 'Android_ETC1aClient'
[2020.06.22-16.09.00:417][  0]LogTemp: Display: Module 'AndroidTargetPlatform' loaded TargetPlatform 'Android_ETC2Client'
[2020.06.22-16.09.00:417][  0]LogTemp: Display: Module 'AndroidTargetPlatform' loaded TargetPlatform 'Android_PVRTCClient'
[2020.06.22-16.09.00:417][  0]LogTemp: Display: Module 'AndroidTargetPlatform' loaded TargetPlatform 'Android_Multi'
[2020.06.22-16.09.00:417][  0]LogTemp: Display: Module 'AndroidTargetPlatform' loaded TargetPlatform 'Android_MultiClient'
[2020.06.22-16.09.00:419][  0]LogTemp: Display: Module 'HTML5TargetPlatform' loaded TargetPlatform 'HTML5'
[2020.06.22-16.09.00:461][  0]LogTemp: Display: Module 'IOSTargetPlatform' loaded TargetPlatform 'IOSClient'
[2020.06.22-16.09.00:461][  0]LogTemp: Display: Module 'IOSTargetPlatform' loaded TargetPlatform 'IOS'
[2020.06.22-16.09.00:479][  0]LogTemp: Display: Module 'TVOSTargetPlatform' loaded TargetPlatform 'TVOSClient'
[2020.06.22-16.09.00:479][  0]LogTemp: Display: Module 'TVOSTargetPlatform' loaded TargetPlatform 'TVOS'
[2020.06.22-16.09.00:489][  0]LogTemp: Display: Module 'LinuxClientTargetPlatform' loaded TargetPlatform 'LinuxClient'
[2020.06.22-16.09.00:499][  0]LogTemp: Display: Module 'LinuxNoEditorTargetPlatform' loaded TargetPlatform 'LinuxNoEditor'
[2020.06.22-16.09.00:508][  0]LogTemp: Display: Module 'LinuxServerTargetPlatform' loaded TargetPlatform 'LinuxServer'
[2020.06.22-16.09.00:519][  0]LogTemp: Display: Module 'LinuxTargetPlatform' loaded TargetPlatform 'Linux'
[2020.06.22-16.09.00:552][  0]LogTemp: Display: Module 'LuminTargetPlatform' loaded TargetPlatform 'Lumin'
[2020.06.22-16.09.00:552][  0]LogTemp: Display: Module 'LuminTargetPlatform' loaded TargetPlatform 'LuminClient'
[2020.06.22-16.09.00:553][  0]LogTargetPlatformManager: Display: Building Assets For Windows
[2020.06.22-16.09.00:560][  0]LogAudioDebug: Display: Lib vorbis DLL was dynamically loaded.
[2020.06.22-16.09.00:603][  0]LogShaderCompilers: Guid format shader working directory is 14 characters bigger than the processId version (D:/GitHub/UnrealEngine/CoopGame/Intermediate/Shaders/WorkingDirectory/12156/).
[2020.06.22-16.09.00:603][  0]LogShaderCompilers: Cleaned the shader compiler working directory 'C:/Users/alber/AppData/Local/Temp/UnrealShaderWorkingDir/2B76903E4BCAB02AA09AECA0FA52D2D5/'.
[2020.06.22-16.09.00:605][  0]LogXGEController: Cannot use XGE Controller as Incredibuild is not installed on this machine.
[2020.06.22-16.09.00:605][  0]LogShaderCompilers: Cannot use XGE Shader Compiler as Incredibuild is not installed on this machine.
[2020.06.22-16.09.00:605][  0]LogShaderCompilers: Display: Using Local Shader Compiler.
[2020.06.22-16.09.01:026][  0]LogDerivedDataCache: Display: Max Cache Size: 512 MB
[2020.06.22-16.09.01:066][  0]LogDerivedDataCache: Loaded boot cache 0.04s 71MB C:/Users/alber/AppData/Local/UnrealEngine/4.22/DerivedDataCache/Boot.ddc.
[2020.06.22-16.09.01:066][  0]LogDerivedDataCache: Display: Loaded Boot cache: C:/Users/alber/AppData/Local/UnrealEngine/4.22/DerivedDataCache/Boot.ddc
[2020.06.22-16.09.01:066][  0]LogDerivedDataCache: FDerivedDataBackendGraph:  Pak pak cache file D:/GitHub/UnrealEngine/CoopGame/DerivedDataCache/DDC.ddp not found, will not use a pak cache.
[2020.06.22-16.09.01:066][  0]LogDerivedDataCache: Unable to find inner node Pak for hierarchical cache Hierarchy.
[2020.06.22-16.09.01:066][  0]LogDerivedDataCache: FDerivedDataBackendGraph:  CompressedPak pak cache file D:/GitHub/UnrealEngine/CoopGame/DerivedDataCache/Compressed.ddp not found, will not use a pak cache.
[2020.06.22-16.09.01:066][  0]LogDerivedDataCache: Unable to find inner node CompressedPak for hierarchical cache Hierarchy.
[2020.06.22-16.09.01:076][  0]LogDerivedDataCache: Display: Pak cache opened for reading ../../../Engine/DerivedDataCache/Compressed.ddp.
[2020.06.22-16.09.01:076][  0]LogDerivedDataCache: FDerivedDataBackendGraph:  EnterprisePak pak cache file ../../../Enterprise/DerivedDataCache/Compressed.ddp not found, will not use a pak cache.
[2020.06.22-16.09.01:076][  0]LogDerivedDataCache: Unable to find inner node EnterprisePak for hierarchical cache Hierarchy.
[2020.06.22-16.09.01:088][  0]LogDerivedDataCache: Using Local data cache path C:/Users/alber/AppData/Local/UnrealEngine/Common/DerivedDataCache: Writable
[2020.06.22-16.09.01:088][  0]LogDerivedDataCache: Shared data cache path not found in *engine.ini, will not use an Shared cache.
[2020.06.22-16.09.01:088][  0]LogDerivedDataCache: Unable to find inner node Shared for hierarchical cache Hierarchy.
[2020.06.22-16.09.01:105][  0]LogMaterial: Verifying Global Shaders for PCD3D_SM5
[2020.06.22-16.09.01:106][  0]LogSlate: Using FreeType 2.6.0
[2020.06.22-16.09.01:106][  0]LogSlate: SlateFontServices - WITH_FREETYPE: 1, WITH_HARFBUZZ: 1
[2020.06.22-16.09.01:176][  0]LogAssetRegistry: FAssetRegistry took 0.0309 seconds to start up
[2020.06.22-16.09.01:413][  0]LogInit: Selected Device Profile: [Windows]
[2020.06.22-16.09.01:457][  0]LogMeshReduction: Using QuadricMeshReduction for automatic static mesh reduction
[2020.06.22-16.09.01:457][  0]LogMeshReduction: Using SimplygonMeshReduction for automatic skeletal mesh reduction
[2020.06.22-16.09.01:457][  0]LogMeshReduction: Using ProxyLODMeshReduction for automatic mesh merging
[2020.06.22-16.09.01:457][  0]LogMeshReduction: No distributed automatic mesh merging module available
[2020.06.22-16.09.01:457][  0]LogMeshMerging: No distributed automatic mesh merging module available
[2020.06.22-16.09.01:525][  0]LogNetVersion: CoopGame 1.0.0, NetCL: 5660361, EngineNetVer: 10, GameNetVer: 0 (Checksum: 3513699854)
[2020.06.22-16.09.01:825][  0]LogPackageLocalizationCache: Processed 9 localized package path(s) for 1 prioritized culture(s) in 0.030724 seconds
[2020.06.22-16.09.01:830][  0]LogUObjectArray: 41958 objects as part of root set at end of initial load.
[2020.06.22-16.09.01:830][  0]LogUObjectAllocator: 7284248 out of 0 bytes used by permanent object pool.
[2020.06.22-16.09.01:830][  0]LogUObjectArray: CloseDisregardForGC: 0/0 objects in disregard for GC pool
[2020.06.22-16.09.02:460][  0]LogTcpMessaging: Initializing TcpMessaging bridge
[2020.06.22-16.09.02:472][  0]LogUdpMessaging: Initializing bridge on interface 0.0.0.0:0 to multicast group 230.0.0.1:6666.
[2020.06.22-16.09.02:579][  0]SourceControl: Source control is disabled
[2020.06.22-16.09.02:579][  0]SourceControl: Source control is disabled
[2020.06.22-16.09.02:580][  0]SourceControl: Source control is disabled
[2020.06.22-16.09.02:581][  0]SourceControl: Source control is disabled
[2020.06.22-16.09.02:642][  0]LogAndroidPermission: UAndroidPermissionCallbackProxy::GetInstance
[2020.06.22-16.09.02:716][  0]LogOcInput: OculusInput pre-init called
[2020.06.22-16.09.03:238][  0]LogEngine: Initializing Engine...
[2020.06.22-16.09.03:239][  0]LogStats: UGameplayTagsManager::InitializeManager -  0.000 s
[2020.06.22-16.09.03:394][  0]LogInit: Initializing FReadOnlyCVARCache
[2020.06.22-16.09.03:405][  0]LogAIModule: Creating AISystem for world Untitled
[2020.06.22-16.09.03:430][  0]LogInit: XAudio2 using 'Altavoces (High Definition Audio Device)' : 2 channels at 48 kHz using 16 bits per sample (channel mask 0x3)
[2020.06.22-16.09.03:455][  0]LogInit: FAudioDevice initialized.
[2020.06.22-16.09.03:455][  0]LogNetVersion: Set ProjectVersion to 1.0.0.0. Version Checksum will be recalculated on next use.
[2020.06.22-16.09.03:492][  0]LogDerivedDataCache: Saved boot cache 0.04s 71MB C:/Users/alber/AppData/Local/UnrealEngine/4.22/DerivedDataCache/Boot.ddc.
[2020.06.22-16.09.03:495][  0]LogInit: Texture streaming: Enabled
[2020.06.22-16.09.03:509][  0]LogEngineSessionManager: EngineSessionManager initialized
[2020.06.22-16.09.03:528][  0]LogInit: Transaction tracking system initialized
[2020.06.22-16.09.03:549][  0]BlueprintLog: New page: Editor Load
[2020.06.22-16.09.03:616][  0]LocalizationService: Localization service is disabled
[2020.06.22-16.09.03:881][  0]LogFileCache: Scanning file cache for directory 'D:/GitHub/UnrealEngine/CoopGame/Content/' took 0.01s
[2020.06.22-16.09.03:881][  0]LogCook: Display: Max memory allowance for cook 16384mb min free memory 0mb
[2020.06.22-16.09.03:881][  0]LogCook: Display: Mobile HDR setting 1
[2020.06.22-16.09.04:013][  0]SourceControl: Source control is disabled
[2020.06.22-16.09.04:013][  0]Cmd: MAP LOAD FILE="D:/GitHub/UnrealEngine/CoopGame/Content/Maps/P_TestMap.umap" TEMPLATE=0 SHOWPROGRESS=1 FEATURELEVEL=3
[2020.06.22-16.09.04:013][  0]LightingResults: New page: Lighting Build
[2020.06.22-16.09.04:015][  0]MapCheck: New page: Map Check
[2020.06.22-16.09.04:015][  0]LightingResults: New page: Lighting Build
[2020.06.22-16.09.04:033][  0]LogUObjectHash: Compacting FUObjectHashTables data took   1.46ms
[2020.06.22-16.09.04:349][  0]LogLinker: Error: HOTRELOADED_SCharacter_0 has an inappropriate outermost, it was probably saved with a deprecated outer (file: D:/GitHub/UnrealEngine/CoopGame/Content/AnimStarterPack/UE4ASP_HeroTPP_AnimBlueprint.uasset)
[2020.06.22-16.09.04:349][  0]LogLinker: Error: HOTRELOADED_SCharacter_0 has an inappropriate outermost, it was probably saved with a deprecated outer (file: D:/GitHub/UnrealEngine/CoopGame/Content/AnimStarterPack/UE4ASP_HeroTPP_AnimBlueprint.uasset)
[2020.06.22-16.09.04:351][  0]LogLinker: Error: HOTRELOADED_SCharacter_0 has an inappropriate outermost, it was probably saved with a deprecated outer (file: D:/GitHub/UnrealEngine/CoopGame/Content/AnimStarterPack/UE4ASP_HeroTPP_AnimBlueprint.uasset)
[2020.06.22-16.09.04:351][  0]LogLinker: Error: HOTRELOADED_SCharacter_0 has an inappropriate outermost, it was probably saved with a deprecated outer (file: D:/GitHub/UnrealEngine/CoopGame/Content/AnimStarterPack/UE4ASP_HeroTPP_AnimBlueprint.uasset)
[2020.06.22-16.09.06:093][  0]LogAIModule: Creating AISystem for world P_TestMap
[2020.06.22-16.09.06:099][  0]LogEditorServer: Finished looking for orphan Actors (0.000 secs)
[2020.06.22-16.09.06:120][  0]LogUObjectHash: Compacting FUObjectHashTables data took   1.58ms
[2020.06.22-16.09.06:120][  0]Cmd: MAP CHECKDEP NOCLEARLOG
[2020.06.22-16.09.06:120][  0]MapCheck: Map check complete: 0 Error(s), 0 Warning(s), took 0,067ms to complete.
[2020.06.22-16.09.06:120][  0]LogFileHelpers: Loading map 'P_TestMap' took 2.107
[2020.06.22-16.09.06:239][  0]LogSlate: Updating window title bar state: overlay mode, drag disabled, window buttons hidden, title bar hidden
[2020.06.22-16.09.06:244][  0]LogSlate: Updating window title bar state: overlay mode, drag disabled, window buttons hidden, title bar hidden
[2020.06.22-16.09.06:249][  0]LogSlate: Updating window title bar state: overlay mode, drag disabled, window buttons hidden, title bar hidden
[2020.06.22-16.09.06:255][  0]LogSlate: Updating window title bar state: overlay mode, drag disabled, window buttons hidden, title bar hidden
[2020.06.22-16.09.06:263][  0]LogCollectionManager: Loaded 0 collections in 0.001255 seconds
[2020.06.22-16.09.06:278][  0]LogFileCache: Scanning file cache for directory 'D:/GitHub/UnrealEngine/CoopGame/Saved/Collections/' took 0.01s
[2020.06.22-16.09.06:278][  0]LogFileCache: Scanning file cache for directory 'D:/GitHub/UnrealEngine/CoopGame/Content/Developers/alber/Collections/' took 0.00s
[2020.06.22-16.09.06:278][  0]LogFileCache: Scanning file cache for directory 'D:/GitHub/UnrealEngine/CoopGame/Content/Collections/' took 0.00s
[2020.06.22-16.09.06:278][  0]LogCollectionManager: Rebuilt the GUID cache for 0 collections in 0.000001 seconds
[2020.06.22-16.09.06:285][  0]LogContentBrowser: Native class hierarchy populated in 0.0067 seconds. Added 2736 classes and 660 folders.
[2020.06.22-16.09.06:290][  0]LogContentBrowser: Native class hierarchy updated for 'WidgetCarousel' in 0.0002 seconds. Added 0 classes and 0 folders.
[2020.06.22-16.09.06:294][  0]LogPakFile: Registered encryption key '00000000000000000000000000000000': 0 pak files mounted, 0 remain pending
[2020.06.22-16.09.06:299][  0]LogPakFile: Registered encryption key '00000000000000000000000000000000': 0 pak files mounted, 0 remain pending
[2020.06.22-16.09.06:311][  0]LogPakFile: Registered encryption key '00000000000000000000000000000000': 0 pak files mounted, 0 remain pending
[2020.06.22-16.09.06:315][  0]LogPakFile: Registered encryption key '00000000000000000000000000000000': 0 pak files mounted, 0 remain pending
[2020.06.22-16.09.06:318][  0]LogPakFile: Registered encryption key '00000000000000000000000000000000': 0 pak files mounted, 0 remain pending
[2020.06.22-16.09.06:322][  0]LogPakFile: Registered encryption key '00000000000000000000000000000000': 0 pak files mounted, 0 remain pending
[2020.06.22-16.09.06:325][  0]LogPakFile: Registered encryption key '00000000000000000000000000000000': 0 pak files mounted, 0 remain pending
[2020.06.22-16.09.06:329][  0]LogPakFile: Registered encryption key '00000000000000000000000000000000': 0 pak files mounted, 0 remain pending
[2020.06.22-16.09.06:333][  0]LogPakFile: Registered encryption key '00000000000000000000000000000000': 0 pak files mounted, 0 remain pending
[2020.06.22-16.09.06:337][  0]LogPakFile: Registered encryption key '00000000000000000000000000000000': 0 pak files mounted, 0 remain pending
[2020.06.22-16.09.06:341][  0]LogPakFile: Registered encryption key '00000000000000000000000000000000': 0 pak files mounted, 0 remain pending
[2020.06.22-16.09.06:345][  0]LogPakFile: Registered encryption key '00000000000000000000000000000000': 0 pak files mounted, 0 remain pending
[2020.06.22-16.09.06:348][  0]LogPakFile: Registered encryption key '00000000000000000000000000000000': 0 pak files mounted, 0 remain pending
[2020.06.22-16.09.06:352][  0]LogPakFile: Registered encryption key '00000000000000000000000000000000': 0 pak files mounted, 0 remain pending
[2020.06.22-16.09.06:355][  0]LogPakFile: Registered encryption key '00000000000000000000000000000000': 0 pak files mounted, 0 remain pending
[2020.06.22-16.09.06:359][  0]LogPakFile: Registered encryption key '00000000000000000000000000000000': 0 pak files mounted, 0 remain pending
[2020.06.22-16.09.06:381][  0]LogPakFile: Registered encryption key '00000000000000000000000000000000': 0 pak files mounted, 0 remain pending
[2020.06.22-16.09.06:385][  0]LogPakFile: Registered encryption key '00000000000000000000000000000000': 0 pak files mounted, 0 remain pending
[2020.06.22-16.09.06:388][  0]LogPakFile: Registered encryption key '00000000000000000000000000000000': 0 pak files mounted, 0 remain pending
[2020.06.22-16.09.06:392][  0]LogPakFile: Registered encryption key '00000000000000000000000000000000': 0 pak files mounted, 0 remain pending
[2020.06.22-16.09.06:396][  0]LogPakFile: Registered encryption key '00000000000000000000000000000000': 0 pak files mounted, 0 remain pending
[2020.06.22-16.09.06:399][  0]LogPakFile: Registered encryption key '00000000000000000000000000000000': 0 pak files mounted, 0 remain pending
[2020.06.22-16.09.06:403][  0]LogPakFile: Registered encryption key '00000000000000000000000000000000': 0 pak files mounted, 0 remain pending
[2020.06.22-16.09.06:407][  0]LogPakFile: Registered encryption key '00000000000000000000000000000000': 0 pak files mounted, 0 remain pending
[2020.06.22-16.09.06:410][  0]LogPakFile: Registered encryption key '00000000000000000000000000000000': 0 pak files mounted, 0 remain pending
[2020.06.22-16.09.06:414][  0]LogPakFile: Registered encryption key '00000000000000000000000000000000': 0 pak files mounted, 0 remain pending
[2020.06.22-16.09.06:498][  0]LogContentBrowser: Native class hierarchy updated for 'AddContentDialog' in 0.0003 seconds. Added 0 classes and 0 folders.
[2020.06.22-16.09.06:504][  0]LogContentBrowser: Native class hierarchy updated for 'SceneOutliner' in 0.0003 seconds. Added 1 classes and 2 folders.
[2020.06.22-16.09.06:570][  0]LogSlate: Took 0.000124 seconds to synchronously load lazily loaded font '../../../Engine/Content/Slate/Fonts/Roboto-Regular.ttf' (155K)
[2020.06.22-16.09.06:571][  0]LogSlate: Took 0.000142 seconds to synchronously load lazily loaded font '../../../Engine/Content/Slate/Fonts/Roboto-Bold.ttf' (160K)
[2020.06.22-16.09.06:579][  0]LogSlate: Took 0.003841 seconds to synchronously load lazily loaded font '../../../Engine/Content/Editor/Slate/Fonts/FontAwesome.ttf' (139K)
[2020.06.22-16.09.06:671][  0]LogRenderer: Reallocating scene render targets to support 1208x612 Format 10 NumSamples 1 (Frame:1).
[2020.06.22-16.09.06:763][  0]LogContentBrowser: Native class hierarchy updated for 'HierarchicalLODOutliner' in 0.0003 seconds. Added 0 classes and 0 folders.
[2020.06.22-16.09.06:763][  0]LogLoad: (Engine Initialization) Total time: 8.60 seconds
[2020.06.22-16.09.06:763][  0]LogLoad: (Engine Initialization) Total Blueprint compile time: 0.00 seconds
[2020.06.22-16.09.06:790][  0]LogAssetRegistry: Asset discovery search completed in 5.6370 seconds
[2020.06.22-16.09.06:792][  0]LogCollectionManager: Rebuilt the object cache for 0 collections in 0.000000 seconds (found 0 objects)
[2020.06.22-16.09.06:792][  0]LogCollectionManager: Fixed up redirectors for 0 collections in 0.000047 seconds (updated 0 objects)
[2020.06.22-16.09.06:793][  0]LogContentStreaming: Texture pool size now 1000 MB
[2020.06.22-16.09.06:813][  0]LogSlate: Took 0.003659 seconds to synchronously load lazily loaded font '../../../Engine/Content/Slate/Fonts/Roboto-Light.ttf' (167K)
[2020.06.22-16.09.07:787][110]LogSlate: Took 0.000153 seconds to synchronously load lazily loaded font '../../../Engine/Content/Slate/Fonts/Roboto-Light.ttf' (167K)
[2020.06.22-16.09.09:669][335]LogSlate: FSceneViewport::OnFocusLost() reason 0
[2020.06.22-16.09.09:787][348]Cmd: OBJ SAVEPACKAGE PACKAGE="/Game/Maps/P_TestMap" FILE="D:/GitHub/UnrealEngine/CoopGame/Content/Maps/P_TestMap.umap" SILENT=true AUTOSAVING=false KEEPDIRTY=false
[2020.06.22-16.09.09:809][348]LogUObjectHash: Compacting FUObjectHashTables data took   0.48ms
[2020.06.22-16.09.09:899][348]LogSavePackage: Moving 'D:/GitHub/UnrealEngine/CoopGame/Saved/P_TestMapE7DD6A9443DCE54EEEF69799009DEA2F.tmp' to 'D:/GitHub/UnrealEngine/CoopGame/Content/Maps/P_TestMap.umap'
[2020.06.22-16.09.09:925][348]Cmd: OBJ SAVEPACKAGE PACKAGE="/Game/Maps/P_TestMap_BuiltData" FILE="D:/GitHub/UnrealEngine/CoopGame/Content/Maps/P_TestMap_BuiltData.uasset" SILENT=true
[2020.06.22-16.09.09:947][348]LogSavePackage: Moving 'D:/GitHub/UnrealEngine/CoopGame/Saved/P_TestMap_BuiltDataF2C780784534DA71731E899924071B58.tmp' to 'D:/GitHub/UnrealEngine/CoopGame/Content/Maps/P_TestMap_BuiltData.uasset'
[2020.06.22-16.09.11:098][485]LogTemp: Repeating last play command: Selected Viewport
[2020.06.22-16.09.11:111][485]LogBlueprintUserMessages: Early PlayInEditor Detection: Level '/Game/Maps/P_TestMap.P_TestMap:PersistentLevel' has LevelScriptBlueprint '/Game/Maps/P_TestMap.P_TestMap:PersistentLevel.P_TestMap' with GeneratedClass '/Game/Maps/P_TestMap.P_TestMap_C' with ClassGeneratedBy '/Game/Maps/P_TestMap.P_TestMap:PersistentLevel.P_TestMap'
[2020.06.22-16.09.11:111][485]LogPlayLevel: PlayLevel: No blueprints needed recompiling
[2020.06.22-16.09.11:111][485]PIE: New page: PIE session: P_TestMap (22/6/2020 20:09:11)
[2020.06.22-16.09.11:123][485]LogPlayLevel: Creating play world package: /Game/Maps/UEDPIE_0_P_TestMap
[2020.06.22-16.09.11:126][485]LogPlayLevel: PIE: StaticDuplicateObject took: (0.002760s)
[2020.06.22-16.09.11:126][485]LogAIModule: Creating AISystem for world P_TestMap
[2020.06.22-16.09.11:126][485]LogPlayLevel: PIE: World Init took: (0.000523s)
[2020.06.22-16.09.11:126][485]LogPlayLevel: PIE: Created PIE world by copying editor world from /Game/Maps/P_TestMap.P_TestMap to /Game/Maps/UEDPIE_0_P_TestMap.P_TestMap (0.003495s)
[2020.06.22-16.09.11:143][485]LogUObjectHash: Compacting FUObjectHashTables data took   1.35ms
[2020.06.22-16.09.11:160][485]LogInit: XAudio2 using 'Altavoces (High Definition Audio Device)' : 2 channels at 48 kHz using 16 bits per sample (channel mask 0x3)
[2020.06.22-16.09.11:169][485]LogInit: FAudioDevice initialized.
[2020.06.22-16.09.11:210][485]LogLoad: Game class is 'GameModeBase'
[2020.06.22-16.09.11:212][485]LogWorld: Bringing World /Game/Maps/UEDPIE_0_P_TestMap.P_TestMap up for play (max tick rate 0) at 2020.06.22-18.09.11
[2020.06.22-16.09.11:213][485]LogWorld: Bringing up level for play took: 0.002163
[2020.06.22-16.09.11:229][485]LogContentBrowser: Native class hierarchy updated for 'MovieSceneCapture' in 0.0003 seconds. Added 20 classes and 0 folders.
[2020.06.22-16.09.11:230][485]PIE: Play in editor start time for /Game/Maps/UEDPIE_0_P_TestMap 0,634
[2020.06.22-16.09.11:230][485]LogBlueprintUserMessages: Late PlayInEditor Detection: Level '/Game/Maps/P_TestMap.P_TestMap:PersistentLevel' has LevelScriptBlueprint '/Game/Maps/P_TestMap.P_TestMap:PersistentLevel.P_TestMap' with GeneratedClass '/Game/Maps/P_TestMap.P_TestMap_C' with ClassGeneratedBy '/Game/Maps/P_TestMap.P_TestMap:PersistentLevel.P_TestMap'
[2020.06.22-16.09.12:505][636]LogTemp: Health Changed: 80.0
[2020.06.22-16.09.12:598][647]LogTemp: Health Changed: 60.0
[2020.06.22-16.09.12:697][659]LogTemp: Health Changed: 40.0
[2020.06.22-16.09.12:797][671]LogTemp: Health Changed: 20.0
[2020.06.22-16.09.12:897][683]LogTemp: Health Changed: 0.0
[2020.06.22-16.09.12:998][695]LogTemp: Health Changed: 0.0
[2020.06.22-16.09.13:097][707]LogTemp: Health Changed: 0.0
[2020.06.22-16.09.13:197][719]LogTemp: Health Changed: 0.0
[2020.06.22-16.09.14:681][897]LogBlueprintUserMessages: Early EndPlayMap Detection: Level '/Game/Maps/P_TestMap.P_TestMap:PersistentLevel' has LevelScriptBlueprint '/Game/Maps/P_TestMap.P_TestMap:PersistentLevel.P_TestMap' with GeneratedClass '/Game/Maps/P_TestMap.P_TestMap_C' with ClassGeneratedBy '/Game/Maps/P_TestMap.P_TestMap:PersistentLevel.P_TestMap'
[2020.06.22-16.09.14:681][897]LogSlate: Updating window title bar state: overlay mode, drag disabled, window buttons hidden, title bar hidden
[2020.06.22-16.09.14:710][897]LogPlayLevel: Display: Shutting down PIE online subsystems
[2020.06.22-16.09.14:710][897]LogBlueprintUserMessages: Late EndPlayMap Detection: Level '/Game/Maps/P_TestMap.P_TestMap:PersistentLevel' has LevelScriptBlueprint '/Game/Maps/P_TestMap.P_TestMap:PersistentLevel.P_TestMap' with GeneratedClass '/Game/Maps/P_TestMap.P_TestMap_C' with ClassGeneratedBy '/Game/Maps/P_TestMap.P_TestMap:PersistentLevel.P_TestMap'
[2020.06.22-16.09.14:729][897]LogSlate: Updating window title bar state: overlay mode, drag disabled, window buttons hidden, title bar hidden
[2020.06.22-16.09.14:731][897]LogUObjectHash: Compacting FUObjectHashTables data took   1.15ms
[2020.06.22-16.09.14:781][901]LogPlayLevel: Display: Destroying online subsystem :Context_4
[2020.06.22-16.09.15:616][  1]LogSlate: FSceneViewport::OnFocusLost() reason 0
[2020.06.22-16.09.15:730][ 14]Cmd: OBJ SAVEPACKAGE PACKAGE="/Game/Maps/P_TestMap" FILE="D:/GitHub/UnrealEngine/CoopGame/Content/Maps/P_TestMap.umap" SILENT=true AUTOSAVING=false KEEPDIRTY=false
[2020.06.22-16.09.15:748][ 14]LogUObjectHash: Compacting FUObjectHashTables data took   0.49ms
[2020.06.22-16.09.15:831][ 14]LogSavePackage: Moving 'D:/GitHub/UnrealEngine/CoopGame/Saved/P_TestMapB4248A6B48805295376C908B70EC1D61.tmp' to 'D:/GitHub/UnrealEngine/CoopGame/Content/Maps/P_TestMap.umap'
[2020.06.22-16.09.15:854][ 14]Cmd: OBJ SAVEPACKAGE PACKAGE="/Game/Maps/P_TestMap_BuiltData" FILE="D:/GitHub/UnrealEngine/CoopGame/Content/Maps/P_TestMap_BuiltData.uasset" SILENT=true
[2020.06.22-16.09.15:866][ 14]LogSavePackage: Moving 'D:/GitHub/UnrealEngine/CoopGame/Saved/P_TestMap_BuiltDataDB4B3DAE4B0C1F74765530B4EC26BB91.tmp' to 'D:/GitHub/UnrealEngine/CoopGame/Content/Maps/P_TestMap_BuiltData.uasset'
[2020.06.22-16.09.17:110][160]LogUObjectHash: Compacting FUObjectHashTables data took   1.15ms
[2020.06.22-16.09.17:164][160]LogSlate: Window 'CoopGame - Unreal Editor' being destroyed
[2020.06.22-16.09.17:164][160]LogWindowsTextInputMethodSystem: Display: IME system now deactivated.
[2020.06.22-16.09.17:320][161]Cmd: QUIT_EDITOR
[2020.06.22-16.09.17:857][161]LogExit: Preparing to exit.
[2020.06.22-16.09.18:500][161]LogExit: Editor shut down
[2020.06.22-16.09.18:501][161]LogExit: Transaction tracking system shut down
[2020.06.22-16.09.18:591][161]LogExit: Object subsystem successfully closed.
[2020.06.22-16.09.18:603][161]LogShaderCompilers: Display: Shaders left to compile 0
[2020.06.22-16.09.18:606][161]LogD3D11RHI: Shutdown
[2020.06.22-16.09.18:606][161]LogD3D11RHI: CleanupD3DDevice
[2020.06.22-16.09.18:606][161]LogRendererCore: FGlobalReadBuffer::ReleaseRHI
[2020.06.22-16.09.18:606][161]LogRendererCore: FGlobalDynamicReadBuffer::Cleanup()
[2020.06.22-16.09.18:606][161]LogRendererCore: FGlobalReadBuffer::ReleaseRHI
[2020.06.22-16.09.18:606][161]LogRendererCore: FGlobalDynamicReadBuffer::Cleanup()
[2020.06.22-16.09.18:606][161]LogRendererCore: FGlobalReadBuffer::ReleaseRHI
[2020.06.22-16.09.18:606][161]LogRendererCore: FGlobalDynamicReadBuffer::Cleanup()
[2020.06.22-16.09.18:652][161]LogD3D11RHI: ~FD3D11DynamicRHI
[2020.06.22-16.09.18:672][161]LogModuleManager: Shutting down and abandoning module MovieSceneCapture (644)
[2020.06.22-16.09.18:672][161]LogModuleManager: Shutting down and abandoning module Voice (642)
[2020.06.22-16.09.18:672][161]LogModuleManager: Shutting down and abandoning module HierarchicalLODOutliner (640)
[2020.06.22-16.09.18:672][161]LogModuleManager: Shutting down and abandoning module SceneOutliner (638)
[2020.06.22-16.09.18:672][161]LogModuleManager: Shutting down and abandoning module AddContentDialog (636)
[2020.06.22-16.09.18:672][161]LogModuleManager: Shutting down and abandoning module WidgetCarousel (635)
[2020.06.22-16.09.18:672][161]LogModuleManager: Shutting down and abandoning module EditorWidgets (632)
[2020.06.22-16.09.18:672][161]LogModuleManager: Shutting down and abandoning module CollectionManager (630)
[2020.06.22-16.09.18:672][161]LogModuleManager: Shutting down and abandoning module StatsViewer (628)
[2020.06.22-16.09.18:672][161]LogModuleManager: Shutting down and abandoning module FoliageEdit (626)
[2020.06.22-16.09.18:672][161]LogModuleManager: Shutting down and abandoning module LandscapeEditor (624)
[2020.06.22-16.09.18:672][161]LogModuleManager: Shutting down and abandoning module MeshPaintMode (622)
[2020.06.22-16.09.18:672][161]LogModuleManager: Shutting down and abandoning module SceneDepthPickerMode (620)
[2020.06.22-16.09.18:672][161]LogModuleManager: Shutting down and abandoning module ActorPickerMode (618)
[2020.06.22-16.09.18:672][161]LogModuleManager: Shutting down and abandoning module GeometryMode (616)
[2020.06.22-16.09.18:672][161]LogModuleManager: Shutting down and abandoning module TextureAlignMode (614)
[2020.06.22-16.09.18:672][161]LogModuleManager: Shutting down and abandoning module BspMode (612)
[2020.06.22-16.09.18:672][161]LogModuleManager: Shutting down and abandoning module PIEPreviewDeviceProfileSelector (610)
[2020.06.22-16.09.18:672][161]LogModuleManager: Shutting down and abandoning module SequenceRecorderSections (608)
[2020.06.22-16.09.18:672][161]LogModuleManager: Shutting down and abandoning module AutomationWorker (606)
[2020.06.22-16.09.18:672][161]LogModuleManager: Shutting down and abandoning module OculusMR (604)
[2020.06.22-16.09.18:672][161]LogModuleManager: Shutting down and abandoning module AudioCaptureEditor (602)
[2020.06.22-16.09.18:672][161]LogModuleManager: Shutting down and abandoning module MatineeToLevelSequence (600)
[2020.06.22-16.09.18:672][161]LogModuleManager: Shutting down and abandoning module LevelSequenceEditor (598)
[2020.06.22-16.09.18:672][161]LogModuleManager: Shutting down and abandoning module PlacementMode (597)
[2020.06.22-16.09.18:672][161]LogModuleManager: Shutting down and abandoning module MaterialEditor (596)
[2020.06.22-16.09.18:672][161]LogModuleManager: Shutting down and abandoning module ActorSequenceEditor (592)
[2020.06.22-16.09.18:672][161]LogModuleManager: Shutting down and abandoning module WmfMediaFactory (590)
[2020.06.22-16.09.18:672][161]LogModuleManager: Shutting down and abandoning module WmfMediaEditor (588)
[2020.06.22-16.09.18:672][161]LogModuleManager: Shutting down and abandoning module WebMMediaFactory (586)
[2020.06.22-16.09.18:672][161]LogModuleManager: Shutting down and abandoning module WebMMediaEditor (584)
[2020.06.22-16.09.18:672][161]LogModuleManager: Shutting down and abandoning module WebMMedia (582)
[2020.06.22-16.09.18:672][161]LogModuleManager: Shutting down and abandoning module MediaPlayerEditor (580)
[2020.06.22-16.09.18:673][161]LogModuleManager: Shutting down and abandoning module MediaCompositingEditor (578)
[2020.06.22-16.09.18:673][161]LogModuleManager: Shutting down and abandoning module SequenceRecorder (577)
[2020.06.22-16.09.18:673][161]LogModuleManager: Shutting down and abandoning module OpenExrWrapper (574)
[2020.06.22-16.09.18:673][161]LogModuleManager: Shutting down and abandoning module ImgMediaFactory (572)
[2020.06.22-16.09.18:673][161]LogModuleManager: Shutting down and abandoning module ImgMediaEditor (570)
[2020.06.22-16.09.18:673][161]LogModuleManager: Shutting down and abandoning module AvfMediaFactory (568)
[2020.06.22-16.09.18:673][161]LogModuleManager: Shutting down and abandoning module AvfMediaEditor (566)
[2020.06.22-16.09.18:673][161]LogModuleManager: Shutting down and abandoning module AndroidMediaFactory (564)
[2020.06.22-16.09.18:673][161]LogModuleManager: Shutting down and abandoning module AndroidMediaEditor (562)
[2020.06.22-16.09.18:673][161]LogModuleManager: Shutting down and abandoning module MagicLeapCameraPreviewFactory (560)
[2020.06.22-16.09.18:673][161]LogModuleManager: Shutting down and abandoning module MagicLeapMediaCodecFactory (558)
[2020.06.22-16.09.18:673][161]LogModuleManager: Shutting down and abandoning module MagicLeapMediaFactory (556)
[2020.06.22-16.09.18:673][161]LogModuleManager: Shutting down and abandoning module MagicLeapMediaEditor (554)
[2020.06.22-16.09.18:673][161]LogModuleManager: Shutting down and abandoning module CharacterAI (552)
[2020.06.22-16.09.18:673][161]LogModuleManager: Shutting down and abandoning module SmartSnapping (550)
[2020.06.22-16.09.18:673][161]LogModuleManager: Shutting down and abandoning module SessionServices (548)
[2020.06.22-16.09.18:673][161]LogModuleManager: Shutting down and abandoning module MeshPaint (546)
[2020.06.22-16.09.18:673][161]LogModuleManager: Shutting down and abandoning module ViewportSnapping (544)
[2020.06.22-16.09.18:673][161]LogModuleManager: Shutting down and abandoning module ViewportInteraction (542)
[2020.06.22-16.09.18:673][161]LogModuleManager: Shutting down and abandoning module ClothPainter (540)
[2020.06.22-16.09.18:673][161]LogModuleManager: Shutting down and abandoning module SkeletalMeshEditor (539)
[2020.06.22-16.09.18:673][161]LogModuleManager: Shutting down and abandoning module LogVisualizer (536)
[2020.06.22-16.09.18:673][161]LogModuleManager: Shutting down and abandoning module IntroTutorials (534)
[2020.06.22-16.09.18:673][161]LogModuleManager: Shutting down and abandoning module GameProjectGeneration (533)
[2020.06.22-16.09.18:673][161]LogModuleManager: Shutting down and abandoning module LuminPlatformEditor (530)
[2020.06.22-16.09.18:673][161]LogModuleManager: Shutting down and abandoning module IOSPlatformEditor (528)
[2020.06.22-16.09.18:673][161]LogModuleManager: Shutting down and abandoning module HTML5PlatformEditor (526)
[2020.06.22-16.09.18:673][161]LogModuleManager: Shutting down and abandoning module AndroidPlatformEditor (524)
[2020.06.22-16.09.18:673][161]LogModuleManager: Shutting down and abandoning module AndroidDeviceDetection (523)
[2020.06.22-16.09.19:696][161]LogModuleManager: Shutting down and abandoning module WindowsPlatformEditor (520)
[2020.06.22-16.09.19:696][161]LogModuleManager: Shutting down and abandoning module LuminRuntimeSettings (518)
[2020.06.22-16.09.19:696][161]LogModuleManager: Shutting down and abandoning module IOSRuntimeSettings (516)
[2020.06.22-16.09.19:696][161]LogModuleManager: Shutting down and abandoning module AndroidRuntimeSettings (514)
[2020.06.22-16.09.19:696][161]LogModuleManager: Shutting down and abandoning module TimeManagementEditor (512)
[2020.06.22-16.09.19:696][161]LogModuleManager: Shutting down and abandoning module InputBindingEditor (510)
[2020.06.22-16.09.19:696][161]LogModuleManager: Shutting down and abandoning module MergeActors (508)
[2020.06.22-16.09.19:696][161]LogModuleManager: Shutting down and abandoning module LocalizationDashboard (506)
[2020.06.22-16.09.19:696][161]LogModuleManager: Shutting down and abandoning module LocalizationService (505)
[2020.06.22-16.09.19:696][161]LogModuleManager: Shutting down and abandoning module HardwareTargeting (502)
[2020.06.22-16.09.19:696][161]LogModuleManager: Shutting down and abandoning module DeviceProfileEditor (500)
[2020.06.22-16.09.19:696][161]LogModuleManager: Shutting down and abandoning module UndoHistory (498)
[2020.06.22-16.09.19:696][161]LogModuleManager: Shutting down and abandoning module XmlParser (496)
[2020.06.22-16.09.19:696][161]LogModuleManager: Shutting down and abandoning module Blutility (494)
[2020.06.22-16.09.19:696][161]LogModuleManager: Shutting down and abandoning module ProjectSettingsViewer (492)
[2020.06.22-16.09.19:696][161]LogModuleManager: Shutting down and abandoning module ProjectTargetPlatformEditor (491)
[2020.06.22-16.09.19:696][161]LogModuleManager: Shutting down and abandoning module EditorSettingsViewer (488)
[2020.06.22-16.09.19:696][161]LogModuleManager: Shutting down and abandoning module SettingsEditor (486)
[2020.06.22-16.09.19:696][161]LogModuleManager: Shutting down and abandoning module ProjectLauncher (484)
[2020.06.22-16.09.19:696][161]LogModuleManager: Shutting down and abandoning module SessionFrontend (482)
[2020.06.22-16.09.19:696][161]LogModuleManager: Shutting down and abandoning module ProfilerClient (480)
[2020.06.22-16.09.19:696][161]LogModuleManager: Shutting down and abandoning module DeviceManager (478)
[2020.06.22-16.09.19:696][161]LogModuleManager: Shutting down and abandoning module TargetDeviceServices (477)
[2020.06.22-16.09.19:741][161]LogModuleManager: Shutting down and abandoning module AutomationController (474)
[2020.06.22-16.09.19:741][161]LogModuleManager: Shutting down and abandoning module AutomationWindow (472)
[2020.06.22-16.09.19:741][161]LogModuleManager: Shutting down and abandoning module Layers (470)
[2020.06.22-16.09.19:741][161]LogModuleManager: Shutting down and abandoning module ComponentVisualizers (468)
[2020.06.22-16.09.19:741][161]LogModuleManager: Shutting down and abandoning module DetailCustomizations (466)
[2020.06.22-16.09.19:741][161]LogModuleManager: Shutting down and abandoning module PackagesDialog (464)
[2020.06.22-16.09.19:741][161]LogModuleManager: Shutting down and abandoning module AnimationBlueprintEditor (462)
[2020.06.22-16.09.19:741][161]LogModuleManager: Shutting down and abandoning module Persona (460)
[2020.06.22-16.09.19:741][161]LogModuleManager: Shutting down and abandoning module AdvancedPreviewScene (459)
[2020.06.22-16.09.19:741][161]LogModuleManager: Shutting down and abandoning module AnimGraph (457)
[2020.06.22-16.09.19:741][161]LogModuleManager: Shutting down and abandoning module Kismet (454)
[2020.06.22-16.09.19:741][161]LogModuleManager: Shutting down and abandoning module GraphEditor (452)
[2020.06.22-16.09.19:741][161]LogModuleManager: Shutting down and abandoning module ClassViewer (450)
[2020.06.22-16.09.19:741][161]LogModuleManager: Shutting down and abandoning module Toolbox (448)
[2020.06.22-16.09.19:741][161]LogModuleManager: Shutting down and abandoning module DesktopPlatform (447)
[2020.06.22-16.09.19:741][161]LogModuleManager: Shutting down and abandoning module ModuleUI (444)
[2020.06.22-16.09.19:741][161]LogModuleManager: Shutting down and abandoning module MovieSceneTools (442)
[2020.06.22-16.09.19:741][161]LogModuleManager: Shutting down and abandoning module OutputLog (440)
[2020.06.22-16.09.19:741][161]LogModuleManager: Shutting down and abandoning module GammaUI (438)
[2020.06.22-16.09.19:741][161]LogModuleManager: Shutting down and abandoning module Documentation (436)
[2020.06.22-16.09.19:741][161]LogModuleManager: Shutting down and abandoning module LiveCoding (434)
[2020.06.22-16.09.19:741][161]LogModuleManager: Shutting down and abandoning module LevelSequence (432)
[2020.06.22-16.09.19:741][161]LogModuleManager: Shutting down and abandoning module MovieSceneTracks (430)
[2020.06.22-16.09.19:741][161]LogModuleManager: Shutting down and abandoning module MovieScene (428)
[2020.06.22-16.09.19:741][161]LogModuleManager: Shutting down and abandoning module StreamingPauseRendering (426)
[2020.06.22-16.09.19:741][161]LogModuleManager: Shutting down and abandoning module LauncherPlatform (424)
[2020.06.22-16.09.19:741][161]LogModuleManager: Shutting down and abandoning module AnalyticsET (422)
[2020.06.22-16.09.19:741][161]LogModuleManager: Shutting down and abandoning module PortalServices (420)
[2020.06.22-16.09.19:741][161]LogModuleManager: Shutting down and abandoning module PortalRpc (418)
[2020.06.22-16.09.19:741][161]LogModuleManager: Shutting down and abandoning module MessagingRpc (416)
[2020.06.22-16.09.19:741][161]LogModuleManager: Shutting down and abandoning module AIModule (414)
[2020.06.22-16.09.19:742][161]LogModuleManager: Shutting down and abandoning module GameplayDebugger (413)
[2020.06.22-16.09.19:742][161]LogModuleManager: Shutting down and abandoning module AITestSuite (411)
[2020.06.22-16.09.19:742][161]LogModuleManager: Shutting down and abandoning module NavigationSystem (409)
[2020.06.22-16.09.19:742][161]LogModuleManager: Shutting down and abandoning module ImageWriteQueue (406)
[2020.06.22-16.09.19:743][161]LogModuleManager: Shutting down and abandoning module ProfilerService (404)
[2020.06.22-16.09.19:906][161]LogModuleManager: Shutting down and abandoning module TaskGraph (402)
[2020.06.22-16.09.19:906][161]LogModuleManager: Shutting down and abandoning module ProceduralMeshComponentEditor (400)
[2020.06.22-16.09.19:906][161]LogModuleManager: Shutting down and abandoning module ProceduralMeshComponent (398)
[2020.06.22-16.09.19:906][161]LogModuleManager: Shutting down and abandoning module OculusEditor (396)
[2020.06.22-16.09.19:906][161]LogModuleManager: Shutting down and abandoning module OculusInput (394)
[2020.06.22-16.09.19:907][161]LogModuleManager: Shutting down and abandoning module MobilePatchingUtils (392)
[2020.06.22-16.09.19:907][161]LogModuleManager: Shutting down and abandoning module EditableMesh (390)
[2020.06.22-16.09.19:907][161]LogModuleManager: Shutting down and abandoning module CustomMeshComponent (388)
[2020.06.22-16.09.19:907][161]LogModuleManager: Shutting down and abandoning module CableComponent (386)
[2020.06.22-16.09.19:907][161]LogModuleManager: Shutting down and abandoning module AudioCapture (384)
[2020.06.22-16.09.19:907][161]LogModuleManager: Shutting down and abandoning module ArchVisCharacter (382)
[2020.06.22-16.09.19:907][161]LogModuleManager: Shutting down and abandoning module AndroidPermission (380)
[2020.06.22-16.09.19:907][161]LogModuleManager: Shutting down and abandoning module NUTUnrealEngine4 (378)
[2020.06.22-16.09.19:907][161]LogModuleManager: Shutting down and abandoning module NetcodeUnitTest (376)
[2020.06.22-16.09.19:907][161]LogModuleManager: Shutting down and abandoning module MediaCompositing (374)
[2020.06.22-16.09.19:907][161]LogModuleManager: Shutting down and abandoning module LinearTimecode (372)
[2020.06.22-16.09.19:907][161]LogModuleManager: Shutting down and abandoning module ImgMedia (370)
[2020.06.22-16.09.19:907][161]LogModuleManager: Shutting down and abandoning module MagicLeapHelperVulkan (368)
[2020.06.22-16.09.19:907][161]LogModuleManager: Shutting down and abandoning module MagicLeapHelperOpenGL (366)
[2020.06.22-16.09.19:907][161]LogModuleManager: Shutting down and abandoning module MagicLeapAudio (364)
[2020.06.22-16.09.19:907][161]LogModuleManager: Shutting down and abandoning module HTML5Networking (362)
[2020.06.22-16.09.19:907][161]LogModuleManager: Shutting down and abandoning module GeometryCacheTracks (360)
[2020.06.22-16.09.19:907][161]LogModuleManager: Shutting down and abandoning module GeometryCacheSequencer (358)
[2020.06.22-16.09.19:907][161]LogModuleManager: Shutting down and abandoning module BackChannel (356)
[2020.06.22-16.09.19:907][161]LogModuleManager: Shutting down and abandoning module AppleVision (354)
[2020.06.22-16.09.19:907][161]LogModuleManager: Shutting down and abandoning module AppleImageUtilsBlueprintSupport (352)
[2020.06.22-16.09.19:907][161]LogModuleManager: Shutting down and abandoning module AppleImageUtils (350)
[2020.06.22-16.09.19:907][161]LogModuleManager: Shutting down and abandoning module AlembicImporter (348)
[2020.06.22-16.09.19:907][161]LogModuleManager: Shutting down and abandoning module AlembicLibrary (347)
[2020.06.22-16.09.19:907][161]LogModuleManager: Shutting down and abandoning module GeometryCache (346)
[2020.06.22-16.09.19:907][161]LogModuleManager: Shutting down and abandoning module GeometryCacheEd (345)
[2020.06.22-16.09.19:907][161]LogModuleManager: Shutting down and abandoning module VariantManagerContent (340)
[2020.06.22-16.09.19:907][161]LogModuleManager: Shutting down and abandoning module DatasmithContentEditor (338)
[2020.06.22-16.09.19:907][161]LogModuleManager: Shutting down and abandoning module SpeedTreeImporter (336)
[2020.06.22-16.09.19:907][161]LogModuleManager: Shutting down and abandoning module PluginBrowser (334)
[2020.06.22-16.09.19:907][161]LogModuleManager: Shutting down and abandoning module MobileLauncherProfileWizard (332)
[2020.06.22-16.09.19:907][161]LogModuleManager: Shutting down and abandoning module MaterialAnalyzer (330)
[2020.06.22-16.09.19:907][161]LogModuleManager: Shutting down and abandoning module CryptoKeysOpenSSL (328)
[2020.06.22-16.09.19:907][161]LogModuleManager: Shutting down and abandoning module CryptoKeys (326)
[2020.06.22-16.09.19:907][161]LogModuleManager: Shutting down and abandoning module VisualStudioSourceCodeAccess (324)
[2020.06.22-16.09.19:907][161]LogModuleManager: Shutting down and abandoning module VisualStudioCodeSourceCodeAccess (322)
[2020.06.22-16.09.19:907][161]LogModuleManager: Shutting down and abandoning module UObjectPlugin (320)
[2020.06.22-16.09.19:907][161]LogModuleManager: Shutting down and abandoning module SubversionSourceControl (318)
[2020.06.22-16.09.19:907][161]LogModuleManager: Shutting down and abandoning module PerforceSourceControl (316)
[2020.06.22-16.09.19:907][161]LogModuleManager: Shutting down and abandoning module GitSourceControl (314)
[2020.06.22-16.09.19:907][161]LogModuleManager: Shutting down and abandoning module SourceControl (313)
[2020.06.22-16.09.19:907][161]LogModuleManager: Shutting down and abandoning module CLionSourceCodeAccess (310)
[2020.06.22-16.09.19:907][161]LogModuleManager: Shutting down and abandoning module AnimationSharingEd (308)
[2020.06.22-16.09.19:907][161]LogModuleManager: Shutting down and abandoning module ActorLayerUtilitiesEditor (306)
[2020.06.22-16.09.19:907][161]LogModuleManager: Shutting down and abandoning module ActorLayerUtilities (304)
[2020.06.22-16.09.19:907][161]LogModuleManager: Shutting down and abandoning module LightPropagationVolumeEditor (302)
[2020.06.22-16.09.19:907][161]LogModuleManager: Shutting down and abandoning module PaperTiledImporter (300)
[2020.06.22-16.09.19:907][161]LogModuleManager: Shutting down and abandoning module PaperSpriteSheetImporter (298)
[2020.06.22-16.09.19:907][161]LogModuleManager: Shutting down and abandoning module Paper2DEditor (296)
[2020.06.22-16.09.19:907][161]LogModuleManager: Shutting down and abandoning module CoopGame (294)
[2020.06.22-16.09.19:907][161]LogModuleManager: Shutting down and abandoning module SignificanceManager (292)
[2020.06.22-16.09.19:907][161]LogModuleManager: Shutting down and abandoning module RuntimePhysXCooking (290)
[2020.06.22-16.09.19:907][161]LogModuleManager: Shutting down and abandoning module PhysXVehiclesEditor (288)
[2020.06.22-16.09.19:907][161]LogModuleManager: Shutting down and abandoning module PhysXVehicles (286)
[2020.06.22-16.09.19:907][161]LogModuleManager: Shutting down and abandoning module LocationServicesBPLibrary (284)
[2020.06.22-16.09.19:907][161]LogModuleManager: Shutting down and abandoning module ActorSequence (282)
[2020.06.22-16.09.19:907][161]LogModuleManager: Shutting down and abandoning module UdpMessaging (280)
[2020.06.22-16.09.20:008][161]LogModuleManager: Shutting down and abandoning module TcpMessaging (278)
[2020.06.22-16.09.20:109][161]LogModuleManager: Shutting down and abandoning module MagicLeapIdentity (276)
[2020.06.22-16.09.20:109][161]LogModuleManager: Shutting down and abandoning module MagicLeapSecureStorage (274)
[2020.06.22-16.09.20:109][161]LogModuleManager: Shutting down and abandoning module MagicLeapHandTracking (272)
[2020.06.22-16.09.20:109][161]LogModuleManager: Shutting down and abandoning module MagicLeapEyeTracker (270)
[2020.06.22-16.09.20:109][161]LogModuleManager: Shutting down and abandoning module MagicLeapController (268)
[2020.06.22-16.09.20:109][161]LogSlate: Slate User Destroyed.  User Index 0, Is Virtual User: 0
[2020.06.22-16.09.20:109][161]LogModuleManager: Shutting down and abandoning module MagicLeapAR (266)
[2020.06.22-16.09.20:109][161]LogModuleManager: Shutting down and abandoning module AugmentedReality (265)
[2020.06.22-16.09.20:109][161]LogModuleManager: Shutting down and abandoning module GameplayTagsEditor (262)
[2020.06.22-16.09.20:109][161]LogModuleManager: Shutting down and abandoning module FacialAnimationEditor (260)
[2020.06.22-16.09.20:109][161]LogModuleManager: Shutting down and abandoning module FacialAnimation (258)
[2020.06.22-16.09.20:109][161]LogModuleManager: Shutting down and abandoning module DataValidation (256)
[2020.06.22-16.09.20:109][161]LogModuleManager: Shutting down and abandoning module AssetManagerEditor (254)
[2020.06.22-16.09.20:109][161]LogModuleManager: Shutting down and abandoning module LevelEditor (253)
[2020.06.22-16.09.20:109][161]LogModuleManager: Shutting down and abandoning module PixelInspectorModule (252)
[2020.06.22-16.09.20:109][161]LogModuleManager: Shutting down and abandoning module CommonMenuExtensions (250)
[2020.06.22-16.09.20:109][161]LogModuleManager: Shutting down and abandoning module MainFrame (248)
[2020.06.22-16.09.20:109][161]LogModuleManager: Shutting down and abandoning module HotReload (247)
[2020.06.22-16.09.20:110][161]LogModuleManager: Shutting down and abandoning module ContentBrowser (243)
[2020.06.22-16.09.20:110][161]LogModuleManager: Shutting down and abandoning module TreeMap (241)
[2020.06.22-16.09.20:110][161]LogModuleManager: Shutting down and abandoning module AnimationSharing (238)
[2020.06.22-16.09.20:110][161]LogModuleManager: Shutting down and abandoning module LightPropagationVolumeRuntime (236)
[2020.06.22-16.09.20:110][161]LogModuleManager: Shutting down and abandoning module AISupportModule (234)
[2020.06.22-16.09.20:110][161]LogModuleManager: Shutting down and abandoning module Paper2D (232)
[2020.06.22-16.09.20:110][161]LogModuleManager: Shutting down and abandoning module WindowsMoviePlayer (230)
[2020.06.22-16.09.20:110][161]LogModuleManager: Shutting down and abandoning module WebMMoviePlayer (228)
[2020.06.22-16.09.20:110][161]LogModuleManager: Shutting down and abandoning module PacketHandler (226)
[2020.06.22-16.09.20:110][161]LogModuleManager: Shutting down and abandoning module ClothingSystemEditor (224)
[2020.06.22-16.09.20:110][161]LogModuleManager: Shutting down and abandoning module ClothingSystemRuntime (222)
[2020.06.22-16.09.20:110][161]LogModuleManager: Shutting down and abandoning module MediaAssets (220)
[2020.06.22-16.09.20:110][161]LogModuleManager: Shutting down and abandoning module Overlay (218)
[2020.06.22-16.09.20:110][161]LogModuleManager: Shutting down and abandoning module OverlayEditor (217)
[2020.06.22-16.09.20:110][161]LogModuleManager: Shutting down and abandoning module VREditor (214)
[2020.06.22-16.09.20:110][161]LogModuleManager: Shutting down and abandoning module StringTableEditor (212)
[2020.06.22-16.09.20:110][161]LogModuleManager: Shutting down and abandoning module GameplayTasksEditor (210)
[2020.06.22-16.09.20:110][161]LogModuleManager: Shutting down and abandoning module BehaviorTreeEditor (208)
[2020.06.22-16.09.20:110][161]LogModuleManager: Shutting down and abandoning module FunctionalTesting (206)
[2020.06.22-16.09.20:111][161]LogModuleManager: Shutting down and abandoning module CollisionAnalyzer (204)
[2020.06.22-16.09.20:111][161]LogModuleManager: Shutting down and abandoning module WorkspaceMenuStructure (203)
[2020.06.22-16.09.20:111][161]LogModuleManager: Shutting down and abandoning module UMG (200)
[2020.06.22-16.09.20:111][161]LogModuleManager: Shutting down and abandoning module UMGEditor (199)
[2020.06.22-16.09.20:111][161]LogModuleManager: Shutting down and abandoning module Sequencer (198)
[2020.06.22-16.09.20:111][161]LogModuleManager: Shutting down and abandoning module MessageLog (195)
[2020.06.22-16.09.20:111][161]LogModuleManager: Shutting down and abandoning module SlateReflector (190)
[2020.06.22-16.09.20:111][161]LogModuleManager: Shutting down and abandoning module Slate (188)
[2020.06.22-16.09.20:111][161]LogModuleManager: Shutting down and abandoning module EditorStyle (186)
[2020.06.22-16.09.20:112][161]LogModuleManager: Shutting down and abandoning module UnrealEd (184)
[2020.06.22-16.09.20:112][161]LogModuleManager: Shutting down and abandoning module MRMesh (182)
[2020.06.22-16.09.20:112][161]LogModuleManager: Shutting down and abandoning module SourceCodeAccess (180)
[2020.06.22-16.09.20:112][161]LogModuleManager: Shutting down and abandoning module HeadMountedDisplay (178)
[2020.06.22-16.09.20:112][161]LogModuleManager: Shutting down and abandoning module XAudio2 (176)
[2020.06.22-16.09.20:112][161]LogModuleManager: Shutting down and abandoning module Networking (174)
[2020.06.22-16.09.20:112][161]LogModuleManager: Shutting down and abandoning module Core (172)
[2020.06.22-16.09.20:112][161]LogModuleManager: Shutting down and abandoning module KismetCompiler (170)
[2020.06.22-16.09.20:112][161]LogModuleManager: Shutting down and abandoning module MeshUtilities (168)
[2020.06.22-16.09.20:112][161]LogModuleManager: Shutting down and abandoning module MeshMergeUtilities (167)
[2020.06.22-16.09.20:112][161]LogModuleManager: Shutting down and abandoning module MeshReductionInterface (166)
[2020.06.22-16.09.20:112][161]LogModuleManager: Shutting down and abandoning module SkeletalMeshReduction (165)
[2020.06.22-16.09.20:112][161]LogModuleManager: Shutting down and abandoning module ProxyLODMeshReduction (163)
[2020.06.22-16.09.20:112][161]LogModuleManager: Shutting down and abandoning module QuadricMeshReduction (161)
[2020.06.22-16.09.20:112][161]LogModuleManager: Shutting down and abandoning module MaterialBaking (157)
[2020.06.22-16.09.20:112][161]LogModuleManager: Shutting down and abandoning module DerivedDataCache (152)
[2020.06.22-16.09.20:598][161]LogDerivedDataCache: Shutdown
[2020.06.22-16.09.20:598][161]LogModuleManager: Shutting down and abandoning module XGEController (150)
[2020.06.22-16.09.20:598][161]LogModuleManager: Shutting down and abandoning module TargetPlatform (148)
[2020.06.22-16.09.20:598][161]LogModuleManager: Shutting down and abandoning module VulkanShaderFormat (147)
[2020.06.22-16.09.20:598][161]LogModuleManager: Shutting down and abandoning module ShaderFormatVectorVM (145)
[2020.06.22-16.09.20:598][161]LogModuleManager: Shutting down and abandoning module ShaderFormatOpenGL (143)
[2020.06.22-16.09.20:598][161]LogModuleManager: Shutting down and abandoning module ShaderFormatD3D (141)
[2020.06.22-16.09.20:599][161]LogModuleManager: Shutting down and abandoning module MetalShaderFormat (139)
[2020.06.22-16.09.20:599][161]LogModuleManager: Shutting down and abandoning module TextureFormatUncompressed (137)
[2020.06.22-16.09.20:599][161]LogModuleManager: Shutting down and abandoning module TextureFormatPVR (135)
[2020.06.22-16.09.20:599][161]LogModuleManager: Shutting down and abandoning module TextureFormatDXT (133)
[2020.06.22-16.09.20:599][161]LogModuleManager: Shutting down and abandoning module TextureFormatIntelISPCTexComp (131)
[2020.06.22-16.09.20:599][161]LogModuleManager: Shutting down and abandoning module TextureFormatASTC (129)
[2020.06.22-16.09.20:599][161]LogModuleManager: Shutting down and abandoning module ImageWrapper (128)
[2020.06.22-16.09.20:599][161]LogModuleManager: Shutting down and abandoning module TextureFormatAndroid (125)
[2020.06.22-16.09.20:599][161]LogModuleManager: Shutting down and abandoning module AudioFormatOpus (123)
[2020.06.22-16.09.20:599][161]LogModuleManager: Shutting down and abandoning module AudioFormatOgg (121)
[2020.06.22-16.09.20:599][161]LogModuleManager: Shutting down and abandoning module AudioFormatADPCM (119)
[2020.06.22-16.09.20:599][161]LogModuleManager: Shutting down and abandoning module LuminTargetPlatform (117)
[2020.06.22-16.09.20:599][161]LogModuleManager: Shutting down and abandoning module LinuxTargetPlatform (115)
[2020.06.22-16.09.20:599][161]LogModuleManager: Shutting down and abandoning module LinuxServerTargetPlatform (113)
[2020.06.22-16.09.20:599][161]LogModuleManager: Shutting down and abandoning module LinuxNoEditorTargetPlatform (111)
[2020.06.22-16.09.20:599][161]LogModuleManager: Shutting down and abandoning module LinuxClientTargetPlatform (109)
[2020.06.22-16.09.20:599][161]LogModuleManager: Shutting down and abandoning module TVOSTargetPlatform (107)
[2020.06.22-16.09.20:600][161]LogModuleManager: Shutting down and abandoning module Messaging (105)
[2020.06.22-16.09.20:600][161]LogModuleManager: Shutting down and abandoning module IOSTargetPlatform (103)
[2020.06.22-16.09.20:600][161]LogModuleManager: Shutting down and abandoning module HTML5TargetPlatform (101)
[2020.06.22-16.09.20:600][161]LogModuleManager: Shutting down and abandoning module AndroidTargetPlatform (99)
[2020.06.22-16.09.20:603][161]LogModuleManager: Shutting down and abandoning module WindowsTargetPlatform (97)
[2020.06.22-16.09.20:603][161]LogModuleManager: Shutting down and abandoning module WindowsServerTargetPlatform (95)
[2020.06.22-16.09.20:603][161]LogModuleManager: Shutting down and abandoning module WindowsNoEditorTargetPlatform (93)
[2020.06.22-16.09.20:603][161]LogModuleManager: Shutting down and abandoning module WindowsClientTargetPlatform (91)
[2020.06.22-16.09.20:603][161]LogModuleManager: Shutting down and abandoning module MacTargetPlatform (89)
[2020.06.22-16.09.20:603][161]LogModuleManager: Shutting down and abandoning module MacServerTargetPlatform (87)
[2020.06.22-16.09.20:603][161]LogModuleManager: Shutting down and abandoning module MacNoEditorTargetPlatform (85)
[2020.06.22-16.09.20:603][161]LogModuleManager: Shutting down and abandoning module MacClientTargetPlatform (83)
[2020.06.22-16.09.20:603][161]LogModuleManager: Shutting down and abandoning module AllDesktopTargetPlatform (81)
[2020.06.22-16.09.20:603][161]LogModuleManager: Shutting down and abandoning module InputCore (78)
[2020.06.22-16.09.20:603][161]LogModuleManager: Shutting down and abandoning module Settings (76)
[2020.06.22-16.09.20:603][161]LogModuleManager: Shutting down and abandoning module DirectoryWatcher (74)
[2020.06.22-16.09.20:603][161]LogModuleManager: Shutting down and abandoning module PhysXCooking (72)
[2020.06.22-16.09.20:603][161]LogModuleManager: Shutting down and abandoning module OculusHMD (70)
[2020.06.22-16.09.20:603][161]LogModuleManager: Shutting down and abandoning module ExampleDeviceProfileSelector (68)
[2020.06.22-16.09.20:603][161]LogModuleManager: Shutting down and abandoning module LauncherChunkInstaller (66)
[2020.06.22-16.09.20:603][161]LogModuleManager: Shutting down and abandoning module OnlineBlueprintSupport (64)
[2020.06.22-16.09.20:603][161]LogModuleManager: Shutting down and abandoning module OnlineSubsystem (60)
[2020.06.22-16.09.20:604][161]LogModuleManager: Shutting down and abandoning module XMPP (55)
[2020.06.22-16.09.20:604][161]LogModuleManager: Shutting down and abandoning module WebSockets (54)
[2020.06.22-16.09.20:639][161]LogModuleManager: Shutting down and abandoning module HTTP (51)
[2020.06.22-16.09.20:639][161]LogHttp: Display: Http module shutting down, but needs to wait on 1 outstanding Http requests:
[2020.06.22-16.09.20:639][161]LogHttp: Display: 	verb=[POST] url=[https://datarouter.ol.epicgames.com/datarouter/api/v1/public/data?SessionID=%7B19C81BB5-4FD3-CB0A-57E4-3992200A3D2E%7D&AppID=UEEditor.Rocket.Release&AppVersion=4.22.3-7053642%2B%2B%2BUE4%2BRelease-4.22&UserID=8f2e3a6447fe34fb4df8a7b8ea9cdd40%7C6612d62754d34bd8b7fbed12a18e7a5a%7C82747b5e-e281-44c2-9b94-0e5f1057fa10&AppEnvironment=datacollector-binary&UploadType=eteventstream] status=Processing
[2020.06.22-16.09.20:640][161]LogModuleManager: Shutting down and abandoning module SSL (50)
[2020.06.22-16.09.20:641][161]LogModuleManager: Shutting down and abandoning module WmfMedia (46)
[2020.06.22-16.09.20:642][161]LogModuleManager: Shutting down and abandoning module Media (45)
[2020.06.22-16.09.20:648][161]LogModuleManager: Shutting down and abandoning module MagicLeap (42)
[2020.06.22-16.09.20:648][161]LogModuleManager: Shutting down and abandoning module DatasmithContent (40)
[2020.06.22-16.09.20:648][161]LogModuleManager: Shutting down and abandoning module AnimationModifiers (38)
[2020.06.22-16.09.20:648][161]LogModuleManager: Shutting down and abandoning module PropertyEditor (37)
[2020.06.22-16.09.20:648][161]LogModuleManager: Shutting down and abandoning module AudioEditor (34)
[2020.06.22-16.09.20:648][161]LogModuleManager: Shutting down and abandoning module TextureCompressor (32)
[2020.06.22-16.09.20:648][161]LogModuleManager: Shutting down and abandoning module RenderCore (30)
[2020.06.22-16.09.20:648][161]LogModuleManager: Shutting down and abandoning module Landscape (28)
[2020.06.22-16.09.20:648][161]LogModuleManager: Shutting down and abandoning module SlateRHIRenderer (26)
[2020.06.22-16.09.20:649][161]LogModuleManager: Shutting down and abandoning module OpenGLDrv (24)
[2020.06.22-16.09.20:649][161]LogModuleManager: Shutting down and abandoning module D3D11RHI (22)
[2020.06.22-16.09.20:649][161]LogModuleManager: Shutting down and abandoning module AnimGraphRuntime (20)
[2020.06.22-16.09.20:649][161]LogModuleManager: Shutting down and abandoning module Renderer (18)
[2020.06.22-16.09.20:649][161]LogModuleManager: Shutting down and abandoning module Engine (16)
[2020.06.22-16.09.20:649][161]LogModuleManager: Shutting down and abandoning module CoreUObject (14)
[2020.06.22-16.09.20:649][161]LogModuleManager: Shutting down and abandoning module NetworkFile (12)
[2020.06.22-16.09.20:649][161]LogModuleManager: Shutting down and abandoning module CookedIterativeFile (10)
[2020.06.22-16.09.20:649][161]LogModuleManager: Shutting down and abandoning module StreamingFile (8)
[2020.06.22-16.09.20:649][161]LogModuleManager: Shutting down and abandoning module SandboxFile (6)
[2020.06.22-16.09.20:649][161]LogModuleManager: Shutting down and abandoning module PakFile (4)
[2020.06.22-16.09.20:649][161]LogModuleManager: Shutting down and abandoning module RSA (3)
[2020.06.22-16.09.20:653][161]LogExit: Exiting.
[2020.06.22-16.09.20:670][161]Log file closed, 06/22/20 18:09:20
