Log file open, 07/27/20 10:58:36
LogWindows: Failed to load 'aqProf.dll' (GetLastError=126)
LogWindows: File 'aqProf.dll' does not exist
LogWindows: Failed to load 'VtuneApi.dll' (GetLastError=126)
LogWindows: File 'VtuneApi.dll' does not exist
LogWindows: Failed to load 'VtuneApi32e.dll' (GetLastError=126)
LogWindows: File 'VtuneApi32e.dll' does not exist
LogConsoleResponse: Display: Failed to find resolution value strings in scalability ini. Falling back to default.
LogInit: Display: Running engine for game: CoopGame
LogPakFile: Registered encryption key '00000000000000000000000000000000': 0 pak files mounted, 0 remain pending
LogPlatformFile: Not using cached read wrapper
LogTaskGraph: Started task graph with 5 named threads and 23 total threads with 3 sets of task threads.
LogStats: Stats thread started at 0.269952
LogD3D11RHI: Loaded GFSDK_Aftermath_Lib.x64.dll
LogICUInternationalization: ICU TimeZone Detection - Raw Offset: +1:00, Platform Override: ''
LogPluginManager: Mounting plugin Paper2D
LogPluginManager: Mounting plugin AISupport
LogPluginManager: Mounting plugin LightPropagationVolume
LogPluginManager: Mounting plugin ActorLayerUtilities
LogPluginManager: Mounting plugin AnimationSharing
LogPluginManager: Mounting plugin CLionSourceCodeAccess
LogPluginManager: Mounting plugin CodeLiteSourceCodeAccess
LogPluginManager: Mounting plugin GitSourceControl
LogPluginManager: Mounting plugin KDevelopSourceCodeAccess
LogPluginManager: Mounting plugin NullSourceCodeAccess
LogPluginManager: Mounting plugin PerforceSourceControl
LogPluginManager: Mounting plugin SubversionSourceControl
LogPluginManager: Mounting plugin UObjectPlugin
LogPluginManager: Mounting plugin VisualStudioCodeSourceCodeAccess
LogPluginManager: Mounting plugin VisualStudioSourceCodeAccess
LogPluginManager: Mounting plugin XCodeSourceCodeAccess
LogPluginManager: Mounting plugin AssetManagerEditor
LogPluginManager: Mounting plugin CryptoKeys
LogPluginManager: Mounting plugin DataValidation
LogPluginManager: Mounting plugin FacialAnimation
LogPluginManager: Mounting plugin GameplayTagsEditor
LogPluginManager: Mounting plugin MacGraphicsSwitching
LogPluginManager: Mounting plugin MaterialAnalyzer
LogPluginManager: Mounting plugin MobileLauncherProfileWizard
LogPluginManager: Mounting plugin PluginBrowser
LogPluginManager: Mounting plugin SpeedTreeImporter
LogPluginManager: Mounting plugin DatasmithContent
LogPluginManager: Mounting plugin VariantManagerContent
LogPluginManager: Mounting plugin AlembicImporter
LogPluginManager: Mounting plugin AppleImageUtils
LogPluginManager: Mounting plugin AppleVision
LogPluginManager: Mounting plugin BackChannel
LogPluginManager: Mounting plugin CharacterAI
LogPluginManager: Mounting plugin GeometryCache
LogPluginManager: Mounting plugin HTML5Networking
LogPluginManager: Mounting plugin ProxyLODPlugin
LogPluginManager: Mounting plugin SkeletalReduction
LogPluginManager: Mounting plugin MagicLeap
LogPluginManager: Mounting plugin MagicLeapMedia
LogPluginManager: Mounting plugin AndroidMedia
LogPluginManager: Mounting plugin AvfMedia
LogPluginManager: Mounting plugin ImgMedia
LogPluginManager: Mounting plugin LinearTimecode
LogPluginManager: Mounting plugin MediaCompositing
LogPluginManager: Mounting plugin MediaPlayerEditor
LogPluginManager: Mounting plugin WebMMedia
LogPluginManager: Mounting plugin WmfMedia
LogPluginManager: Mounting plugin TcpMessaging
LogPluginManager: Mounting plugin UdpMessaging
LogPluginManager: Mounting plugin ActorSequence
LogPluginManager: Mounting plugin LevelSequenceEditor
LogPluginManager: Mounting plugin MatineeToLevelSequence
LogPluginManager: Mounting plugin NetcodeUnitTest
LogPluginManager: Mounting plugin NUTUnrealEngine4
LogPluginManager: Mounting plugin OnlineSubsystemGooglePlay
LogPluginManager: Mounting plugin OnlineSubsystemIOS
LogPluginManager: Mounting plugin OnlineSubsystem
LogPluginManager: Mounting plugin OnlineSubsystemNull
LogPluginManager: Mounting plugin OnlineSubsystemUtils
LogPluginManager: Mounting plugin LauncherChunkInstaller
LogPluginManager: Mounting plugin AndroidDeviceProfileSelector
LogPluginManager: Mounting plugin AndroidMoviePlayer
LogPluginManager: Mounting plugin AndroidPermission
LogPluginManager: Mounting plugin AppleMoviePlayer
LogPluginManager: Mounting plugin ArchVisCharacter
LogPluginManager: Mounting plugin AudioCapture
LogPluginManager: Mounting plugin CableComponent
LogPluginManager: Mounting plugin CustomMeshComponent
LogPluginManager: Mounting plugin EditableMesh
LogPluginManager: Mounting plugin ExampleDeviceProfileSelector
LogPluginManager: Mounting plugin Firebase
LogPluginManager: Mounting plugin GoogleCloudMessaging
LogPluginManager: Mounting plugin IOSDeviceProfileSelector
LogPluginManager: Mounting plugin LinuxDeviceProfileSelector
LogPluginManager: Mounting plugin LocationServicesBPLibrary
LogPluginManager: Mounting plugin MobilePatchingUtils
LogPluginManager: Mounting plugin OculusVR
LogPluginManager: Mounting plugin PhysXVehicles
LogPluginManager: Mounting plugin ProceduralMeshComponent
LogPluginManager: Mounting plugin RuntimePhysXCooking
LogPluginManager: Mounting plugin SignificanceManager
LogPluginManager: Mounting plugin WebMMoviePlayer
LogPluginManager: Mounting plugin WindowsMoviePlayer
LogInit: Using libcurl 7.55.1-DEV
LogInit:  - built for x86_64-pc-win32
LogInit:  - supports SSL with OpenSSL/1.1.1
LogInit:  - supports HTTP deflate (compression) using libz 1.2.8
LogInit:  - other features:
LogInit:      CURL_VERSION_SSL
LogInit:      CURL_VERSION_LIBZ
LogInit:      CURL_VERSION_IPV6
LogInit:      CURL_VERSION_ASYNCHDNS
LogInit:      CURL_VERSION_LARGEFILE
LogInit:      CURL_VERSION_IDN
LogInit:  CurlRequestOptions (configurable via config and command line):
LogInit:  - bVerifyPeer = true  - Libcurl will verify peer certificate
LogInit:  - bUseHttpProxy = false  - Libcurl will NOT use HTTP proxy
LogInit:  - bDontReuseConnections = false  - Libcurl will reuse connections
LogInit:  - MaxHostConnections = 16  - Libcurl will limit the number of connections to a host
LogInit:  - LocalHostAddr = Default
LogInit:  - BufferSize = 65536
LogInit: WinSock: version 1.1 (2.2), MaxSocks=32767, MaxUdp=65467
LogInit: Build: ++UE4+Release-4.22-CL-7053642
LogInit: Engine Version: 4.22.3-7053642+++UE4+Release-4.22
LogInit: Compatible Engine Version: 4.22.0-5660361+++UE4+Release-4.22
LogInit: Net CL: 5660361
LogInit: OS: Windows 10 (Release 1903) (), CPU: Intel(R) Core(TM) i7-6700K CPU @ 4.00GHz, GPU: NVIDIA GeForce GTX 970
LogInit: Compiled (64-bit): Jun 18 2019 03:09:11
LogInit: Compiled with Visual C++: 19.16.27025.01
LogInit: Build Configuration: Development
LogInit: Branch Name: ++UE4+Release-4.22
LogInit: Command Line:  -EpicPortal -epicusername=Blackmaxic -epicuserid=6612d62754d34bd8b7fbed12a18e7a5a -epiclocale=en
LogInit: Base Directory: C:/Program Files/Epic Games/UE_4.22/Engine/Binaries/Win64/
LogInit: Installed Engine Build: 1
LogDevObjectVersion: Number of dev versions registered: 23
LogDevObjectVersion:   Dev-Blueprints (B0D832E4-1F89-4F0D-ACCF-7EB736FD4AA2): 10
LogDevObjectVersion:   Dev-Build (E1C64328-A22C-4D53-A36C-8E866417BD8C): 0
LogDevObjectVersion:   Dev-Core (375EC13C-06E4-48FB-B500-84F0262A717E): 3
LogDevObjectVersion:   Dev-Editor (E4B068ED-F494-42E9-A231-DA0B2E46BB41): 30
LogDevObjectVersion:   Dev-Framework (CFFC743F-43B0-4480-9391-14DF171D2073): 35
LogDevObjectVersion:   Dev-Mobile (B02B49B5-BB20-44E9-A304-32B752E40360): 2
LogDevObjectVersion:   Dev-Networking (A4E4105C-59A1-49B5-A7C5-40C4547EDFEE): 0
LogDevObjectVersion:   Dev-Online (39C831C9-5AE6-47DC-9A44-9C173E1C8E7C): 0
LogDevObjectVersion:   Dev-Physics (78F01B33-EBEA-4F98-B9B4-84EACCB95AA2): 0
LogDevObjectVersion:   Dev-Platform (6631380F-2D4D-43E0-8009-CF276956A95A): 0
LogDevObjectVersion:   Dev-Rendering (12F88B9F-8875-4AFC-A67C-D90C383ABD29): 28
LogDevObjectVersion:   Dev-Sequencer (7B5AE74C-D270-4C10-A958-57980B212A5A): 11
LogDevObjectVersion:   Dev-VR (D7296918-1DD6-4BDD-9DE2-64A83CC13884): 2
LogDevObjectVersion:   Dev-LoadTimes (C2A15278-BFE7-4AFE-6C17-90FF531DF755): 1
LogDevObjectVersion:   Private-Geometry (6EACA3D4-40EC-4CC1-B786-8BED09428FC5): 3
LogDevObjectVersion:   Dev-AnimPhys (29E575DD-E0A3-4627-9D10-D276232CDCEA): 17
LogDevObjectVersion:   Dev-Anim (AF43A65D-7FD3-4947-9873-3E8ED9C1BB05): 2
LogDevObjectVersion:   Dev-ReflectionCapture (6B266CEC-1EC7-4B8F-A30B-E4D90942FC07): 1
LogDevObjectVersion:   Dev-Automation (0DF73D61-A23F-47EA-B727-89E90C41499A): 1
LogDevObjectVersion:   FortniteMain (601D1886-AC64-4F84-AA16-D3DE0DEAC7D6): 25
LogDevObjectVersion:   Dev-Enterprise (9DFFBCD6-494F-0158-E221-12823C92A888): 6
LogDevObjectVersion:   Dev-Niagara (F2AED0AC-9AFE-416F-8664-AA7FFA26D6FC): 1
LogDevObjectVersion:   Dev-Destruction (174F1F0B-B4C6-45A5-B13F-2EE8D0FB917D): 2
LogInit: Presizing for max 16777216 objects, including 0 objects not considered by GC, pre-allocating 0 bytes for permanent pool.
LogInit: Object subsystem initialized
LogConfig: Setting CVar [[con.DebugEarlyDefault:1]]
LogConfig: Setting CVar [[r.setres:1280x720]]
[2020.07.27-08.58.36:621][  0]LogConfig: Setting CVar [[r.VSync:0]]
[2020.07.27-08.58.36:621][  0]LogConfig: Setting CVar [[r.RHICmdBypass:0]]
[2020.07.27-08.58.36:621][  0]LogConfig: Applying CVar settings from Section [/Script/Engine.RendererSettings] File [D:/GitHub/UnrealEngine/CoopGame/Saved/Config/Windows/Engine.ini]
[2020.07.27-08.58.36:621][  0]LogConfig: Setting CVar [[r.GPUCrashDebugging:0]]
[2020.07.27-08.58.36:621][  0]LogConfig: Setting CVar [[r.DefaultFeature.AutoExposure.ExtendDefaultLuminanceRange:1]]
[2020.07.27-08.58.36:621][  0]LogConfig: Applying CVar settings from Section [/Script/Engine.RendererOverrideSettings] File [D:/GitHub/UnrealEngine/CoopGame/Saved/Config/Windows/Engine.ini]
[2020.07.27-08.58.36:621][  0]LogConfig: Applying CVar settings from Section [/Script/Engine.StreamingSettings] File [D:/GitHub/UnrealEngine/CoopGame/Saved/Config/Windows/Engine.ini]
[2020.07.27-08.58.36:621][  0]LogConfig: Setting CVar [[s.MinBulkDataSizeForAsyncLoading:131072]]
[2020.07.27-08.58.36:621][  0]LogConfig: Setting CVar [[s.AsyncLoadingThreadEnabled:0]]
[2020.07.27-08.58.36:621][  0]LogConfig: Setting CVar [[s.EventDrivenLoaderEnabled:1]]
[2020.07.27-08.58.36:621][  0]LogConfig: Setting CVar [[s.WarnIfTimeLimitExceeded:0]]
[2020.07.27-08.58.36:621][  0]LogConfig: Setting CVar [[s.TimeLimitExceededMultiplier:1.5]]
[2020.07.27-08.58.36:621][  0]LogConfig: Setting CVar [[s.TimeLimitExceededMinTime:0.005]]
[2020.07.27-08.58.36:621][  0]LogConfig: Setting CVar [[s.UseBackgroundLevelStreaming:1]]
[2020.07.27-08.58.36:621][  0]LogConfig: Setting CVar [[s.PriorityAsyncLoadingExtraTime:15.0]]
[2020.07.27-08.58.36:621][  0]LogConfig: Setting CVar [[s.LevelStreamingActorsUpdateTimeLimit:5.0]]
[2020.07.27-08.58.36:621][  0]LogConfig: Setting CVar [[s.PriorityLevelStreamingActorsUpdateExtraTime:5.0]]
[2020.07.27-08.58.36:621][  0]LogConfig: Setting CVar [[s.LevelStreamingComponentsRegistrationGranularity:10]]
[2020.07.27-08.58.36:621][  0]LogConfig: Setting CVar [[s.UnregisterComponentsTimeLimit:1.0]]
[2020.07.27-08.58.36:621][  0]LogConfig: Setting CVar [[s.LevelStreamingComponentsUnregistrationGranularity:5]]
[2020.07.27-08.58.36:621][  0]LogConfig: Applying CVar settings from Section [/Script/Engine.GarbageCollectionSettings] File [D:/GitHub/UnrealEngine/CoopGame/Saved/Config/Windows/Engine.ini]
[2020.07.27-08.58.36:621][  0]LogConfig: Setting CVar [[gc.MaxObjectsNotConsideredByGC:1]]
[2020.07.27-08.58.36:622][  0]LogConfig: Setting CVar [[gc.SizeOfPermanentObjectPool:0]]
[2020.07.27-08.58.36:622][  0]LogConfig: Setting CVar [[gc.FlushStreamingOnGC:0]]
[2020.07.27-08.58.36:622][  0]LogConfig: Setting CVar [[gc.NumRetriesBeforeForcingGC:10]]
[2020.07.27-08.58.36:622][  0]LogConfig: Setting CVar [[gc.AllowParallelGC:1]]
[2020.07.27-08.58.36:622][  0]LogConfig: Setting CVar [[gc.TimeBetweenPurgingPendingKillObjects:61.1]]
[2020.07.27-08.58.36:622][  0]LogConfig: Setting CVar [[gc.MaxObjectsInEditor:16777216]]
[2020.07.27-08.58.36:622][  0]LogConfig: Setting CVar [[gc.IncrementalBeginDestroyEnabled:1]]
[2020.07.27-08.58.36:622][  0]LogConfig: Setting CVar [[gc.CreateGCClusters:1]]
[2020.07.27-08.58.36:622][  0]LogConfig: Setting CVar [[gc.MinGCClusterSize:5]]
[2020.07.27-08.58.36:622][  0]LogConfig: Setting CVar [[gc.ActorClusteringEnabled:0]]
[2020.07.27-08.58.36:622][  0]LogConfig: Setting CVar [[gc.BlueprintClusteringEnabled:0]]
[2020.07.27-08.58.36:622][  0]LogConfig: Setting CVar [[gc.UseDisregardForGCOnDedicatedServers:0]]
[2020.07.27-08.58.36:622][  0]LogConfig: Applying CVar settings from Section [/Script/Engine.NetworkSettings] File [D:/GitHub/UnrealEngine/CoopGame/Saved/Config/Windows/Engine.ini]
[2020.07.27-08.58.36:622][  0]LogConfig: Applying CVar settings from Section [/Script/UnrealEd.CookerSettings] File [D:/GitHub/UnrealEngine/CoopGame/Saved/Config/Windows/Engine.ini]
[2020.07.27-08.58.36:626][  0]LogConfig: Applying CVar settings from Section [ViewDistanceQuality@3] File [D:/GitHub/UnrealEngine/CoopGame/Saved/Config/Windows/Scalability.ini]
[2020.07.27-08.58.36:626][  0]LogConfig: Setting CVar [[r.SkeletalMeshLODBias:0]]
[2020.07.27-08.58.36:626][  0]LogConfig: Setting CVar [[r.ViewDistanceScale:1.0]]
[2020.07.27-08.58.36:626][  0]LogConfig: Applying CVar settings from Section [AntiAliasingQuality@3] File [D:/GitHub/UnrealEngine/CoopGame/Saved/Config/Windows/Scalability.ini]
[2020.07.27-08.58.36:626][  0]LogConfig: Setting CVar [[r.PostProcessAAQuality:4]]
[2020.07.27-08.58.36:626][  0]LogConfig: Applying CVar settings from Section [ShadowQuality@3] File [D:/GitHub/UnrealEngine/CoopGame/Saved/Config/Windows/Scalability.ini]
[2020.07.27-08.58.36:626][  0]LogConfig: Setting CVar [[r.LightFunctionQuality:1]]
[2020.07.27-08.58.36:626][  0]LogConfig: Setting CVar [[r.ShadowQuality:5]]
[2020.07.27-08.58.36:626][  0]LogConfig: Setting CVar [[r.Shadow.CSM.MaxCascades:10]]
[2020.07.27-08.58.36:626][  0]LogConfig: Setting CVar [[r.Shadow.MaxResolution:2048]]
[2020.07.27-08.58.36:626][  0]LogConfig: Setting CVar [[r.Shadow.MaxCSMResolution:2048]]
[2020.07.27-08.58.36:626][  0]LogConfig: Setting CVar [[r.Shadow.RadiusThreshold:0.01]]
[2020.07.27-08.58.36:626][  0]LogConfig: Setting CVar [[r.Shadow.DistanceScale:1.0]]
[2020.07.27-08.58.36:626][  0]LogConfig: Setting CVar [[r.Shadow.CSM.TransitionScale:1.0]]
[2020.07.27-08.58.36:626][  0]LogConfig: Setting CVar [[r.Shadow.PreShadowResolutionFactor:1.0]]
[2020.07.27-08.58.36:626][  0]LogConfig: Setting CVar [[r.DistanceFieldShadowing:1]]
[2020.07.27-08.58.36:626][  0]LogConfig: Setting CVar [[r.DistanceFieldAO:1]]
[2020.07.27-08.58.36:626][  0]LogConfig: Setting CVar [[r.AOQuality:2]]
[2020.07.27-08.58.36:626][  0]LogConfig: Setting CVar [[r.VolumetricFog:1]]
[2020.07.27-08.58.36:626][  0]LogConfig: Setting CVar [[r.VolumetricFog.GridPixelSize:8]]
[2020.07.27-08.58.36:626][  0]LogConfig: Setting CVar [[r.VolumetricFog.GridSizeZ:128]]
[2020.07.27-08.58.36:626][  0]LogConfig: Setting CVar [[r.VolumetricFog.HistoryMissSupersampleCount:4]]
[2020.07.27-08.58.36:626][  0]LogConfig: Setting CVar [[r.LightMaxDrawDistanceScale:1]]
[2020.07.27-08.58.36:626][  0]LogConfig: Setting CVar [[r.CapsuleShadows:1]]
[2020.07.27-08.58.36:626][  0]LogConfig: Applying CVar settings from Section [PostProcessQuality@3] File [D:/GitHub/UnrealEngine/CoopGame/Saved/Config/Windows/Scalability.ini]
[2020.07.27-08.58.36:626][  0]LogConfig: Setting CVar [[r.MotionBlurQuality:4]]
[2020.07.27-08.58.36:626][  0]LogConfig: Setting CVar [[r.AmbientOcclusionMipLevelFactor:0.4]]
[2020.07.27-08.58.36:626][  0]LogConfig: Setting CVar [[r.AmbientOcclusionMaxQuality:100]]
[2020.07.27-08.58.36:626][  0]LogConfig: Setting CVar [[r.AmbientOcclusionLevels:-1]]
[2020.07.27-08.58.36:626][  0]LogConfig: Setting CVar [[r.AmbientOcclusionRadiusScale:1.0]]
[2020.07.27-08.58.36:626][  0]LogConfig: Setting CVar [[r.DepthOfFieldQuality:2]]
[2020.07.27-08.58.36:626][  0]LogConfig: Setting CVar [[r.RenderTargetPoolMin:400]]
[2020.07.27-08.58.36:626][  0]LogConfig: Setting CVar [[r.LensFlareQuality:2]]
[2020.07.27-08.58.36:626][  0]LogConfig: Setting CVar [[r.SceneColorFringeQuality:1]]
[2020.07.27-08.58.36:626][  0]LogConfig: Setting CVar [[r.EyeAdaptationQuality:2]]
[2020.07.27-08.58.36:626][  0]LogConfig: Setting CVar [[r.BloomQuality:5]]
[2020.07.27-08.58.36:626][  0]LogConfig: Setting CVar [[r.FastBlurThreshold:100]]
[2020.07.27-08.58.36:626][  0]LogConfig: Setting CVar [[r.Upscale.Quality:3]]
[2020.07.27-08.58.36:626][  0]LogConfig: Setting CVar [[r.Tonemapper.GrainQuantization:1]]
[2020.07.27-08.58.36:626][  0]LogConfig: Setting CVar [[r.LightShaftQuality:1]]
[2020.07.27-08.58.36:626][  0]LogConfig: Setting CVar [[r.Filter.SizeScale:1]]
[2020.07.27-08.58.36:626][  0]LogConfig: Setting CVar [[r.Tonemapper.Quality:5]]
[2020.07.27-08.58.36:626][  0]LogConfig: Setting CVar [[r.DOF.Gather.AccumulatorQuality:1        ; higher gathering accumulator quality]]
[2020.07.27-08.58.36:626][  0]LogConfig: Setting CVar [[r.DOF.Gather.PostfilterMethod:1          ; Median3x3 postfilering method]]
[2020.07.27-08.58.36:626][  0]LogConfig: Setting CVar [[r.DOF.Gather.EnableBokehSettings:0       ; no bokeh simulation when gathering]]
[2020.07.27-08.58.36:626][  0]LogConfig: Setting CVar [[r.DOF.Gather.RingCount:4                 ; medium number of samples when gathering]]
[2020.07.27-08.58.36:626][  0]LogConfig: Setting CVar [[r.DOF.Scatter.ForegroundCompositing:1    ; additive foreground scattering]]
[2020.07.27-08.58.36:626][  0]LogConfig: Setting CVar [[r.DOF.Scatter.BackgroundCompositing:2    ; additive background scattering]]
[2020.07.27-08.58.36:626][  0]LogConfig: Setting CVar [[r.DOF.Scatter.EnableBokehSettings:1      ; bokeh simulation when scattering]]
[2020.07.27-08.58.36:626][  0]LogConfig: Setting CVar [[r.DOF.Scatter.MaxSpriteRatio:0.1         ; only a maximum of 10% of scattered bokeh]]
[2020.07.27-08.58.36:626][  0]LogConfig: Setting CVar [[r.DOF.Recombine.Quality:1                ; cheap slight out of focus]]
[2020.07.27-08.58.36:626][  0]LogConfig: Setting CVar [[r.DOF.Recombine.EnableBokehSettings:0    ; no bokeh simulation on slight out of focus]]
[2020.07.27-08.58.36:626][  0]LogConfig: Setting CVar [[r.DOF.TemporalAAQuality:1                ; more stable temporal accumulation]]
[2020.07.27-08.58.36:626][  0]LogConfig: Setting CVar [[r.DOF.Kernel.MaxForegroundRadius:0.025]]
[2020.07.27-08.58.36:626][  0]LogConfig: Setting CVar [[r.DOF.Kernel.MaxBackgroundRadius:0.025]]
[2020.07.27-08.58.36:626][  0]LogConfig: Applying CVar settings from Section [TextureQuality@3] File [D:/GitHub/UnrealEngine/CoopGame/Saved/Config/Windows/Scalability.ini]
[2020.07.27-08.58.36:626][  0]LogConfig: Setting CVar [[r.Streaming.MipBias:0]]
[2020.07.27-08.58.36:627][  0]LogConfig: Setting CVar [[r.Streaming.AmortizeCPUToGPUCopy:0]]
[2020.07.27-08.58.36:627][  0]LogConfig: Setting CVar [[r.Streaming.MaxNumTexturesToStreamPerFrame:0]]
[2020.07.27-08.58.36:627][  0]LogConfig: Setting CVar [[r.Streaming.Boost:1]]
[2020.07.27-08.58.36:627][  0]LogConfig: Setting CVar [[r.MaxAnisotropy:8]]
[2020.07.27-08.58.36:627][  0]LogConfig: Setting CVar [[r.Streaming.LimitPoolSizeToVRAM:0]]
[2020.07.27-08.58.36:627][  0]LogConfig: Setting CVar [[r.Streaming.PoolSize:1000]]
[2020.07.27-08.58.36:627][  0]LogConfig: Setting CVar [[r.Streaming.MaxEffectiveScreenSize:0]]
[2020.07.27-08.58.36:627][  0]LogConfig: Applying CVar settings from Section [EffectsQuality@3] File [D:/GitHub/UnrealEngine/CoopGame/Saved/Config/Windows/Scalability.ini]
[2020.07.27-08.58.36:627][  0]LogConfig: Setting CVar [[r.TranslucencyLightingVolumeDim:64]]
[2020.07.27-08.58.36:627][  0]LogConfig: Setting CVar [[r.RefractionQuality:2]]
[2020.07.27-08.58.36:627][  0]LogConfig: Setting CVar [[r.SSR.Quality:3]]
[2020.07.27-08.58.36:627][  0]LogConfig: Setting CVar [[r.SceneColorFormat:4]]
[2020.07.27-08.58.36:627][  0]LogConfig: Setting CVar [[r.DetailMode:2]]
[2020.07.27-08.58.36:627][  0]LogConfig: Setting CVar [[r.TranslucencyVolumeBlur:1]]
[2020.07.27-08.58.36:627][  0]LogConfig: Setting CVar [[r.MaterialQualityLevel:1 ; High quality]]
[2020.07.27-08.58.36:627][  0]LogConfig: Setting CVar [[r.SSS.Scale:1]]
[2020.07.27-08.58.36:627][  0]LogConfig: Setting CVar [[r.SSS.SampleSet:2]]
[2020.07.27-08.58.36:627][  0]LogConfig: Setting CVar [[r.SSS.Quality:1]]
[2020.07.27-08.58.36:627][  0]LogConfig: Setting CVar [[r.SSS.HalfRes:1]]
[2020.07.27-08.58.36:627][  0]LogConfig: Setting CVar [[r.EmitterSpawnRateScale:1.0]]
[2020.07.27-08.58.36:627][  0]LogConfig: Setting CVar [[r.ParticleLightQuality:2]]
[2020.07.27-08.58.36:627][  0]LogConfig: Applying CVar settings from Section [FoliageQuality@3] File [D:/GitHub/UnrealEngine/CoopGame/Saved/Config/Windows/Scalability.ini]
[2020.07.27-08.58.36:627][  0]LogConfig: Setting CVar [[foliage.DensityScale:1.0]]
[2020.07.27-08.58.36:627][  0]LogConfig: Setting CVar [[grass.DensityScale:1.0]]
[2020.07.27-08.58.36:627][  0]LogInit: Selected Device Profile: [Windows]
[2020.07.27-08.58.36:627][  0]LogInit: Applying CVar settings loaded from the selected device profile: [Windows]
[2020.07.27-08.58.36:639][  0]LogHAL: Display: Platform has ~ 16 GB [17138606080 / 17179869184 / 16], which maps to Larger [LargestMinGB=32, LargerMinGB=12, DefaultMinGB=8, SmallerMinGB=6, SmallestMinGB=0)
[2020.07.27-08.58.36:639][  0]LogConfig: Setting CVar [[r.Vulkan.UseRealUBs:0		; Required until we fix HLR fall-out]]
[2020.07.27-08.58.36:639][  0]LogInit: Going up to parent DeviceProfile []
[2020.07.27-08.58.36:639][  0]LogConfig: Applying CVar settings from Section [ViewDistanceQuality@3] File [D:/GitHub/UnrealEngine/CoopGame/Saved/Config/Windows/Scalability.ini]
[2020.07.27-08.58.36:639][  0]LogConfig: Setting CVar [[r.SkeletalMeshLODBias:0]]
[2020.07.27-08.58.36:639][  0]LogConfig: Setting CVar [[r.ViewDistanceScale:1.0]]
[2020.07.27-08.58.36:639][  0]LogConfig: Applying CVar settings from Section [AntiAliasingQuality@3] File [D:/GitHub/UnrealEngine/CoopGame/Saved/Config/Windows/Scalability.ini]
[2020.07.27-08.58.36:639][  0]LogConfig: Setting CVar [[r.PostProcessAAQuality:4]]
[2020.07.27-08.58.36:639][  0]LogConfig: Applying CVar settings from Section [ShadowQuality@3] File [D:/GitHub/UnrealEngine/CoopGame/Saved/Config/Windows/Scalability.ini]
[2020.07.27-08.58.36:639][  0]LogConfig: Setting CVar [[r.LightFunctionQuality:1]]
[2020.07.27-08.58.36:639][  0]LogConfig: Setting CVar [[r.ShadowQuality:5]]
[2020.07.27-08.58.36:639][  0]LogConfig: Setting CVar [[r.Shadow.CSM.MaxCascades:10]]
[2020.07.27-08.58.36:639][  0]LogConfig: Setting CVar [[r.Shadow.MaxResolution:2048]]
[2020.07.27-08.58.36:639][  0]LogConfig: Setting CVar [[r.Shadow.MaxCSMResolution:2048]]
[2020.07.27-08.58.36:639][  0]LogConfig: Setting CVar [[r.Shadow.RadiusThreshold:0.01]]
[2020.07.27-08.58.36:639][  0]LogConfig: Setting CVar [[r.Shadow.DistanceScale:1.0]]
[2020.07.27-08.58.36:639][  0]LogConfig: Setting CVar [[r.Shadow.CSM.TransitionScale:1.0]]
[2020.07.27-08.58.36:639][  0]LogConfig: Setting CVar [[r.Shadow.PreShadowResolutionFactor:1.0]]
[2020.07.27-08.58.36:639][  0]LogConfig: Setting CVar [[r.DistanceFieldShadowing:1]]
[2020.07.27-08.58.36:639][  0]LogConfig: Setting CVar [[r.DistanceFieldAO:1]]
[2020.07.27-08.58.36:639][  0]LogConfig: Setting CVar [[r.AOQuality:2]]
[2020.07.27-08.58.36:639][  0]LogConfig: Setting CVar [[r.VolumetricFog:1]]
[2020.07.27-08.58.36:639][  0]LogConfig: Setting CVar [[r.VolumetricFog.GridPixelSize:8]]
[2020.07.27-08.58.36:639][  0]LogConfig: Setting CVar [[r.VolumetricFog.GridSizeZ:128]]
[2020.07.27-08.58.36:639][  0]LogConfig: Setting CVar [[r.VolumetricFog.HistoryMissSupersampleCount:4]]
[2020.07.27-08.58.36:639][  0]LogConfig: Setting CVar [[r.LightMaxDrawDistanceScale:1]]
[2020.07.27-08.58.36:639][  0]LogConfig: Setting CVar [[r.CapsuleShadows:1]]
[2020.07.27-08.58.36:639][  0]LogConfig: Applying CVar settings from Section [PostProcessQuality@3] File [D:/GitHub/UnrealEngine/CoopGame/Saved/Config/Windows/Scalability.ini]
[2020.07.27-08.58.36:639][  0]LogConfig: Setting CVar [[r.MotionBlurQuality:4]]
[2020.07.27-08.58.36:639][  0]LogConfig: Setting CVar [[r.AmbientOcclusionMipLevelFactor:0.4]]
[2020.07.27-08.58.36:639][  0]LogConfig: Setting CVar [[r.AmbientOcclusionMaxQuality:100]]
[2020.07.27-08.58.36:639][  0]LogConfig: Setting CVar [[r.AmbientOcclusionLevels:-1]]
[2020.07.27-08.58.36:639][  0]LogConfig: Setting CVar [[r.AmbientOcclusionRadiusScale:1.0]]
[2020.07.27-08.58.36:639][  0]LogConfig: Setting CVar [[r.DepthOfFieldQuality:2]]
[2020.07.27-08.58.36:639][  0]LogConfig: Setting CVar [[r.RenderTargetPoolMin:400]]
[2020.07.27-08.58.36:639][  0]LogConfig: Setting CVar [[r.LensFlareQuality:2]]
[2020.07.27-08.58.36:639][  0]LogConfig: Setting CVar [[r.SceneColorFringeQuality:1]]
[2020.07.27-08.58.36:639][  0]LogConfig: Setting CVar [[r.EyeAdaptationQuality:2]]
[2020.07.27-08.58.36:639][  0]LogConfig: Setting CVar [[r.BloomQuality:5]]
[2020.07.27-08.58.36:639][  0]LogConfig: Setting CVar [[r.FastBlurThreshold:100]]
[2020.07.27-08.58.36:639][  0]LogConfig: Setting CVar [[r.Upscale.Quality:3]]
[2020.07.27-08.58.36:639][  0]LogConfig: Setting CVar [[r.Tonemapper.GrainQuantization:1]]
[2020.07.27-08.58.36:639][  0]LogConfig: Setting CVar [[r.LightShaftQuality:1]]
[2020.07.27-08.58.36:639][  0]LogConfig: Setting CVar [[r.Filter.SizeScale:1]]
[2020.07.27-08.58.36:639][  0]LogConfig: Setting CVar [[r.Tonemapper.Quality:5]]
[2020.07.27-08.58.36:639][  0]LogConfig: Setting CVar [[r.DOF.Gather.AccumulatorQuality:1        ; higher gathering accumulator quality]]
[2020.07.27-08.58.36:639][  0]LogConfig: Setting CVar [[r.DOF.Gather.PostfilterMethod:1          ; Median3x3 postfilering method]]
[2020.07.27-08.58.36:639][  0]LogConfig: Setting CVar [[r.DOF.Gather.EnableBokehSettings:0       ; no bokeh simulation when gathering]]
[2020.07.27-08.58.36:639][  0]LogConfig: Setting CVar [[r.DOF.Gather.RingCount:4                 ; medium number of samples when gathering]]
[2020.07.27-08.58.36:639][  0]LogConfig: Setting CVar [[r.DOF.Scatter.ForegroundCompositing:1    ; additive foreground scattering]]
[2020.07.27-08.58.36:639][  0]LogConfig: Setting CVar [[r.DOF.Scatter.BackgroundCompositing:2    ; additive background scattering]]
[2020.07.27-08.58.36:639][  0]LogConfig: Setting CVar [[r.DOF.Scatter.EnableBokehSettings:1      ; bokeh simulation when scattering]]
[2020.07.27-08.58.36:639][  0]LogConfig: Setting CVar [[r.DOF.Scatter.MaxSpriteRatio:0.1         ; only a maximum of 10% of scattered bokeh]]
[2020.07.27-08.58.36:639][  0]LogConfig: Setting CVar [[r.DOF.Recombine.Quality:1                ; cheap slight out of focus]]
[2020.07.27-08.58.36:639][  0]LogConfig: Setting CVar [[r.DOF.Recombine.EnableBokehSettings:0    ; no bokeh simulation on slight out of focus]]
[2020.07.27-08.58.36:640][  0]LogConfig: Setting CVar [[r.DOF.TemporalAAQuality:1                ; more stable temporal accumulation]]
[2020.07.27-08.58.36:640][  0]LogConfig: Setting CVar [[r.DOF.Kernel.MaxForegroundRadius:0.025]]
[2020.07.27-08.58.36:640][  0]LogConfig: Setting CVar [[r.DOF.Kernel.MaxBackgroundRadius:0.025]]
[2020.07.27-08.58.36:640][  0]LogConfig: Applying CVar settings from Section [TextureQuality@3] File [D:/GitHub/UnrealEngine/CoopGame/Saved/Config/Windows/Scalability.ini]
[2020.07.27-08.58.36:640][  0]LogConfig: Setting CVar [[r.Streaming.MipBias:0]]
[2020.07.27-08.58.36:640][  0]LogConfig: Setting CVar [[r.Streaming.AmortizeCPUToGPUCopy:0]]
[2020.07.27-08.58.36:640][  0]LogConfig: Setting CVar [[r.Streaming.MaxNumTexturesToStreamPerFrame:0]]
[2020.07.27-08.58.36:640][  0]LogConfig: Setting CVar [[r.Streaming.Boost:1]]
[2020.07.27-08.58.36:640][  0]LogConfig: Setting CVar [[r.MaxAnisotropy:8]]
[2020.07.27-08.58.36:640][  0]LogConfig: Setting CVar [[r.Streaming.LimitPoolSizeToVRAM:0]]
[2020.07.27-08.58.36:640][  0]LogConfig: Setting CVar [[r.Streaming.PoolSize:1000]]
[2020.07.27-08.58.36:640][  0]LogConfig: Setting CVar [[r.Streaming.MaxEffectiveScreenSize:0]]
[2020.07.27-08.58.36:640][  0]LogConfig: Applying CVar settings from Section [EffectsQuality@3] File [D:/GitHub/UnrealEngine/CoopGame/Saved/Config/Windows/Scalability.ini]
[2020.07.27-08.58.36:640][  0]LogConfig: Setting CVar [[r.TranslucencyLightingVolumeDim:64]]
[2020.07.27-08.58.36:640][  0]LogConfig: Setting CVar [[r.RefractionQuality:2]]
[2020.07.27-08.58.36:640][  0]LogConfig: Setting CVar [[r.SSR.Quality:3]]
[2020.07.27-08.58.36:640][  0]LogConfig: Setting CVar [[r.SceneColorFormat:4]]
[2020.07.27-08.58.36:640][  0]LogConfig: Setting CVar [[r.DetailMode:2]]
[2020.07.27-08.58.36:640][  0]LogConfig: Setting CVar [[r.TranslucencyVolumeBlur:1]]
[2020.07.27-08.58.36:640][  0]LogConfig: Setting CVar [[r.MaterialQualityLevel:1 ; High quality]]
[2020.07.27-08.58.36:640][  0]LogConfig: Setting CVar [[r.SSS.Scale:1]]
[2020.07.27-08.58.36:640][  0]LogConfig: Setting CVar [[r.SSS.SampleSet:2]]
[2020.07.27-08.58.36:640][  0]LogConfig: Setting CVar [[r.SSS.Quality:1]]
[2020.07.27-08.58.36:640][  0]LogConfig: Setting CVar [[r.SSS.HalfRes:1]]
[2020.07.27-08.58.36:640][  0]LogConfig: Setting CVar [[r.EmitterSpawnRateScale:1.0]]
[2020.07.27-08.58.36:640][  0]LogConfig: Setting CVar [[r.ParticleLightQuality:2]]
[2020.07.27-08.58.36:640][  0]LogConfig: Applying CVar settings from Section [FoliageQuality@3] File [D:/GitHub/UnrealEngine/CoopGame/Saved/Config/Windows/Scalability.ini]
[2020.07.27-08.58.36:640][  0]LogConfig: Setting CVar [[foliage.DensityScale:1.0]]
[2020.07.27-08.58.36:640][  0]LogConfig: Setting CVar [[grass.DensityScale:1.0]]
[2020.07.27-08.58.36:640][  0]LogConfig: Applying CVar settings from Section [Startup] File [../../../Engine/Config/ConsoleVariables.ini]
[2020.07.27-08.58.36:640][  0]LogConfig: Setting CVar [[net.UseAdaptiveNetUpdateFrequency:0]]
[2020.07.27-08.58.36:640][  0]LogConfig: Setting CVar [[p.chaos.AllowCreatePhysxBodies:1]]
[2020.07.27-08.58.36:640][  0]LogConfig: Applying CVar settings from Section [ConsoleVariables] File [D:/GitHub/UnrealEngine/CoopGame/Saved/Config/Windows/Engine.ini]
[2020.07.27-08.58.36:640][  0]LogInit: Computer: DESKTOP-MQ854L0
[2020.07.27-08.58.36:640][  0]LogInit: User: alber
[2020.07.27-08.58.36:640][  0]LogInit: CPU Page size=4096, Cores=4
[2020.07.27-08.58.36:640][  0]LogInit: High frequency timer resolution =10.000000 MHz
[2020.07.27-08.58.36:640][  0]LogMemory: Memory total: Physical=16.0GB (16GB approx)
[2020.07.27-08.58.36:640][  0]LogMemory: Platform Memory Stats for Windows
[2020.07.27-08.58.36:640][  0]LogMemory: Process Physical Memory: 97.59 MB used, 97.59 MB peak
[2020.07.27-08.58.36:640][  0]LogMemory: Process Virtual Memory: 88.81 MB used, 88.81 MB peak
[2020.07.27-08.58.36:640][  0]LogMemory: Physical Memory: 6852.33 MB used,  9492.32 MB free, 16344.65 MB total
[2020.07.27-08.58.36:640][  0]LogMemory: Virtual Memory: 4641.88 MB used,  134213088.00 MB free, 134217728.00 MB total
[2020.07.27-08.58.36:661][  0]LogInit: Overriding language with editor language configuration option (en).
[2020.07.27-08.58.36:662][  0]LogInit: Overriding locale with editor culture configuration option ().
[2020.07.27-08.58.36:662][  0]LogInit: Using OS detected locale (es-ES).
[2020.07.27-08.58.36:797][  0]LogInit: Setting process to per monitor DPI aware
[2020.07.27-08.58.36:827][  0]LogSlate: New Slate User Created.  User Index 0, Is Virtual User: 0
[2020.07.27-08.58.36:827][  0]LogSlate: Slate User Registered.  User Index 0, Is Virtual User: 0
[2020.07.27-08.58.36:961][  0]LogD3D11RHI: D3D11 adapters:
[2020.07.27-08.58.37:021][  0]LogD3D11RHI:    0. 'NVIDIA GeForce GTX 970' (Feature Level 11_0)
[2020.07.27-08.58.37:021][  0]LogD3D11RHI:       4043/0/8172 MB DedicatedVideo/DedicatedSystem/SharedSystem, Outputs:2, VendorId:0x10de
[2020.07.27-08.58.37:023][  0]LogD3D11RHI:    1. 'Microsoft Basic Render Driver' (Feature Level 11_0)
[2020.07.27-08.58.37:023][  0]LogD3D11RHI:       0/0/8172 MB DedicatedVideo/DedicatedSystem/SharedSystem, Outputs:0, VendorId:0x1414
[2020.07.27-08.58.37:023][  0]LogD3D11RHI: Chosen D3D11 Adapter: 0
[2020.07.27-08.58.37:029][  0]LogD3D11RHI: Creating new Direct3DDevice
[2020.07.27-08.58.37:029][  0]LogD3D11RHI:     GPU DeviceId: 0x13c2 (for the marketing name, search the web for "GPU Device Id")
[2020.07.27-08.58.37:030][  0]LogWindows: EnumDisplayDevices:
[2020.07.27-08.58.37:030][  0]LogWindows:    0. 'NVIDIA GeForce GTX 970' (P:1 D:1)
[2020.07.27-08.58.37:030][  0]LogWindows:    1. 'NVIDIA GeForce GTX 970' (P:0 D:1)
[2020.07.27-08.58.37:030][  0]LogWindows:    2. 'NVIDIA GeForce GTX 970' (P:0 D:0)
[2020.07.27-08.58.37:030][  0]LogWindows:    3. 'NVIDIA GeForce GTX 970' (P:0 D:0)
[2020.07.27-08.58.37:031][  0]LogWindows: DebugString: FoundDriverCount:4 
[2020.07.27-08.58.37:031][  0]LogD3D11RHI:     Adapter Name: NVIDIA GeForce GTX 970
[2020.07.27-08.58.37:031][  0]LogD3D11RHI:   Driver Version: 445.87 (internal:26.21.14.4587, unified:445.87)
[2020.07.27-08.58.37:031][  0]LogD3D11RHI:      Driver Date: 4-3-2020
[2020.07.27-08.58.37:031][  0]LogRHI: Texture pool is 2830 MB (70% of 4043 MB)
[2020.07.27-08.58.37:067][  0]LogD3D11RHI: Async texture creation enabled
[2020.07.27-08.58.37:079][  0]LogRendererCore: FGlobalReadBuffer::InitRHI
[2020.07.27-08.58.37:079][  0]LogRendererCore: FGlobalReadBuffer::InitRHI
[2020.07.27-08.58.37:079][  0]LogRendererCore: FGlobalReadBuffer::InitRHI
[2020.07.27-08.58.37:086][  0]LogD3D11RHI: GPU Timing Frequency: 1000.000000 (Debug: 2 1)
[2020.07.27-08.58.37:343][  0]LogTemp: Display: Module 'AllDesktopTargetPlatform' loaded TargetPlatform 'AllDesktop'
[2020.07.27-08.58.37:354][  0]LogTemp: Display: Module 'MacClientTargetPlatform' loaded TargetPlatform 'MacClient'
[2020.07.27-08.58.37:365][  0]LogTemp: Display: Module 'MacNoEditorTargetPlatform' loaded TargetPlatform 'MacNoEditor'
[2020.07.27-08.58.37:376][  0]LogTemp: Display: Module 'MacServerTargetPlatform' loaded TargetPlatform 'MacServer'
[2020.07.27-08.58.37:388][  0]LogTemp: Display: Module 'MacTargetPlatform' loaded TargetPlatform 'Mac'
[2020.07.27-08.58.37:399][  0]LogTemp: Display: Module 'WindowsClientTargetPlatform' loaded TargetPlatform 'WindowsClient'
[2020.07.27-08.58.37:409][  0]LogTemp: Display: Module 'WindowsNoEditorTargetPlatform' loaded TargetPlatform 'WindowsNoEditor'
[2020.07.27-08.58.37:420][  0]LogTemp: Display: Module 'WindowsServerTargetPlatform' loaded TargetPlatform 'WindowsServer'
[2020.07.27-08.58.37:426][  0]LogTemp: Display: Module 'WindowsTargetPlatform' loaded TargetPlatform 'Windows'
[2020.07.27-08.58.37:487][  0]LogTemp: Display: Module 'AndroidTargetPlatform' loaded TargetPlatform 'Android'
[2020.07.27-08.58.37:487][  0]LogTemp: Display: Module 'AndroidTargetPlatform' loaded TargetPlatform 'Android_ASTC'
[2020.07.27-08.58.37:487][  0]LogTemp: Display: Module 'AndroidTargetPlatform' loaded TargetPlatform 'Android_ATC'
[2020.07.27-08.58.37:487][  0]LogTemp: Display: Module 'AndroidTargetPlatform' loaded TargetPlatform 'Android_DXT'
[2020.07.27-08.58.37:487][  0]LogTemp: Display: Module 'AndroidTargetPlatform' loaded TargetPlatform 'Android_ETC1'
[2020.07.27-08.58.37:487][  0]LogTemp: Display: Module 'AndroidTargetPlatform' loaded TargetPlatform 'Android_ETC1a'
[2020.07.27-08.58.37:487][  0]LogTemp: Display: Module 'AndroidTargetPlatform' loaded TargetPlatform 'Android_ETC2'
[2020.07.27-08.58.37:487][  0]LogTemp: Display: Module 'AndroidTargetPlatform' loaded TargetPlatform 'Android_PVRTC'
[2020.07.27-08.58.37:487][  0]LogTemp: Display: Module 'AndroidTargetPlatform' loaded TargetPlatform 'AndroidClient'
[2020.07.27-08.58.37:487][  0]LogTemp: Display: Module 'AndroidTargetPlatform' loaded TargetPlatform 'Android_ASTCClient'
[2020.07.27-08.58.37:487][  0]LogTemp: Display: Module 'AndroidTargetPlatform' loaded TargetPlatform 'Android_ATCClient'
[2020.07.27-08.58.37:487][  0]LogTemp: Display: Module 'AndroidTargetPlatform' loaded TargetPlatform 'Android_DXTClient'
[2020.07.27-08.58.37:487][  0]LogTemp: Display: Module 'AndroidTargetPlatform' loaded TargetPlatform 'Android_ETC1Client'
[2020.07.27-08.58.37:487][  0]LogTemp: Display: Module 'AndroidTargetPlatform' loaded TargetPlatform 'Android_ETC1aClient'
[2020.07.27-08.58.37:487][  0]LogTemp: Display: Module 'AndroidTargetPlatform' loaded TargetPlatform 'Android_ETC2Client'
[2020.07.27-08.58.37:487][  0]LogTemp: Display: Module 'AndroidTargetPlatform' loaded TargetPlatform 'Android_PVRTCClient'
[2020.07.27-08.58.37:487][  0]LogTemp: Display: Module 'AndroidTargetPlatform' loaded TargetPlatform 'Android_Multi'
[2020.07.27-08.58.37:487][  0]LogTemp: Display: Module 'AndroidTargetPlatform' loaded TargetPlatform 'Android_MultiClient'
[2020.07.27-08.58.37:489][  0]LogTemp: Display: Module 'HTML5TargetPlatform' loaded TargetPlatform 'HTML5'
[2020.07.27-08.58.37:533][  0]LogTemp: Display: Module 'IOSTargetPlatform' loaded TargetPlatform 'IOSClient'
[2020.07.27-08.58.37:533][  0]LogTemp: Display: Module 'IOSTargetPlatform' loaded TargetPlatform 'IOS'
[2020.07.27-08.58.37:552][  0]LogTemp: Display: Module 'TVOSTargetPlatform' loaded TargetPlatform 'TVOSClient'
[2020.07.27-08.58.37:552][  0]LogTemp: Display: Module 'TVOSTargetPlatform' loaded TargetPlatform 'TVOS'
[2020.07.27-08.58.37:562][  0]LogTemp: Display: Module 'LinuxClientTargetPlatform' loaded TargetPlatform 'LinuxClient'
[2020.07.27-08.58.37:571][  0]LogTemp: Display: Module 'LinuxNoEditorTargetPlatform' loaded TargetPlatform 'LinuxNoEditor'
[2020.07.27-08.58.37:581][  0]LogTemp: Display: Module 'LinuxServerTargetPlatform' loaded TargetPlatform 'LinuxServer'
[2020.07.27-08.58.37:591][  0]LogTemp: Display: Module 'LinuxTargetPlatform' loaded TargetPlatform 'Linux'
[2020.07.27-08.58.37:625][  0]LogTemp: Display: Module 'LuminTargetPlatform' loaded TargetPlatform 'Lumin'
[2020.07.27-08.58.37:625][  0]LogTemp: Display: Module 'LuminTargetPlatform' loaded TargetPlatform 'LuminClient'
[2020.07.27-08.58.37:625][  0]LogTargetPlatformManager: Display: Building Assets For Windows
[2020.07.27-08.58.37:633][  0]LogAudioDebug: Display: Lib vorbis DLL was dynamically loaded.
[2020.07.27-08.58.37:675][  0]LogShaderCompilers: Guid format shader working directory is 14 characters bigger than the processId version (D:/GitHub/UnrealEngine/CoopGame/Intermediate/Shaders/WorkingDirectory/14652/).
[2020.07.27-08.58.37:675][  0]LogShaderCompilers: Cleaned the shader compiler working directory 'C:/Users/alber/AppData/Local/Temp/UnrealShaderWorkingDir/C718F6EC47491D0BA2D35D8DC2E8387D/'.
[2020.07.27-08.58.37:677][  0]LogXGEController: Cleaning working directory: C:/Users/alber/AppData/Local/Temp/UnrealXGEWorkingDir/
[2020.07.27-08.58.37:677][  0]LogXGEController: Cannot use XGE Controller as Incredibuild is not installed on this machine.
[2020.07.27-08.58.37:677][  0]LogShaderCompilers: Cannot use XGE Shader Compiler as Incredibuild is not installed on this machine.
[2020.07.27-08.58.37:677][  0]LogShaderCompilers: Display: Using Local Shader Compiler.
[2020.07.27-08.58.38:100][  0]LogDerivedDataCache: Display: Max Cache Size: 512 MB
[2020.07.27-08.58.38:140][  0]LogDerivedDataCache: Loaded boot cache 0.04s 71MB C:/Users/alber/AppData/Local/UnrealEngine/4.22/DerivedDataCache/Boot.ddc.
[2020.07.27-08.58.38:140][  0]LogDerivedDataCache: Display: Loaded Boot cache: C:/Users/alber/AppData/Local/UnrealEngine/4.22/DerivedDataCache/Boot.ddc
[2020.07.27-08.58.38:140][  0]LogDerivedDataCache: FDerivedDataBackendGraph:  Pak pak cache file D:/GitHub/UnrealEngine/CoopGame/DerivedDataCache/DDC.ddp not found, will not use a pak cache.
[2020.07.27-08.58.38:140][  0]LogDerivedDataCache: Unable to find inner node Pak for hierarchical cache Hierarchy.
[2020.07.27-08.58.38:140][  0]LogDerivedDataCache: FDerivedDataBackendGraph:  CompressedPak pak cache file D:/GitHub/UnrealEngine/CoopGame/DerivedDataCache/Compressed.ddp not found, will not use a pak cache.
[2020.07.27-08.58.38:140][  0]LogDerivedDataCache: Unable to find inner node CompressedPak for hierarchical cache Hierarchy.
[2020.07.27-08.58.38:150][  0]LogDerivedDataCache: Display: Pak cache opened for reading ../../../Engine/DerivedDataCache/Compressed.ddp.
[2020.07.27-08.58.38:150][  0]LogDerivedDataCache: FDerivedDataBackendGraph:  EnterprisePak pak cache file ../../../Enterprise/DerivedDataCache/Compressed.ddp not found, will not use a pak cache.
[2020.07.27-08.58.38:150][  0]LogDerivedDataCache: Unable to find inner node EnterprisePak for hierarchical cache Hierarchy.
[2020.07.27-08.58.38:162][  0]LogDerivedDataCache: Using Local data cache path C:/Users/alber/AppData/Local/UnrealEngine/Common/DerivedDataCache: Writable
[2020.07.27-08.58.38:162][  0]LogDerivedDataCache: Shared data cache path not found in *engine.ini, will not use an Shared cache.
[2020.07.27-08.58.38:162][  0]LogDerivedDataCache: Unable to find inner node Shared for hierarchical cache Hierarchy.
[2020.07.27-08.58.38:183][  0]LogMaterial: Verifying Global Shaders for PCD3D_SM5
[2020.07.27-08.58.38:183][  0]LogSlate: Using FreeType 2.6.0
[2020.07.27-08.58.38:184][  0]LogSlate: SlateFontServices - WITH_FREETYPE: 1, WITH_HARFBUZZ: 1
[2020.07.27-08.58.38:256][  0]LogAssetRegistry: FAssetRegistry took 0.0320 seconds to start up
[2020.07.27-08.58.38:523][  0]LogInit: Selected Device Profile: [Windows]
[2020.07.27-08.58.38:632][  0]LogMeshReduction: Using QuadricMeshReduction for automatic static mesh reduction
[2020.07.27-08.58.38:632][  0]LogMeshReduction: Using SimplygonMeshReduction for automatic skeletal mesh reduction
[2020.07.27-08.58.38:632][  0]LogMeshReduction: Using ProxyLODMeshReduction for automatic mesh merging
[2020.07.27-08.58.38:632][  0]LogMeshReduction: No distributed automatic mesh merging module available
[2020.07.27-08.58.38:632][  0]LogMeshMerging: No distributed automatic mesh merging module available
[2020.07.27-08.58.38:644][  0]LogNetVersion: CoopGame 1.0.0, NetCL: 5660361, EngineNetVer: 10, GameNetVer: 0 (Checksum: 3513699854)
[2020.07.27-08.58.38:959][  0]LogPackageLocalizationCache: Processed 9 localized package path(s) for 1 prioritized culture(s) in 0.023769 seconds
[2020.07.27-08.58.38:965][  0]LogUObjectArray: 41958 objects as part of root set at end of initial load.
[2020.07.27-08.58.38:965][  0]LogUObjectAllocator: 7284248 out of 0 bytes used by permanent object pool.
[2020.07.27-08.58.38:965][  0]LogUObjectArray: CloseDisregardForGC: 0/0 objects in disregard for GC pool
[2020.07.27-08.58.39:616][  0]LogTcpMessaging: Initializing TcpMessaging bridge
[2020.07.27-08.58.39:630][  0]LogUdpMessaging: Initializing bridge on interface 0.0.0.0:0 to multicast group 230.0.0.1:6666.
[2020.07.27-08.58.39:726][  0]SourceControl: Source control is disabled
[2020.07.27-08.58.39:727][  0]SourceControl: Source control is disabled
[2020.07.27-08.58.39:728][  0]SourceControl: Source control is disabled
[2020.07.27-08.58.39:729][  0]SourceControl: Source control is disabled
[2020.07.27-08.58.39:791][  0]LogAndroidPermission: UAndroidPermissionCallbackProxy::GetInstance
[2020.07.27-08.58.39:870][  0]LogOcInput: OculusInput pre-init called
[2020.07.27-08.58.40:402][  0]LogEngine: Initializing Engine...
[2020.07.27-08.58.40:403][  0]LogStats: UGameplayTagsManager::InitializeManager -  0.000 s
[2020.07.27-08.58.40:565][  0]LogInit: Initializing FReadOnlyCVARCache
[2020.07.27-08.58.40:576][  0]LogAIModule: Creating AISystem for world Untitled
[2020.07.27-08.58.40:603][  0]LogInit: XAudio2 using 'Altavoces (High Definition Audio Device)' : 2 channels at 48 kHz using 16 bits per sample (channel mask 0x3)
[2020.07.27-08.58.40:629][  0]LogInit: FAudioDevice initialized.
[2020.07.27-08.58.40:629][  0]LogNetVersion: Set ProjectVersion to 1.0.0.0. Version Checksum will be recalculated on next use.
[2020.07.27-08.58.40:665][  0]LogDerivedDataCache: Saved boot cache 0.04s 71MB C:/Users/alber/AppData/Local/UnrealEngine/4.22/DerivedDataCache/Boot.ddc.
[2020.07.27-08.58.40:673][  0]LogInit: Texture streaming: Enabled
[2020.07.27-08.58.40:691][  0]LogEngineSessionManager: EngineSessionManager initialized
[2020.07.27-08.58.40:691][  0]LogEngineSessionManager: EngineSessionManager sent abnormal shutdown report. Type=Crashed, SessionId={191DD3EC-4225-13F3-10DD-6DBCF9C04031}
[2020.07.27-08.58.40:707][  0]LogInit: Transaction tracking system initialized
[2020.07.27-08.58.40:728][  0]BlueprintLog: New page: Editor Load
[2020.07.27-08.58.40:797][  0]LocalizationService: Localization service is disabled
[2020.07.27-08.58.41:057][  0]LogFileCache: Scanning file cache for directory 'D:/GitHub/UnrealEngine/CoopGame/Content/' took 0.01s
[2020.07.27-08.58.41:057][  0]LogCook: Display: Max memory allowance for cook 16384mb min free memory 0mb
[2020.07.27-08.58.41:057][  0]LogCook: Display: Mobile HDR setting 1
[2020.07.27-08.58.41:195][  0]SourceControl: Source control is disabled
[2020.07.27-08.58.41:195][  0]Cmd: MAP LOAD FILE="D:/GitHub/UnrealEngine/CoopGame/Content/Maps/P_TestMap.umap" TEMPLATE=0 SHOWPROGRESS=1 FEATURELEVEL=3
[2020.07.27-08.58.41:195][  0]LightingResults: New page: Lighting Build
[2020.07.27-08.58.41:197][  0]MapCheck: New page: Map Check
[2020.07.27-08.58.41:197][  0]LightingResults: New page: Lighting Build
[2020.07.27-08.58.41:217][  0]LogUObjectHash: Compacting FUObjectHashTables data took   1.48ms
[2020.07.27-08.58.41:519][  0]LogAIModule: Creating AISystem for world P_TestMap
[2020.07.27-08.58.41:524][  0]LogEditorServer: Finished looking for orphan Actors (0.000 secs)
[2020.07.27-08.58.41:544][  0]LogUObjectHash: Compacting FUObjectHashTables data took   1.55ms
[2020.07.27-08.58.41:544][  0]Cmd: MAP CHECKDEP NOCLEARLOG
[2020.07.27-08.58.41:544][  0]MapCheck: Map check complete: 0 Error(s), 0 Warning(s), took 0,073ms to complete.
[2020.07.27-08.58.41:544][  0]LogFileHelpers: Loading map 'P_TestMap' took 0.348
[2020.07.27-08.58.41:633][  0]LogSlate: Updating window title bar state: overlay mode, drag disabled, window buttons hidden, title bar hidden
[2020.07.27-08.58.41:639][  0]LogSlate: Updating window title bar state: overlay mode, drag disabled, window buttons hidden, title bar hidden
[2020.07.27-08.58.41:644][  0]LogSlate: Updating window title bar state: overlay mode, drag disabled, window buttons hidden, title bar hidden
[2020.07.27-08.58.41:650][  0]LogSlate: Updating window title bar state: overlay mode, drag disabled, window buttons hidden, title bar hidden
[2020.07.27-08.58.41:655][  0]LogCollectionManager: Loaded 0 collections in 0.001285 seconds
[2020.07.27-08.58.41:670][  0]LogFileCache: Scanning file cache for directory 'D:/GitHub/UnrealEngine/CoopGame/Saved/Collections/' took 0.01s
[2020.07.27-08.58.41:670][  0]LogFileCache: Scanning file cache for directory 'D:/GitHub/UnrealEngine/CoopGame/Content/Developers/alber/Collections/' took 0.00s
[2020.07.27-08.58.41:670][  0]LogFileCache: Scanning file cache for directory 'D:/GitHub/UnrealEngine/CoopGame/Content/Collections/' took 0.00s
[2020.07.27-08.58.41:670][  0]LogCollectionManager: Rebuilt the GUID cache for 0 collections in 0.000000 seconds
[2020.07.27-08.58.41:677][  0]LogContentBrowser: Native class hierarchy populated in 0.0068 seconds. Added 2737 classes and 660 folders.
[2020.07.27-08.58.41:683][  0]LogContentBrowser: Native class hierarchy updated for 'WidgetCarousel' in 0.0003 seconds. Added 0 classes and 0 folders.
[2020.07.27-08.58.41:684][  0]LogPakFile: Registered encryption key '00000000000000000000000000000000': 0 pak files mounted, 0 remain pending
[2020.07.27-08.58.41:684][  0]LogPakFile: Registered encryption key '00000000000000000000000000000000': 0 pak files mounted, 0 remain pending
[2020.07.27-08.58.41:685][  0]LogPakFile: Registered encryption key '00000000000000000000000000000000': 0 pak files mounted, 0 remain pending
[2020.07.27-08.58.41:685][  0]LogPakFile: Registered encryption key '00000000000000000000000000000000': 0 pak files mounted, 0 remain pending
[2020.07.27-08.58.41:685][  0]LogPakFile: Registered encryption key '00000000000000000000000000000000': 0 pak files mounted, 0 remain pending
[2020.07.27-08.58.41:686][  0]LogPakFile: Registered encryption key '00000000000000000000000000000000': 0 pak files mounted, 0 remain pending
[2020.07.27-08.58.41:686][  0]LogPakFile: Registered encryption key '00000000000000000000000000000000': 0 pak files mounted, 0 remain pending
[2020.07.27-08.58.41:686][  0]LogPakFile: Registered encryption key '00000000000000000000000000000000': 0 pak files mounted, 0 remain pending
[2020.07.27-08.58.41:687][  0]LogPakFile: Registered encryption key '00000000000000000000000000000000': 0 pak files mounted, 0 remain pending
[2020.07.27-08.58.41:687][  0]LogPakFile: Registered encryption key '00000000000000000000000000000000': 0 pak files mounted, 0 remain pending
[2020.07.27-08.58.41:687][  0]LogPakFile: Registered encryption key '00000000000000000000000000000000': 0 pak files mounted, 0 remain pending
[2020.07.27-08.58.41:688][  0]LogPakFile: Registered encryption key '00000000000000000000000000000000': 0 pak files mounted, 0 remain pending
[2020.07.27-08.58.41:688][  0]LogPakFile: Registered encryption key '00000000000000000000000000000000': 0 pak files mounted, 0 remain pending
[2020.07.27-08.58.41:688][  0]LogPakFile: Registered encryption key '00000000000000000000000000000000': 0 pak files mounted, 0 remain pending
[2020.07.27-08.58.41:689][  0]LogPakFile: Registered encryption key '00000000000000000000000000000000': 0 pak files mounted, 0 remain pending
[2020.07.27-08.58.41:689][  0]LogPakFile: Registered encryption key '00000000000000000000000000000000': 0 pak files mounted, 0 remain pending
[2020.07.27-08.58.41:689][  0]LogPakFile: Registered encryption key '00000000000000000000000000000000': 0 pak files mounted, 0 remain pending
[2020.07.27-08.58.41:690][  0]LogPakFile: Registered encryption key '00000000000000000000000000000000': 0 pak files mounted, 0 remain pending
[2020.07.27-08.58.41:690][  0]LogPakFile: Registered encryption key '00000000000000000000000000000000': 0 pak files mounted, 0 remain pending
[2020.07.27-08.58.41:690][  0]LogPakFile: Registered encryption key '00000000000000000000000000000000': 0 pak files mounted, 0 remain pending
[2020.07.27-08.58.41:691][  0]LogPakFile: Registered encryption key '00000000000000000000000000000000': 0 pak files mounted, 0 remain pending
[2020.07.27-08.58.41:691][  0]LogPakFile: Registered encryption key '00000000000000000000000000000000': 0 pak files mounted, 0 remain pending
[2020.07.27-08.58.41:691][  0]LogPakFile: Registered encryption key '00000000000000000000000000000000': 0 pak files mounted, 0 remain pending
[2020.07.27-08.58.41:692][  0]LogPakFile: Registered encryption key '00000000000000000000000000000000': 0 pak files mounted, 0 remain pending
[2020.07.27-08.58.41:692][  0]LogPakFile: Registered encryption key '00000000000000000000000000000000': 0 pak files mounted, 0 remain pending
[2020.07.27-08.58.41:692][  0]LogPakFile: Registered encryption key '00000000000000000000000000000000': 0 pak files mounted, 0 remain pending
[2020.07.27-08.58.41:713][  0]LogContentBrowser: Native class hierarchy updated for 'AddContentDialog' in 0.0003 seconds. Added 0 classes and 0 folders.
[2020.07.27-08.58.41:718][  0]LogContentBrowser: Native class hierarchy updated for 'SceneOutliner' in 0.0003 seconds. Added 1 classes and 2 folders.
[2020.07.27-08.58.41:771][  0]LogSlate: Took 0.000126 seconds to synchronously load lazily loaded font '../../../Engine/Content/Slate/Fonts/Roboto-Regular.ttf' (155K)
[2020.07.27-08.58.41:772][  0]LogSlate: Took 0.000147 seconds to synchronously load lazily loaded font '../../../Engine/Content/Slate/Fonts/Roboto-Bold.ttf' (160K)
[2020.07.27-08.58.41:776][  0]LogSlate: Took 0.000139 seconds to synchronously load lazily loaded font '../../../Engine/Content/Editor/Slate/Fonts/FontAwesome.ttf' (139K)
[2020.07.27-08.58.41:823][  0]LogRenderer: Reallocating scene render targets to support 1208x612 Format 10 NumSamples 1 (Frame:1).
[2020.07.27-08.58.41:915][  0]LogContentBrowser: Native class hierarchy updated for 'HierarchicalLODOutliner' in 0.0003 seconds. Added 0 classes and 0 folders.
[2020.07.27-08.58.41:915][  0]LogLoad: (Engine Initialization) Total time: 6.70 seconds
[2020.07.27-08.58.41:916][  0]LogLoad: (Engine Initialization) Total Blueprint compile time: 0.00 seconds
[2020.07.27-08.58.41:941][  0]LogAssetRegistry: Asset discovery search completed in 3.7069 seconds
[2020.07.27-08.58.41:942][  0]LogCollectionManager: Rebuilt the object cache for 0 collections in 0.000000 seconds (found 0 objects)
[2020.07.27-08.58.41:942][  0]LogCollectionManager: Fixed up redirectors for 0 collections in 0.000048 seconds (updated 0 objects)
[2020.07.27-08.58.41:943][  0]LogContentStreaming: Texture pool size now 1000 MB
[2020.07.27-08.58.41:970][  0]LogSlate: Took 0.000102 seconds to synchronously load lazily loaded font '../../../Engine/Content/Slate/Fonts/Roboto-Light.ttf' (167K)
[2020.07.27-08.58.54:149][452]LogSlate: FSceneViewport::OnFocusLost() reason 0
[2020.07.27-08.58.54:218][460]LogVSAccessor: Warning: Couldn't access Visual Studio
[2020.07.27-08.58.54:220][460]Candidate modules for hot reload:
[2020.07.27-08.58.54:220][460]  CoopGame
[2020.07.27-08.58.54:220][460]Launching UnrealBuildTool... [C:/Program Files/Epic Games/UE_4.22/Engine/Binaries/DotNET/UnrealBuildTool.exe  -ModuleWithSuffix=CoopGame,2060 Win64 Development -TargetType=Editor -Project="D:/GitHub/UnrealEngine/CoopGame/CoopGame.uproject" "D:/GitHub/UnrealEngine/CoopGame/CoopGame.uproject"  -IgnoreJunk]
[2020.07.27-08.58.54:223][460]Warning: Starting HotReload took  0.0s.
[2020.07.27-08.59.02:522][450]CompilerResultsLog: New page: Compilation - 27/7/2020 12:59:02
[2020.07.27-08.59.02:522][450]CompilerResultsLog: Using 'git status' to determine working set for adaptive non-unity build (D:\GitHub\UnrealEngine).
[2020.07.27-08.59.02:522][450]CompilerResultsLog: Creating makefile for CoopGameEditor (ini files are newer than makefile)
[2020.07.27-08.59.02:522][450]CompilerResultsLog: Parsing headers for CoopGameEditor
[2020.07.27-08.59.02:522][450]CompilerResultsLog:   Running UnrealHeaderTool "D:\GitHub\UnrealEngine\CoopGame\CoopGame.uproject" "D:\GitHub\UnrealEngine\CoopGame\Intermediate\Build\Win64\CoopGameEditor\Development\CoopGameEditor.uhtmanifest" -LogCmds="loginit warning, logexit warning, logdatabase error" -Unattended -WarningsAsErrors -installed
[2020.07.27-08.59.02:522][450]CompilerResultsLog: Reflection code generated for CoopGameEditor in 5,2564902 seconds
[2020.07.27-08.59.02:522][450]CompilerResultsLog: Error: D:\GitHub\UnrealEngine\CoopGame\Source\CoopGame\Private\Components\SHealthComponent.cpp(1) : error: Expected SHealthComponent.h to be first header included.
[2020.07.27-08.59.02:522][450]CompilerResultsLog: Using Visual Studio 2017 14.16.27023 toolchain (C:\Program Files (x86)\Microsoft Visual Studio\2017\Enterprise\VC\Tools\MSVC\14.16.27023) and Windows 10.0.17763.0 SDK (C:\Program Files (x86)\Windows Kits\10).
[2020.07.27-08.59.02:522][450]CompilerResultsLog: Building 3 actions with 8 processes...
[2020.07.27-08.59.02:522][450]CompilerResultsLog:   [1/3] UE4Editor-CoopGame-2060.lib
[2020.07.27-08.59.02:522][450]CompilerResultsLog:      Creating library D:\GitHub\UnrealEngine\CoopGame\Intermediate\Build\Win64\UE4Editor\Development\CoopGame\UE4Editor-CoopGame-2060.lib and object D:\GitHub\UnrealEngine\CoopGame\Intermediate\Build\Win64\UE4Editor\Development\CoopGame\UE4Editor-CoopGame-2060.exp
[2020.07.27-08.59.02:522][450]CompilerResultsLog:   [2/3] UE4Editor-CoopGame-2060.dll
[2020.07.27-08.59.02:522][450]CompilerResultsLog:      Creating library D:\GitHub\UnrealEngine\CoopGame\Intermediate\Build\Win64\UE4Editor\Development\CoopGame\UE4Editor-CoopGame-2060.suppressed.lib and object D:\GitHub\UnrealEngine\CoopGame\Intermediate\Build\Win64\UE4Editor\Development\CoopGame\UE4Editor-CoopGame-2060.suppressed.exp
[2020.07.27-08.59.02:522][450]CompilerResultsLog:   [3/3] CoopGameEditor.target
[2020.07.27-08.59.02:522][450]CompilerResultsLog: Total time in Parallel executor: 1,19 seconds
[2020.07.27-08.59.02:522][450]CompilerResultsLog: Total execution time: 8,21 seconds
[2020.07.27-08.59.02:522][450]LogMainFrame: MainFrame: Module compiling took 8.305 seconds
[2020.07.27-08.59.02:541][450]LogUObjectHash: Compacting FUObjectHashTables data took   0.50ms
[2020.07.27-08.59.02:561][450]LogClass: HitScanTrace HotReload.
[2020.07.27-08.59.02:566][450]LogContentBrowser: Native class hierarchy updated for 'CoopGame' in 0.0003 seconds. Added 8 classes and 6 folders.
[2020.07.27-08.59.02:569][450]Display: HotReload successful (6 functions remapped  1 scriptstructs remapped)
[2020.07.27-08.59.02:677][450]LogUObjectHash: Compacting FUObjectHashTables data took   0.96ms
[2020.07.27-08.59.02:686][450]LogContentBrowser: Native class hierarchy populated in 0.0063 seconds. Added 2738 classes and 662 folders.
[2020.07.27-08.59.02:686][450]Display: HotReload took  8.5s.
[2020.07.27-08.59.04:251][637]LogTemp: Repeating last play command: Selected Viewport
[2020.07.27-08.59.04:264][637]LogBlueprintUserMessages: Early PlayInEditor Detection: Level '/Game/Maps/P_TestMap.P_TestMap:PersistentLevel' has LevelScriptBlueprint '/Game/Maps/P_TestMap.P_TestMap:PersistentLevel.P_TestMap' with GeneratedClass '/Game/Maps/P_TestMap.P_TestMap_C' with ClassGeneratedBy '/Game/Maps/P_TestMap.P_TestMap:PersistentLevel.P_TestMap'
[2020.07.27-08.59.04:264][637]LogPlayLevel: PlayLevel: No blueprints needed recompiling
[2020.07.27-08.59.04:264][637]PIE: New page: PIE session: P_TestMap (27/7/2020 12:59:04)
[2020.07.27-08.59.04:276][637]LogPlayLevel: Creating play world package: /Game/Maps/UEDPIE_1_P_TestMap
[2020.07.27-08.59.04:279][637]LogPlayLevel: PIE: StaticDuplicateObject took: (0.002894s)
[2020.07.27-08.59.04:280][637]LogAIModule: Creating AISystem for world P_TestMap
[2020.07.27-08.59.04:280][637]LogPlayLevel: PIE: World Init took: (0.000736s)
[2020.07.27-08.59.04:280][637]LogPlayLevel: PIE: Created PIE world by copying editor world from /Game/Maps/P_TestMap.P_TestMap to /Game/Maps/UEDPIE_1_P_TestMap.P_TestMap (0.003919s)
[2020.07.27-08.59.04:298][637]LogUObjectHash: Compacting FUObjectHashTables data took   0.83ms
[2020.07.27-08.59.04:314][637]LogInit: XAudio2 using 'Altavoces (High Definition Audio Device)' : 2 channels at 48 kHz using 16 bits per sample (channel mask 0x3)
[2020.07.27-08.59.04:324][637]LogInit: FAudioDevice initialized.
[2020.07.27-08.59.04:365][637]LogLoad: Game class is 'BP_TestGameMode_C'
[2020.07.27-08.59.04:366][637]LogWorld: Bringing World /Game/Maps/UEDPIE_1_P_TestMap.P_TestMap up for play (max tick rate 0) at 2020.07.27-10.59.04
[2020.07.27-08.59.04:367][637]LogWorld: Bringing up level for play took: 0.001126
[2020.07.27-08.59.04:397][637]LogContentBrowser: Native class hierarchy updated for 'MovieSceneCapture' in 0.0003 seconds. Added 20 classes and 0 folders.
[2020.07.27-08.59.04:398][637]LogTemp: Display: ParseSettings for GameNetDriver
[2020.07.27-08.59.04:398][637]LogTemp: Display: ParseSettings for IpNetDriver_0
[2020.07.27-08.59.04:398][637]LogTemp: Display: ParseSettings for GameNetDriver
[2020.07.27-08.59.04:398][637]LogNet: ReplicationDriverClass is null! Not using ReplicationDriver.
[2020.07.27-08.59.04:398][637]PacketHandlerLog: DDoS detection status: detection enabled: 0 analytics enabled: 0
[2020.07.27-08.59.04:398][637]LogInit: WinSock: Socket queue 131072 / 131072
[2020.07.27-08.59.04:400][637]LogInit: WinSock: I am DESKTOP-MQ854L0 (192.168.1.37:0)
[2020.07.27-08.59.04:400][637]PacketHandlerLog: Loaded PacketHandler component: Engine.EngineHandlerComponentFactory (StatelessConnectHandlerComponent)
[2020.07.27-08.59.04:400][637]LogNet: GameNetDriver IpNetDriver_0 IpNetDriver listening on port 17777
[2020.07.27-08.59.04:401][637]PIE: Play in editor start time for /Game/Maps/UEDPIE_1_P_TestMap -0,033
[2020.07.27-08.59.04:404][637]LogSlate: FSceneViewport::OnFocusLost() reason 2
[2020.07.27-08.59.04:408][637]LogSlate: Updating window title bar state: overlay mode, drag disabled, window buttons hidden, title bar hidden
[2020.07.27-08.59.04:437][637]LogNet: Browse: 127.0.0.1:17777//Game/Maps/P_TestMap
[2020.07.27-08.59.04:437][637]LogTemp: Display: ParseSettings for GameNetDriver
[2020.07.27-08.59.04:437][637]LogTemp: Display: ParseSettings for IpNetDriver_1
[2020.07.27-08.59.04:437][637]LogTemp: Display: ParseSettings for PendingNetDriver
[2020.07.27-08.59.04:437][637]LogInit: WinSock: Socket queue 32768 / 32768
[2020.07.27-08.59.04:438][637]PacketHandlerLog: Loaded PacketHandler component: Engine.EngineHandlerComponentFactory (StatelessConnectHandlerComponent)
[2020.07.27-08.59.04:438][637]LogNet: Game client on port 17777, rate 10000
[2020.07.27-08.59.04:440][637]PIE: Play in editor start time for /Game/Maps/P_TestMap 0,005
[2020.07.27-08.59.04:442][637]LogBlueprintUserMessages: Late PlayInEditor Detection: Level '/Game/Maps/P_TestMap.P_TestMap:PersistentLevel' has LevelScriptBlueprint '/Game/Maps/P_TestMap.P_TestMap:PersistentLevel.P_TestMap' with GeneratedClass '/Game/Maps/P_TestMap.P_TestMap_C' with ClassGeneratedBy '/Game/Maps/P_TestMap.P_TestMap:PersistentLevel.P_TestMap'
[2020.07.27-08.59.04:442][637]LogNet: NotifyAcceptingConnection accepted from: 127.0.0.1:62820
[2020.07.27-08.59.04:442][637]LogHandshake: SendConnectChallenge. Timestamp: 0.008334, Cookie: 067115146195235032061144137066145087129223223169078140084045
[2020.07.27-08.59.04:446][637]LogHandshake: SendChallengeResponse. Timestamp: 0.008334, Cookie: 067115146195235032061144137066145087129223223169078140084045
[2020.07.27-08.59.04:475][638]LogNet: NotifyAcceptingConnection accepted from: 127.0.0.1:62820
[2020.07.27-08.59.04:475][638]LogHandshake: SendChallengeAck. InCookie: 067115146195235032061144137066145087129223223169078140084045
[2020.07.27-08.59.04:475][638]LogNet: Server accepting post-challenge connection from: 127.0.0.1:62820
[2020.07.27-08.59.04:476][638]PacketHandlerLog: Loaded PacketHandler component: Engine.EngineHandlerComponentFactory (StatelessConnectHandlerComponent)
[2020.07.27-08.59.04:476][638]LogNet: NotifyAcceptedConnection: Name: P_TestMap, TimeStamp: 07/27/20 10:59:04, [UNetConnection] RemoteAddr: 127.0.0.1:62820, Name: IpConnection_1, Driver: GameNetDriver IpNetDriver_0, IsServer: YES, PC: NULL, Owner: NULL, UniqueId: INVALID
[2020.07.27-08.59.04:476][638]LogNet: AddClientConnection: Added client connection: [UNetConnection] RemoteAddr: 127.0.0.1:62820, Name: IpConnection_1, Driver: GameNetDriver IpNetDriver_0, IsServer: YES, PC: NULL, Owner: NULL, UniqueId: INVALID
[2020.07.27-08.59.04:477][638]LogNetVersion: CoopGame 1.0.0.0, NetCL: 5660361, EngineNetVer: 10, GameNetVer: 0 (Checksum: 2350530410)
[2020.07.27-08.59.04:477][638]LogNet: UPendingNetGame::SendInitialJoin: Sending hello. [UNetConnection] RemoteAddr: 127.0.0.1:17777, Name: IpConnection_0, Driver: PendingNetDriver IpNetDriver_1, IsServer: NO, PC: NULL, Owner: NULL, UniqueId: INVALID
[2020.07.27-08.59.04:483][639]LogNet: NotifyAcceptingChannel Control 0 server World /Game/Maps/UEDPIE_1_P_TestMap.P_TestMap: Accepted
[2020.07.27-08.59.04:483][639]LogNet: Remote platform little endian=1
[2020.07.27-08.59.04:483][639]LogNet: This platform little endian=1
[2020.07.27-08.59.04:500][640]LogNet: Login request: /Game/Maps/P_TestMap?Name=DESKTOP-MQ854L0-3F15F0E7408F78278BC6F7868D0C6BDB userId: NULL:DESKTOP-MQ854L0-3F15F0E7408F78278BC6F7868D0C6BDB platform: NULL
[2020.07.27-08.59.04:501][640]LogNet: Welcomed by server (Level: /Game/Maps/UEDPIE_1_P_TestMap, Game: /Game/Blueprints/BP_TestGameMode.BP_TestGameMode_C)
[2020.07.27-08.59.04:503][640]LogLoad: LoadMap: 127.0.0.1:17777//Game/Maps/UEDPIE_1_P_TestMap?game=/Game/Blueprints/BP_TestGameMode.BP_TestGameMode_C
[2020.07.27-08.59.04:523][640]LogUObjectHash: Compacting FUObjectHashTables data took   1.14ms
[2020.07.27-08.59.04:527][640]LogAIModule: Creating AISystem for world P_TestMap
[2020.07.27-08.59.04:527][640]LogTemp: Display: ParseSettings for GameNetDriver
[2020.07.27-08.59.04:528][640]LogWorld: Bringing World /Game/Maps/UEDPIE_2_P_TestMap.P_TestMap up for play (max tick rate 0) at 2020.07.27-10.59.04
[2020.07.27-08.59.04:528][640]LogWorld: Bringing up level for play took: 0.000857
[2020.07.27-08.59.04:529][640]LogLoad: Took 0.025458 seconds to LoadMap(/Game/Maps/UEDPIE_1_P_TestMap)
[2020.07.27-08.59.04:540][641]LogNet: Client netspeed is 10000
[2020.07.27-08.59.04:540][641]LogNet: Join request: /Game/Maps/P_TestMap?Name=DESKTOP-MQ854L0-3F15F0E7408F78278BC6F7868D0C6BDB?SplitscreenCount=1
[2020.07.27-08.59.04:540][641]LogOnlineSession: Warning: OSS: No game present to join for session (GameSession)
[2020.07.27-08.59.04:542][641]LogNet: Join succeeded: DESKTOP-MQ854L0-3F15
[2020.07.27-08.59.04:616][649]LogOnlineSession: Warning: OSS: No game present to join for session (GameSession)
[2020.07.27-08.59.05:806][658]LogWindows: Error: === Critical error: ===
[2020.07.27-08.59.05:806][658]LogWindows: Error: 
[2020.07.27-08.59.05:806][658]LogWindows: Error: Fatal error!
[2020.07.27-08.59.05:806][658]LogWindows: Error: 
[2020.07.27-08.59.05:806][658]LogWindows: Error: Unhandled Exception: EXCEPTION_ACCESS_VIOLATION reading address 0x00000050
[2020.07.27-08.59.05:806][658]LogWindows: Error: 
[2020.07.27-08.59.05:806][658]LogWindows: Error: [Callstack] 0x00007ff9042f9101 UE4Editor-CoopGame-2060.dll!ASTrackerBot::GetNextPathPoint() [d:\github\unrealengine\coopgame\source\coopgame\private\strackerbot.cpp:43]
[2020.07.27-08.59.05:806][658]LogWindows: Error: [Callstack] 0x00007ff9042f902c UE4Editor-CoopGame-2060.dll!ASTrackerBot::BeginPlay() [d:\github\unrealengine\coopgame\source\coopgame\private\strackerbot.cpp:33]
[2020.07.27-08.59.05:806][658]LogWindows: Error: [Callstack] 0x00007ff918451af6 UE4Editor-Engine.dll!UnknownFunction []
[2020.07.27-08.59.05:806][658]LogWindows: Error: [Callstack] 0x00007ff91956cb99 UE4Editor-Engine.dll!UnknownFunction []
[2020.07.27-08.59.05:806][658]LogWindows: Error: [Callstack] 0x00007ff918ade6ec UE4Editor-Engine.dll!UnknownFunction []
[2020.07.27-08.59.05:806][658]LogWindows: Error: [Callstack] 0x00007ff930f5bac8 UE4Editor-CoreUObject.dll!UnknownFunction []
[2020.07.27-08.59.05:806][658]LogWindows: Error: [Callstack] 0x00007ff93116df07 UE4Editor-CoreUObject.dll!UnknownFunction []
[2020.07.27-08.59.05:806][658]LogWindows: Error: [Callstack] 0x00007ff918479ff3 UE4Editor-Engine.dll!UnknownFunction []
[2020.07.27-08.59.05:807][658]LogWindows: Error: [Callstack] 0x00007ff9190a2284 UE4Editor-Engine.dll!UnknownFunction []
[2020.07.27-08.59.05:807][658]LogWindows: Error: [Callstack] 0x00007ff918941350 UE4Editor-Engine.dll!UnknownFunction []
[2020.07.27-08.59.05:807][658]LogWindows: Error: [Callstack] 0x00007ff9189601de UE4Editor-Engine.dll!UnknownFunction []
[2020.07.27-08.59.05:807][658]LogWindows: Error: [Callstack] 0x00007ff91896781c UE4Editor-Engine.dll!UnknownFunction []
[2020.07.27-08.59.05:807][658]LogWindows: Error: [Callstack] 0x00007ff91896bc79 UE4Editor-Engine.dll!UnknownFunction []
[2020.07.27-08.59.05:807][658]LogWindows: Error: [Callstack] 0x00007ff91896a4a3 UE4Editor-Engine.dll!UnknownFunction []
[2020.07.27-08.59.05:807][658]LogWindows: Error: [Callstack] 0x00007ff91896b949 UE4Editor-Engine.dll!UnknownFunction []
[2020.07.27-08.59.05:807][658]LogWindows: Error: [Callstack] 0x00007ff918e12978 UE4Editor-Engine.dll!UnknownFunction []
[2020.07.27-08.59.05:807][658]LogWindows: Error: [Callstack] 0x00007ff918e13dc1 UE4Editor-Engine.dll!UnknownFunction []
[2020.07.27-08.59.05:807][658]LogWindows: Error: [Callstack] 0x00007ff910dfea69 UE4Editor-OnlineSubsystemUtils.dll!UnknownFunction []
[2020.07.27-08.59.05:807][658]LogWindows: Error: [Callstack] 0x00007ff918e419af UE4Editor-Engine.dll!UnknownFunction []
[2020.07.27-08.59.05:807][658]LogWindows: Error: [Callstack] 0x00007ff9183a7d7e UE4Editor-Engine.dll!UnknownFunction []
[2020.07.27-08.59.05:807][658]LogWindows: Error: [Callstack] 0x00007ff918c96ac3 UE4Editor-Engine.dll!UnknownFunction []
[2020.07.27-08.59.05:807][658]LogWindows: Error: [Callstack] 0x00007ff916fe02f7 UE4Editor-UnrealEd.dll!UnknownFunction []
[2020.07.27-08.59.05:807][658]LogWindows: Error: [Callstack] 0x00007ff9177fd396 UE4Editor-UnrealEd.dll!UnknownFunction []
[2020.07.27-08.59.05:807][658]LogWindows: Error: [Callstack] 0x00007ff635f86bb1 UE4Editor.exe!UnknownFunction []
[2020.07.27-08.59.05:807][658]LogWindows: Error: [Callstack] 0x00007ff635f9554c UE4Editor.exe!UnknownFunction []
[2020.07.27-08.59.05:807][658]LogWindows: Error: [Callstack] 0x00007ff635f955ca UE4Editor.exe!UnknownFunction []
[2020.07.27-08.59.05:807][658]LogWindows: Error: [Callstack] 0x00007ff635fa316c UE4Editor.exe!UnknownFunction []
[2020.07.27-08.59.05:807][658]LogWindows: Error: [Callstack] 0x00007ff635fa5b8e UE4Editor.exe!UnknownFunction []
[2020.07.27-08.59.05:807][658]LogWindows: Error: [Callstack] 0x00007ff9750e7bd4 KERNEL32.DLL!UnknownFunction []
[2020.07.27-08.59.05:807][658]LogWindows: Error: [Callstack] 0x00007ff97562ce51 ntdll.dll!UnknownFunction []
[2020.07.27-08.59.05:807][658]LogWindows: Error: 
[2020.07.27-08.59.05:816][658]LogExit: Executing StaticShutdownAfterError
[2020.07.27-08.59.05:818][658]LogWindows: FPlatformMisc::RequestExit(1)
[2020.07.27-08.59.05:876][658]Log file closed, 07/27/20 10:59:05
